<?xml version="1.0" encoding="utf-8"?><testsuites name="pytest tests"><testsuite name="pytest" errors="0" failures="0" skipped="0" tests="21" time="9.117" timestamp="2026-02-13T22:17:55.206076+00:00" hostname="agent-env-8b28fcdc-6d1e-4d8e-acac-ae6311156091"><testcase classname="tests.test_providers.TestProviderAuth" name="test_list_providers_requires_auth" time="0.449" /><testcase classname="tests.test_providers.TestProviderAuth" name="test_create_provider_requires_admin" time="0.257" /><testcase classname="tests.test_providers.TestProviderCRUD" name="test_create_provider_zr7" time="0.294" /><testcase classname="tests.test_providers.TestProviderCRUD" name="test_create_provider_mdl" time="0.598" /><testcase classname="tests.test_providers.TestProviderCRUD" name="test_create_provider_slug_uniqueness" time="0.368" /><testcase classname="tests.test_providers.TestProviderCRUD" name="test_list_providers" time="0.358" /><testcase classname="tests.test_providers.TestProviderCRUD" name="test_list_providers_filter_by_entity" time="0.651" /><testcase classname="tests.test_providers.TestProviderCRUD" name="test_get_single_provider" time="0.390" /><testcase classname="tests.test_providers.TestProviderCRUD" name="test_get_nonexistent_provider" time="0.187" /><testcase classname="tests.test_providers.TestProviderCRUD" name="test_update_provider" time="0.547" /><testcase classname="tests.test_providers.TestProviderCRUD" name="test_delete_provider" time="0.485" /><testcase classname="tests.test_providers.TestProviderCRUD" name="test_delete_nonexistent_provider" time="0.269" /><testcase classname="tests.test_providers.TestProviderKeyRotation" name="test_rotate_api_key" time="0.477" /><testcase classname="tests.test_providers.TestProviderKeyRotation" name="test_rotate_key_nonexistent_provider" time="0.250" /><testcase classname="tests.test_providers.TestProviderLeadSubmission" name="test_lead_with_provider_key_in_header" time="0.471" /><testcase classname="tests.test_providers.TestProviderLeadSubmission" name="test_lead_with_provider_key_in_body" time="0.504" /><testcase classname="tests.test_providers.TestProviderLeadSubmission" name="test_lead_with_provider_key_raw_header" time="0.642" /><testcase classname="tests.test_providers.TestProviderLeadSubmission" name="test_lead_without_provider_key" time="0.627" /><testcase classname="tests.test_providers.TestProviderLeadSubmission" name="test_lead_with_invalid_provider_key" time="0.260" /><testcase classname="tests.test_providers.TestProviderLeadSubmission" name="test_lead_with_inactive_provider_key" time="0.524" /><testcase classname="tests.test_providers.TestEntityLockedBehavior" name="test_provider_entity_becomes_lead_entity" time="0.401" /></testsuite></testsuites>