<?xml version="1.0" encoding="utf-8"?><testsuites name="pytest tests"><testsuite name="pytest" errors="0" failures="0" skipped="0" tests="12" time="3.886" timestamp="2026-02-10T11:31:24.745883+00:00" hostname="agent-env-5da07e36-6ec5-4733-9d7f-d07875285661"><testcase classname="backend.tests.test_lead_schema_no_code_postal.TestSessionCreation" name="test_create_session_success" time="0.081" /><testcase classname="backend.tests.test_lead_schema_no_code_postal.TestSessionCreation" name="test_create_session_minimal" time="0.036" /><testcase classname="backend.tests.test_lead_schema_no_code_postal.TestEventTracking" name="test_track_lp_visit_event" time="0.081" /><testcase classname="backend.tests.test_lead_schema_no_code_postal.TestEventTracking" name="test_track_cta_click_event" time="0.075" /><testcase classname="backend.tests.test_lead_schema_no_code_postal.TestEventTracking" name="test_track_event_invalid_session" time="0.078" /><testcase classname="backend.tests.test_lead_schema_no_code_postal.TestLeadSubmissionNoCodPostal" name="test_submit_lead_with_departement_no_code_postal" time="0.592" /><testcase classname="backend.tests.test_lead_schema_no_code_postal.TestLeadSubmissionNoCodPostal" name="test_submit_lead_departement_only" time="0.423" /><testcase classname="backend.tests.test_lead_schema_no_code_postal.TestLeadSubmissionNoCodPostal" name="test_lead_data_model_no_code_postal_field" time="0.408" /><testcase classname="backend.tests.test_lead_schema_no_code_postal.TestLeadSubmissionNoCodPostal" name="test_phone_validation" time="1.083" /><testcase classname="backend.tests.test_lead_schema_no_code_postal.TestLeadVerificationInDatabase" name="test_verify_lead_has_departement_no_code_postal" time="0.420" /><testcase classname="backend.tests.test_lead_schema_no_code_postal.TestLeadSenderNoCodPostal" name="test_lead_submission_crm_payload_structure" time="0.412" /><testcase classname="backend.tests.test_lead_schema_no_code_postal.TestFormCodeValidation" name="test_invalid_form_code" time="0.072" /></testsuite></testsuites>