<?xml version="1.0" encoding="utf-8"?><testsuites name="pytest tests"><testsuite name="pytest" errors="0" failures="0" skipped="1" tests="17" time="4.453" timestamp="2026-02-14T03:20:52.274016+00:00" hostname="agent-env-310e727d-300d-4de5-96b9-41270a0352f2"><testcase classname="tests.test_leads_remove_feature.TestLeadsListEndpoint" name="test_leads_list_basic" time="0.444" /><testcase classname="tests.test_leads_remove_feature.TestLeadsListEndpoint" name="test_leads_list_filter_entity_zr7" time="0.115" /><testcase classname="tests.test_leads_remove_feature.TestLeadsListEndpoint" name="test_leads_list_filter_status" time="0.117" /><testcase classname="tests.test_leads_remove_feature.TestLeadsListEndpoint" name="test_leads_list_filter_produit" time="0.153" /><testcase classname="tests.test_leads_remove_feature.TestLeadsListEndpoint" name="test_leads_list_filter_departement" time="0.105" /><testcase classname="tests.test_leads_remove_feature.TestLeadsListEndpoint" name="test_leads_list_search" time="0.130" /><testcase classname="tests.test_leads_remove_feature.TestLeadsListEndpoint" name="test_leads_list_pagination" time="0.243" /><testcase classname="tests.test_leads_remove_feature.TestLeadDetailEndpoint" name="test_lead_detail_with_deliveries" time="0.368" /><testcase classname="tests.test_leads_remove_feature.TestLeadDetailEndpoint" name="test_lead_not_found" time="0.117" /><testcase classname="tests.test_leads_remove_feature.TestDeliveryStats" name="test_delivery_stats_includes_removed" time="0.278" /><testcase classname="tests.test_leads_remove_feature.TestRemoveLeadFromDelivery" name="test_remove_lead_guards_non_sent_delivery" time="0.283"><skipped type="pytest.skip" message="No pending_csv deliveries to test guard">/app/backend/tests/test_leads_remove_feature.py:248: No pending_csv deliveries to test guard</skipped></testcase><testcase classname="tests.test_leads_remove_feature.TestRemoveLeadFromDelivery" name="test_remove_lead_guards_rejected_delivery" time="0.243" /><testcase classname="tests.test_leads_remove_feature.TestRemoveLeadFromDelivery" name="test_remove_lead_valid_reasons" time="0.106" /><testcase classname="tests.test_leads_remove_feature.TestRemoveLeadFromDelivery" name="test_remove_lead_full_flow" time="0.720" /><testcase classname="tests.test_leads_remove_feature.TestRemoveLeadFromDelivery" name="test_remove_idempotent" time="0.466" /><testcase classname="tests.test_leads_remove_feature.TestDeliveriesListRemovedBadge" name="test_deliveries_list_shows_outcome" time="0.229" /><testcase classname="tests.test_leads_remove_feature.TestLeadStats" name="test_lead_stats_by_status" time="0.241" /></testsuite></testsuites>