<?xml version="1.0" encoding="utf-8"?><testsuites name="pytest tests"><testsuite name="pytest" errors="0" failures="0" skipped="0" tests="40" time="4.559" timestamp="2026-02-14T12:57:07.613711+00:00" hostname="agent-env-abd195c3-2c82-4e0b-9fd1-92cad3302970"><testcase classname="tests.test_billing_pricing_engine.TestProducts" name="test_get_products_returns_seeded" time="0.384" /><testcase classname="tests.test_billing_pricing_engine.TestProducts" name="test_create_product" time="0.174" /><testcase classname="tests.test_billing_pricing_engine.TestProducts" name="test_create_duplicate_product_fails" time="0.053" /><testcase classname="tests.test_billing_pricing_engine.TestClientPricing" name="test_get_client_pricing" time="0.116" /><testcase classname="tests.test_billing_pricing_engine.TestClientPricing" name="test_update_global_discount" time="0.117" /><testcase classname="tests.test_billing_pricing_engine.TestClientPricing" name="test_upsert_product_pricing_weekly_invoice" time="0.166" /><testcase classname="tests.test_billing_pricing_engine.TestClientPricing" name="test_upsert_product_pricing_prepaid" time="0.186" /><testcase classname="tests.test_billing_pricing_engine.TestClientPricing" name="test_invalid_billing_mode_rejected" time="0.055" /><testcase classname="tests.test_billing_pricing_engine.TestClientPricing" name="test_delete_product_pricing" time="0.195" /><testcase classname="tests.test_billing_pricing_engine.TestBillingCredits" name="test_add_credit_valid" time="0.068" /><testcase classname="tests.test_billing_pricing_engine.TestBillingCredits" name="test_add_credit_invalid_reason_rejected" time="0.059" /><testcase classname="tests.test_billing_pricing_engine.TestBillingCredits" name="test_list_credits" time="0.050" /><testcase classname="tests.test_billing_pricing_engine.TestBillingCredits" name="test_list_credits_by_week" time="0.069" /><testcase classname="tests.test_billing_pricing_engine.TestBillingCredits" name="test_delete_credit_not_applied" time="0.154" /><testcase classname="tests.test_billing_pricing_engine.TestPrepaymentBalances" name="test_get_prepayment_balances" time="0.050" /><testcase classname="tests.test_billing_pricing_engine.TestPrepaymentBalances" name="test_add_prepayment_units" time="0.156" /><testcase classname="tests.test_billing_pricing_engine.TestBillingWeekDashboard" name="test_get_billing_week_current" time="0.063" /><testcase classname="tests.test_billing_pricing_engine.TestBillingWeekDashboard" name="test_get_billing_week_specific" time="0.072" /><testcase classname="tests.test_billing_pricing_engine.TestBillingWeekDashboard" name="test_billing_dashboard_separates_billing_modes" time="0.055" /><testcase classname="tests.test_billing_pricing_engine.TestBillingWeekDashboard" name="test_billing_row_structure" time="0.060" /><testcase classname="tests.test_billing_pricing_engine.TestBillingLedger" name="test_build_ledger_new_week" time="0.053" /><testcase classname="tests.test_billing_pricing_engine.TestBillingLedger" name="test_build_ledger_blocked_if_frozen" time="0.108" /><testcase classname="tests.test_billing_pricing_engine.TestInvoiceGeneration" name="test_generate_invoices" time="0.156" /><testcase classname="tests.test_billing_pricing_engine.TestInvoiceGeneration" name="test_list_invoices" time="0.095" /><testcase classname="tests.test_billing_pricing_engine.TestInvoiceGeneration" name="test_list_invoices_filtered" time="0.103" /><testcase classname="tests.test_billing_pricing_engine.TestInvoiceWorkflow" name="test_freeze_invoice_from_draft" time="0.124" /><testcase classname="tests.test_billing_pricing_engine.TestInvoiceWorkflow" name="test_cannot_freeze_non_draft" time="0.106" /><testcase classname="tests.test_billing_pricing_engine.TestInvoiceWorkflow" name="test_mark_sent_from_frozen" time="0.104" /><testcase classname="tests.test_billing_pricing_engine.TestInvoiceWorkflow" name="test_cannot_send_non_frozen" time="0.113" /><testcase classname="tests.test_billing_pricing_engine.TestInvoiceWorkflow" name="test_mark_paid" time="0.109" /><testcase classname="tests.test_billing_pricing_engine.TestInvoiceWorkflow" name="test_cannot_pay_draft" time="0.106" /><testcase classname="tests.test_billing_pricing_engine.TestEventLogging" name="test_pricing_update_logs_event" time="0.107" /><testcase classname="tests.test_billing_pricing_engine.TestEventLogging" name="test_credit_added_logs_event" time="0.105" /><testcase classname="tests.test_billing_pricing_engine.TestPrepaidRoutingBlock" name="test_prepaid_balance_structure" time="0.058" /><testcase classname="tests.test_billing_pricing_engine.TestLedgerSnapshot" name="test_ledger_entry_has_snapshot_fields" time="0.113" /><testcase classname="tests.test_billing_pricing_engine.TestAuthenticationRequired" name="test_products_requires_auth" time="0.109" /><testcase classname="tests.test_billing_pricing_engine.TestAuthenticationRequired" name="test_pricing_requires_auth" time="0.105" /><testcase classname="tests.test_billing_pricing_engine.TestAuthenticationRequired" name="test_credits_requires_auth" time="0.112" /><testcase classname="tests.test_billing_pricing_engine.TestAuthenticationRequired" name="test_billing_week_requires_auth" time="0.144" /><testcase classname="tests.test_billing_pricing_engine.TestAuthenticationRequired" name="test_invoices_requires_auth" time="0.105" /></testsuite></testsuites>