<?xml version="1.0" encoding="utf-8"?><testsuites name="pytest tests"><testsuite name="pytest" errors="0" failures="0" skipped="0" tests="23" time="4.606" timestamp="2026-02-14T19:07:09.955108+00:00" hostname="agent-env-1b441125-6a69-4be1-89ec-64d4f34a104e"><testcase classname="tests.test_zero_surprises_audit.TestSystemEndpoints" name="test_root_endpoint_status" time="0.179" /><testcase classname="tests.test_zero_surprises_audit.TestSystemEndpoints" name="test_system_version" time="0.129" /><testcase classname="tests.test_zero_surprises_audit.TestSystemEndpoints" name="test_system_health_requires_auth" time="0.143" /><testcase classname="tests.test_zero_surprises_audit.TestAuthentication" name="test_login_superadmin" time="0.191" /><testcase classname="tests.test_zero_surprises_audit.TestAuthentication" name="test_login_admin_zr7" time="0.132" /><testcase classname="tests.test_zero_surprises_audit.TestAuthentication" name="test_login_invalid_credentials" time="0.124" /><testcase classname="tests.test_zero_surprises_audit.TestLeadSubmission" name="test_lead_submission_valid" time="0.123" /><testcase classname="tests.test_zero_surprises_audit.TestLeadSubmission" name="test_lead_submission_invalid_phone_blocked" time="0.152" /><testcase classname="tests.test_zero_surprises_audit.TestLeadSubmission" name="test_lead_submission_suspicious_provider_rejected" time="0.123" /><testcase classname="tests.test_zero_surprises_audit.TestLeadsListM07Fix" name="test_leads_list_basic" time="0.282" /><testcase classname="tests.test_zero_surprises_audit.TestLeadsListM07Fix" name="test_leads_list_with_client_id_only" time="0.259" /><testcase classname="tests.test_zero_surprises_audit.TestLeadsListM07Fix" name="test_leads_list_with_search_only" time="0.261" /><testcase classname="tests.test_zero_surprises_audit.TestLeadsListM07Fix" name="test_leads_list_with_both_client_id_and_search_M07" time="0.247" /><testcase classname="tests.test_zero_surprises_audit.TestDashboardStats" name="test_dashboard_stats_structure" time="0.313" /><testcase classname="tests.test_zero_surprises_audit.TestMonitoringIntelligence" name="test_monitoring_intelligence_all_sections" time="0.584" /><testcase classname="tests.test_zero_surprises_audit.TestCRUDEndpoints" name="test_clients_list_zr7" time="0.292" /><testcase classname="tests.test_zero_surprises_audit.TestCRUDEndpoints" name="test_commandes_list_zr7" time="0.339" /><testcase classname="tests.test_zero_surprises_audit.TestCRUDEndpoints" name="test_deliveries_list" time="0.307" /><testcase classname="tests.test_zero_surprises_audit.TestSystemHealth" name="test_system_health_authenticated" time="0.329" /><testcase classname="tests.test_zero_surprises_audit.TestBugFixVerification" name="test_c02_config_fail_fast" time="0.000" /><testcase classname="tests.test_zero_surprises_audit.TestBugFixVerification" name="test_c03_lead_status_enum_complete" time="0.000" /><testcase classname="tests.test_zero_surprises_audit.TestBugFixVerification" name="test_m07_leads_list_or_fix" time="0.000" /><testcase classname="tests.test_zero_surprises_audit.TestBugFixVerification" name="test_m03_provider_id_index" time="0.000" /></testsuite></testsuites>