<?xml version="1.0" encoding="utf-8"?><testsuites name="pytest tests"><testsuite name="pytest" errors="0" failures="1" skipped="0" tests="14" time="2.832" timestamp="2026-02-08T05:16:13.949528+00:00" hostname="agent-env-d60171c6-a449-4f9d-ae60-4a8a679e1d18"><testcase classname="backend.tests.test_refactoring_features.TestAuth" name="test_login_success" time="0.094" /><testcase classname="backend.tests.test_refactoring_features.TestAccountsAPI" name="test_login_success" time="0.040" /><testcase classname="backend.tests.test_refactoring_features.TestAccountsAPI" name="test_get_accounts_returns_6_accounts" time="0.086" /><testcase classname="backend.tests.test_refactoring_features.TestAccountsAPI" name="test_accounts_have_required_fields" time="0.039" /><testcase classname="backend.tests.test_refactoring_features.TestAccountsAPI" name="test_accounts_linked_to_correct_crms" time="0.080" /><testcase classname="backend.tests.test_refactoring_features.TestLeadDeletionAPI" name="test_login_success" time="0.081" /><testcase classname="backend.tests.test_refactoring_features.TestLeadDeletionAPI" name="test_delete_single_lead" time="0.656" /><testcase classname="backend.tests.test_refactoring_features.TestLeadDeletionAPI" name="test_delete_nonexistent_lead_returns_404" time="0.040" /><testcase classname="backend.tests.test_refactoring_features.TestLeadDeletionAPI" name="test_bulk_delete_leads" time="1.337" /><testcase classname="backend.tests.test_refactoring_features.TestLeadDeletionAPI" name="test_bulk_delete_empty_list" time="0.041"><failure message="assert 400 == 200&#10; +  where 400 = &lt;Response [400]&gt;.status_code">backend/tests/test_refactoring_features.py:221: in test_bulk_delete_empty_list
    assert response.status_code == 200
E   assert 400 == 200
E    +  where 400 = &lt;Response [400]&gt;.status_code</failure></testcase><testcase classname="backend.tests.test_refactoring_features.TestLeadDeletionAPI" name="test_bulk_delete_with_invalid_ids" time="0.043" /><testcase classname="backend.tests.test_refactoring_features.TestBackwardsCompatibility" name="test_login_success" time="0.039" /><testcase classname="backend.tests.test_refactoring_features.TestBackwardsCompatibility" name="test_sub_accounts_endpoint_still_works" time="0.077" /><testcase classname="backend.tests.test_refactoring_features.TestCleanup" name="test_cleanup_test_leads" time="0.076" /></testsuite></testsuites>