<?xml version="1.0" encoding="utf-8"?><testsuites name="pytest tests"><testsuite name="pytest" errors="0" failures="2" skipped="0" tests="24" time="11.793" timestamp="2026-02-14T01:26:20.382103+00:00" hostname="agent-env-471ddf11-bd6d-4f75-8d75-7a0322fa9866"><testcase classname="tests.test_phase25_auto_send_integration.TestPhase25AutoSendIntegration" name="test_01_create_client_with_auto_send_true" time="0.419" /><testcase classname="tests.test_phase25_auto_send_integration.TestPhase25AutoSendIntegration" name="test_02_create_client_with_auto_send_false" time="0.303" /><testcase classname="tests.test_phase25_auto_send_integration.TestPhase25AutoSendIntegration" name="test_03_update_client_auto_send_enabled" time="0.361" /><testcase classname="tests.test_phase25_auto_send_integration.TestPhase25AutoSendIntegration" name="test_04_calendar_check_current_day" time="1.436" /><testcase classname="tests.test_phase25_auto_send_integration.TestPhase25AutoSendIntegration" name="test_05_calendar_get_settings" time="0.253" /><testcase classname="tests.test_phase25_auto_send_integration.TestPhase25AutoSendIntegration" name="test_06_calendar_update_enable_saturday" time="0.575" /><testcase classname="tests.test_phase25_auto_send_integration.TestPhase25AutoSendIntegration" name="test_07_delivery_list" time="0.173" /><testcase classname="tests.test_phase25_auto_send_integration.TestPhase25AutoSendIntegration" name="test_08_delivery_stats" time="0.162" /><testcase classname="tests.test_phase25_auto_send_integration.TestPhase25AutoSendIntegration" name="test_09_delivery_list_by_status" time="0.475" /><testcase classname="tests.test_phase25_auto_send_integration.TestPhase25AutoSendIntegration" name="test_10_idempotency_resend_blocked_without_force" time="0.221" /><testcase classname="tests.test_phase25_auto_send_integration.TestPhase25AutoSendIntegration" name="test_11_idempotency_resend_allowed_with_force" time="0.339"><failure message="AssertionError: Unexpected status: 404&#10;assert 404 in [200, 500]&#10; +  where 404 = &lt;Response [404]&gt;.status_code">backend/tests/test_phase25_auto_send_integration.py:291: in test_11_idempotency_resend_allowed_with_force
    assert resp.status_code in [200, 500], f"Unexpected status: {resp.status_code}"
E   AssertionError: Unexpected status: 404
E   assert 404 in [200, 500]
E    +  where 404 = &lt;Response [404]&gt;.status_code</failure></testcase><testcase classname="tests.test_phase25_auto_send_integration.TestPhase25AutoSendIntegration" name="test_12_manual_send_ready_to_send" time="0.278" /><testcase classname="tests.test_phase25_auto_send_integration.TestPhase25AutoSendIntegration" name="test_13_batch_generate_csv" time="0.205" /><testcase classname="tests.test_phase25_auto_send_integration.TestPhase25AutoSendIntegration" name="test_14_batch_send_ready" time="0.301" /><testcase classname="tests.test_phase25_auto_send_integration.TestPhase25AutoSendIntegration" name="test_15_simulation_mode_settings" time="0.193" /><testcase classname="tests.test_phase25_auto_send_integration.TestPhase25AutoSendIntegration" name="test_16_simulation_mode_toggle" time="0.347" /><testcase classname="tests.test_phase25_auto_send_integration.TestPhase25AutoSendIntegration" name="test_17_client_with_denylisted_email" time="0.303" /><testcase classname="tests.test_phase25_auto_send_integration.TestPhase25AutoSendIntegration" name="test_18_download_delivery_csv" time="0.294" /><testcase classname="tests.test_phase25_auto_send_integration.TestPhase25AutoSendIntegration" name="test_19_verify_priority_order_in_code" time="0.169" /><testcase classname="tests.test_phase25_auto_send_integration.TestAutoSendEndToEnd" name="test_e2e_auto_send_true_workflow" time="0.196" /><testcase classname="tests.test_phase25_auto_send_integration.TestAutoSendEndToEnd" name="test_e2e_auto_send_false_workflow" time="0.111" /><testcase classname="tests.test_phase25_e2e_workflow.TestAutoSendE2EWorkflow" name="test_e2e_auto_send_workflow" time="3.604" /><testcase classname="tests.test_phase25_e2e_workflow.TestAutoSendE2EWorkflow" name="test_calendar_gating_blocks_processing" time="0.525" /><testcase classname="tests.test_phase25_e2e_workflow.TestAutoSendE2EWorkflow" name="test_idempotency_protection" time="0.467"><failure message="assert 404 in [200, 500]&#10; +  where 404 = &lt;Response [404]&gt;.status_code">backend/tests/test_phase25_e2e_workflow.py:347: in test_idempotency_protection
    assert resp.status_code in [200, 500]
E   assert 404 in [200, 500]
E    +  where 404 = &lt;Response [404]&gt;.status_code</failure></testcase></testsuite></testsuites>