<?xml version="1.0" encoding="utf-8"?><testsuites name="pytest tests"><testsuite name="pytest" errors="0" failures="0" skipped="0" tests="16" time="4.474" timestamp="2026-02-14T16:29:03.043158+00:00" hostname="agent-env-0f13fe44-d517-40e6-bd33-4a08f0233f8b"><testcase classname="tests.test_entity_scope_audit.TestDebugScopeEndpoint" name="test_debug_scope_super_admin_zr7" time="0.376" /><testcase classname="tests.test_entity_scope_audit.TestDebugScopeEndpoint" name="test_debug_scope_super_admin_mdl" time="0.142" /><testcase classname="tests.test_entity_scope_audit.TestDebugScopeEndpoint" name="test_debug_scope_super_admin_both" time="0.125" /><testcase classname="tests.test_entity_scope_audit.TestDebugScopeEndpoint" name="test_debug_scope_ops_zr7_ignored" time="0.239" /><testcase classname="tests.test_entity_scope_audit.TestDebugScopeEndpoint" name="test_debug_scope_ops_mdl_ignored" time="0.277" /><testcase classname="tests.test_entity_scope_audit.TestDashboardStatsEntityScope" name="test_dashboard_stats_zr7_vs_mdl" time="0.553" /><testcase classname="tests.test_entity_scope_audit.TestCommandesEntityScope" name="test_commandes_zr7_vs_mdl" time="0.313" /><testcase classname="tests.test_entity_scope_audit.TestCommandesEntityScope" name="test_ops_zr7_gets_only_zr7_commandes" time="0.144" /><testcase classname="tests.test_entity_scope_audit.TestCommandesEntityScope" name="test_ops_zr7_cannot_access_mdl_commandes" time="0.122" /><testcase classname="tests.test_entity_scope_audit.TestCommandesEntityScope" name="test_ops_mdl_cannot_access_zr7_commandes" time="0.155" /><testcase classname="tests.test_entity_scope_audit.TestClientsEntityScope" name="test_clients_zr7_vs_mdl" time="0.330" /><testcase classname="tests.test_entity_scope_audit.TestLeadsEntityScope" name="test_leads_list_zr7_vs_mdl" time="0.229" /><testcase classname="tests.test_entity_scope_audit.TestDeliveriesEntityScope" name="test_deliveries_zr7_vs_mdl" time="0.226" /><testcase classname="tests.test_entity_scope_audit.TestInvoicesEntityScope" name="test_invoices_zr7_vs_mdl" time="0.608" /><testcase classname="tests.test_entity_scope_audit.TestInvoicesEntityScope" name="test_overdue_dashboard_entity_scope" time="0.238" /><testcase classname="tests.test_entity_scope_audit.TestLBMonitorEntityScope" name="test_lb_monitor_scope" time="0.309" /></testsuite></testsuites>