<?xml version="1.0" encoding="utf-8"?><testsuites name="pytest tests"><testsuite name="pytest" errors="0" failures="0" skipped="0" tests="19" time="7.471" timestamp="2026-02-14T16:14:39.607976+00:00" hostname="agent-env-0f13fe44-d517-40e6-bd33-4a08f0233f8b"><testcase classname="tests.test_invoices_billing_v1.TestLoginAndSetup" name="test_super_admin_login" time="0.166" /><testcase classname="tests.test_invoices_billing_v1.TestLoginAndSetup" name="test_ops_user_login" time="0.111" /><testcase classname="tests.test_invoices_billing_v1.TestInvoiceCreate" name="test_create_invoice_computes_ttc_correctly" time="0.397" /><testcase classname="tests.test_invoices_billing_v1.TestInvoiceCreate" name="test_create_invoice_requires_billing_manage" time="0.292" /><testcase classname="tests.test_invoices_billing_v1.TestInvoiceStatusTransitions" name="test_send_invoice_transitions_draft_to_sent" time="0.702" /><testcase classname="tests.test_invoices_billing_v1.TestInvoiceStatusTransitions" name="test_send_invoice_only_from_draft" time="0.598" /><testcase classname="tests.test_invoices_billing_v1.TestInvoiceStatusTransitions" name="test_mark_paid_transitions_sent_to_paid" time="0.732" /><testcase classname="tests.test_invoices_billing_v1.TestInvoiceStatusTransitions" name="test_mark_paid_fails_for_draft" time="0.701" /><testcase classname="tests.test_invoices_billing_v1.TestOverdueDashboard" name="test_overdue_dashboard_returns_structure" time="0.252" /><testcase classname="tests.test_invoices_billing_v1.TestOverdueDashboard" name="test_overdue_dashboard_requires_billing_view" time="0.230" /><testcase classname="tests.test_invoices_billing_v1.TestInvoiceEntityFiltering" name="test_list_invoices_with_zr7_scope" time="0.231" /><testcase classname="tests.test_invoices_billing_v1.TestInvoiceEntityFiltering" name="test_list_invoices_with_mdl_scope" time="0.303" /><testcase classname="tests.test_invoices_billing_v1.TestInvoiceEntityFiltering" name="test_list_invoices_with_both_scope" time="1.053" /><testcase classname="tests.test_invoices_billing_v1.TestLBMonitorEntityScope" name="test_lb_monitor_uses_entity_scope_header" time="0.281" /><testcase classname="tests.test_invoices_billing_v1.TestLBMonitorEntityScope" name="test_lb_monitor_both_scope" time="0.290" /><testcase classname="tests.test_invoices_billing_v1.TestLBMonitorEntityScope" name="test_lb_monitor_requires_monitoring_permission" time="0.252" /><testcase classname="tests.test_invoices_billing_v1.TestInvoicePermissions" name="test_list_invoices_requires_billing_view" time="0.282" /><testcase classname="tests.test_invoices_billing_v1.TestInvoicePermissions" name="test_get_single_invoice_requires_billing_view" time="0.252" /><testcase classname="tests.test_invoices_billing_v1.TestCleanup" name="test_cleanup_test_invoices" time="0.251" /></testsuite></testsuites>