<?xml version="1.0" encoding="utf-8"?><testsuites name="pytest tests"><testsuite name="pytest" errors="0" failures="0" skipped="0" tests="45" time="2.528" timestamp="2026-02-14T01:57:48.731673+00:00" hostname="agent-env-310e727d-300d-4de5-96b9-41270a0352f2"><testcase classname="tests.test_delivery_state_machine_audit.TestDeliveryAPIEndpoints" name="test_list_deliveries" time="0.286" /><testcase classname="tests.test_delivery_state_machine_audit.TestDeliveryAPIEndpoints" name="test_list_deliveries_with_entity_filter" time="0.080" /><testcase classname="tests.test_delivery_state_machine_audit.TestDeliveryAPIEndpoints" name="test_list_deliveries_with_status_filter" time="0.273" /><testcase classname="tests.test_delivery_state_machine_audit.TestDeliveryAPIEndpoints" name="test_delivery_stats" time="0.061" /><testcase classname="tests.test_delivery_state_machine_audit.TestDeliveryAPIEndpoints" name="test_delivery_stats_with_entity" time="0.069" /><testcase classname="tests.test_delivery_state_machine_audit.TestBatchGenerateCSV" name="test_batch_generate_csv_no_pending" time="0.066" /><testcase classname="tests.test_delivery_state_machine_audit.TestBatchGenerateCSV" name="test_batch_generate_csv_with_entity_filter" time="0.113" /><testcase classname="tests.test_delivery_state_machine_audit.TestBatchSendReady" name="test_batch_send_ready_no_deliveries" time="0.131" /><testcase classname="tests.test_delivery_state_machine_audit.TestBatchSendReady" name="test_batch_send_ready_with_override_email" time="0.079" /><testcase classname="tests.test_delivery_state_machine_audit.TestSingleDeliverySend" name="test_send_nonexistent_delivery" time="0.073" /><testcase classname="tests.test_delivery_state_machine_audit.TestSingleDeliverySend" name="test_send_already_sent_without_force" time="0.200" /><testcase classname="tests.test_delivery_state_machine_audit.TestDeliveryDownload" name="test_download_nonexistent" time="0.074" /><testcase classname="tests.test_delivery_state_machine_audit.TestDeliveryDownload" name="test_download_sent_delivery" time="0.137" /><testcase classname="tests.test_delivery_state_machine_audit.TestInvariantEnforcement" name="test_sent_deliveries_have_required_fields" time="0.083" /><testcase classname="tests.test_delivery_state_machine_audit.TestCalendarGating" name="test_get_delivery_calendar" time="0.064" /><testcase classname="tests.test_delivery_state_machine_audit.TestCalendarGating" name="test_calendar_structure" time="0.058" /><testcase classname="tests.test_delivery_state_machine_audit.TestEmailDenylistSettings" name="test_get_email_denylist" time="0.071" /><testcase classname="tests.test_delivery_state_machine_audit.TestSimulationMode" name="test_get_simulation_mode" time="0.087" /><testcase classname="tests.test_delivery_state_machine_audit.TestStateMachineTransitionGuards" name="test_cannot_transition_from_terminal_state" time="0.178" /><testcase classname="tests.test_delivery_state_machine_audit.TestClientAutoSendEnabled" name="test_client_has_auto_send_field" time="0.078" /><testcase classname="tests.test_delivery_state_machine_audit.TestDeliverLeadsToClientFlow" name="test_delivery_batches_exist" time="0.080" /><testcase classname="tests.test_state_machine_transitions.TestValidTransitions" name="test_valid_transitions_map_exists" time="0.001" /><testcase classname="tests.test_state_machine_transitions.TestValidTransitions" name="test_pending_csv_valid_transitions" time="0.001" /><testcase classname="tests.test_state_machine_transitions.TestValidTransitions" name="test_ready_to_send_valid_transitions" time="0.001" /><testcase classname="tests.test_state_machine_transitions.TestValidTransitions" name="test_sending_valid_transitions" time="0.000" /><testcase classname="tests.test_state_machine_transitions.TestValidTransitions" name="test_sent_is_terminal" time="0.000" /><testcase classname="tests.test_state_machine_transitions.TestValidTransitions" name="test_failed_can_retry" time="0.000" /><testcase classname="tests.test_state_machine_transitions.TestInvariantChecks" name="test_sent_invariants_valid" time="0.000" /><testcase classname="tests.test_state_machine_transitions.TestInvariantChecks" name="test_sent_invariants_empty_sent_to" time="0.000" /><testcase classname="tests.test_state_machine_transitions.TestInvariantChecks" name="test_sent_invariants_null_sent_to" time="0.000" /><testcase classname="tests.test_state_machine_transitions.TestInvariantChecks" name="test_sent_invariants_null_last_sent_at" time="0.000" /><testcase classname="tests.test_state_machine_transitions.TestInvariantChecks" name="test_sent_invariants_zero_attempts" time="0.000" /><testcase classname="tests.test_state_machine_transitions.TestInvariantChecks" name="test_sent_invariants_negative_attempts" time="0.000" /><testcase classname="tests.test_state_machine_transitions.TestInvariantChecks" name="test_multiple_emails_valid" time="0.000" /><testcase classname="tests.test_state_machine_transitions.TestTransitionValidation" name="test_valid_transition_pending_to_ready" time="0.001" /><testcase classname="tests.test_state_machine_transitions.TestTransitionValidation" name="test_valid_transition_ready_to_sending" time="0.001" /><testcase classname="tests.test_state_machine_transitions.TestTransitionValidation" name="test_valid_transition_sending_to_sent" time="0.000" /><testcase classname="tests.test_state_machine_transitions.TestTransitionValidation" name="test_invalid_transition_sent_to_failed" time="0.000" /><testcase classname="tests.test_state_machine_transitions.TestTransitionValidation" name="test_invalid_transition_sent_to_pending" time="0.001" /><testcase classname="tests.test_state_machine_transitions.TestTransitionValidation" name="test_invalid_transition_sent_to_ready" time="0.001" /><testcase classname="tests.test_state_machine_transitions.TestTransitionValidation" name="test_invalid_transition_skip_states" time="0.000" /><testcase classname="tests.test_state_machine_transitions.TestTransitionValidation" name="test_invalid_transition_ready_to_sent" time="0.000" /><testcase classname="tests.test_state_machine_transitions.TestStaticCodeAudit" name="test_no_direct_status_sent_writes" time="0.009" /><testcase classname="tests.test_state_machine_transitions.TestStaticCodeAudit" name="test_state_machine_is_imported" time="0.000" /><testcase classname="tests.test_state_machine_transitions.TestStaticCodeAudit" name="test_state_machine_used_in_daily_delivery" time="0.000" /></testsuite></testsuites>