<?xml version="1.0" encoding="utf-8"?><testsuites name="pytest tests"><testsuite name="pytest" errors="0" failures="0" skipped="0" tests="16" time="2.455" timestamp="2026-02-08T13:43:03.864831+00:00" hostname="agent-env-0cc10b75-1e94-48d8-932e-88cd7d4b247f"><testcase classname="backend.tests.test_new_billing_routing_features.TestBillingMarkInvoiced" name="test_mark_period_invoiced_success" time="0.282" /><testcase classname="backend.tests.test_new_billing_routing_features.TestBillingMarkInvoiced" name="test_mark_period_invoiced_update_existing" time="0.247" /><testcase classname="backend.tests.test_new_billing_routing_features.TestBillingMarkInvoiced" name="test_mark_period_invoiced_missing_fields" time="0.121" /><testcase classname="backend.tests.test_new_billing_routing_features.TestBillingHistory" name="test_get_billing_history" time="0.077" /><testcase classname="backend.tests.test_new_billing_routing_features.TestBillingHistory" name="test_get_billing_history_by_year" time="0.076" /><testcase classname="backend.tests.test_new_billing_routing_features.TestBillingHistoryDelete" name="test_delete_billing_record" time="0.193" /><testcase classname="backend.tests.test_new_billing_routing_features.TestBillingHistoryDelete" name="test_delete_nonexistent_billing_record" time="0.118" /><testcase classname="backend.tests.test_new_billing_routing_features.TestFormsExcludeFromRouting" name="test_create_form_with_exclude_from_routing_true" time="0.153" /><testcase classname="backend.tests.test_new_billing_routing_features.TestFormsExcludeFromRouting" name="test_create_form_with_exclude_from_routing_false" time="0.163" /><testcase classname="backend.tests.test_new_billing_routing_features.TestFormsExcludeFromRouting" name="test_update_form_exclude_from_routing" time="0.281" /><testcase classname="backend.tests.test_new_billing_routing_features.TestFormsExcludeFromRouting" name="test_forms_list_shows_exclude_from_routing" time="0.129" /><testcase classname="backend.tests.test_new_billing_routing_features.TestFormsProductFilter" name="test_filter_forms_by_product_panneaux" time="0.084" /><testcase classname="backend.tests.test_new_billing_routing_features.TestFormsProductFilter" name="test_filter_forms_by_product_pompes" time="0.078" /><testcase classname="backend.tests.test_new_billing_routing_features.TestFormsProductFilter" name="test_filter_forms_by_product_isolation" time="0.081" /><testcase classname="backend.tests.test_new_billing_routing_features.TestAntiDuplicateLogic" name="test_duplicate_same_phone_same_product_same_day" time="0.212" /><testcase classname="backend.tests.test_new_billing_routing_features.TestGuidePage" name="test_api_health" time="0.077" /></testsuite></testsuites>