<?xml version="1.0" encoding="utf-8"?><testsuites name="pytest tests"><testsuite name="pytest" errors="0" failures="0" skipped="0" tests="32" time="2.146" timestamp="2026-02-09T20:47:13.302790+00:00" hostname="agent-env-f36f40f9-9081-4b66-98a4-d556aa0f4ef9"><testcase classname="backend.tests.test_crud_operations.TestAuth" name="test_login_success" time="0.081" /><testcase classname="backend.tests.test_crud_operations.TestAuth" name="test_login_invalid_credentials" time="0.039" /><testcase classname="backend.tests.test_crud_operations.TestAuth" name="test_get_me_authenticated" time="0.085" /><testcase classname="backend.tests.test_crud_operations.TestAuth" name="test_get_me_unauthenticated" time="0.038" /><testcase classname="backend.tests.test_crud_operations.TestAccounts" name="test_list_accounts" time="0.087" /><testcase classname="backend.tests.test_crud_operations.TestAccounts" name="test_list_accounts_by_crm" time="0.118" /><testcase classname="backend.tests.test_crud_operations.TestAccounts" name="test_create_account" time="0.118" /><testcase classname="backend.tests.test_crud_operations.TestAccounts" name="test_accounts_require_auth" time="0.040" /><testcase classname="backend.tests.test_crud_operations.TestLandingPages" name="test_list_lps" time="0.067" /><testcase classname="backend.tests.test_crud_operations.TestLandingPages" name="test_get_lp_brief" time="0.105" /><testcase classname="backend.tests.test_crud_operations.TestLandingPages" name="test_lps_require_auth" time="0.038" /><testcase classname="backend.tests.test_crud_operations.TestForms" name="test_list_forms" time="0.068" /><testcase classname="backend.tests.test_crud_operations.TestForms" name="test_forms_have_stats" time="0.074" /><testcase classname="backend.tests.test_crud_operations.TestForms" name="test_filter_forms_by_product" time="0.062" /><testcase classname="backend.tests.test_crud_operations.TestForms" name="test_forms_require_auth" time="0.035" /><testcase classname="backend.tests.test_crud_operations.TestLeads" name="test_list_leads" time="0.042" /><testcase classname="backend.tests.test_crud_operations.TestLeads" name="test_filter_leads_by_status" time="0.126" /><testcase classname="backend.tests.test_crud_operations.TestLeads" name="test_leads_global_stats" time="0.039" /><testcase classname="backend.tests.test_crud_operations.TestLeads" name="test_leads_require_auth" time="0.030" /><testcase classname="backend.tests.test_crud_operations.TestCommandes" name="test_list_commandes" time="0.039" /><testcase classname="backend.tests.test_crud_operations.TestCommandes" name="test_filter_commandes_by_crm" time="0.081" /><testcase classname="backend.tests.test_crud_operations.TestCommandes" name="test_check_commande" time="0.082" /><testcase classname="backend.tests.test_crud_operations.TestCommandes" name="test_list_departements" time="0.034" /><testcase classname="backend.tests.test_crud_operations.TestCommandes" name="test_commandes_require_auth" time="0.039" /><testcase classname="backend.tests.test_crud_operations.TestUsers" name="test_list_users" time="0.050" /><testcase classname="backend.tests.test_crud_operations.TestUsers" name="test_create_user_with_permissions" time="0.076" /><testcase classname="backend.tests.test_crud_operations.TestUsers" name="test_users_require_admin" time="0.073" /><testcase classname="backend.tests.test_crud_operations.TestActivityLog" name="test_get_activity_logs" time="0.039" /><testcase classname="backend.tests.test_crud_operations.TestActivityLog" name="test_activity_logs_have_login_events" time="0.037" /><testcase classname="backend.tests.test_crud_operations.TestCRMs" name="test_list_crms" time="0.039" /><testcase classname="backend.tests.test_crud_operations.TestCRMs" name="test_crms_require_auth" time="0.034" /><testcase classname="backend.tests.test_crud_operations.TestHealthCheck" name="test_health_endpoint" time="0.081" /></testsuite></testsuites>