<?xml version="1.0" encoding="utf-8"?><testsuites name="pytest tests"><testsuite name="pytest" errors="0" failures="0" skipped="0" tests="20" time="4.298" timestamp="2026-02-13T21:46:21.402695+00:00" hostname="agent-env-8b28fcdc-6d1e-4d8e-acac-ae6311156091"><testcase classname="tests.test_rdz_crm_audit.TestAuthEndpoints" name="test_login_success" time="0.271" /><testcase classname="tests.test_rdz_crm_audit.TestAuthEndpoints" name="test_login_invalid_credentials" time="0.131" /><testcase classname="tests.test_rdz_crm_audit.TestAuthEndpoints" name="test_me_endpoint" time="0.330" /><testcase classname="tests.test_rdz_crm_audit.TestAuthEndpoints" name="test_me_without_auth" time="0.121" /><testcase classname="tests.test_rdz_crm_audit.TestClientsEndpoints" name="test_list_clients_zr7" time="0.269" /><testcase classname="tests.test_rdz_crm_audit.TestClientsEndpoints" name="test_list_clients_mdl" time="0.161" /><testcase classname="tests.test_rdz_crm_audit.TestClientsEndpoints" name="test_list_clients_requires_entity" time="0.419" /><testcase classname="tests.test_rdz_crm_audit.TestClientsEndpoints" name="test_list_clients_invalid_entity" time="0.124" /><testcase classname="tests.test_rdz_crm_audit.TestClientsEndpoints" name="test_create_client_mdl" time="0.156" /><testcase classname="tests.test_rdz_crm_audit.TestCommandesEndpoints" name="test_list_commandes_zr7" time="0.123" /><testcase classname="tests.test_rdz_crm_audit.TestCommandesEndpoints" name="test_list_departements" time="0.117" /><testcase classname="tests.test_rdz_crm_audit.TestCommandesEndpoints" name="test_list_products" time="0.132" /><testcase classname="tests.test_rdz_crm_audit.TestCommandesEndpoints" name="test_create_commande_with_produit" time="0.338" /><testcase classname="tests.test_rdz_crm_audit.TestPublicEndpoints" name="test_create_tracking_session" time="0.147" /><testcase classname="tests.test_rdz_crm_audit.TestPublicEndpoints" name="test_submit_lead_with_entity_produit" time="0.339" /><testcase classname="tests.test_rdz_crm_audit.TestPublicEndpoints" name="test_anti_double_submit" time="0.476" /><testcase classname="tests.test_rdz_crm_audit.TestLegacyEndpoints404" name="test_accounts_endpoint_404" time="0.140" /><testcase classname="tests.test_rdz_crm_audit.TestLegacyEndpoints404" name="test_crms_endpoint_404" time="0.115" /><testcase classname="tests.test_rdz_crm_audit.TestLegacyEndpoints404" name="test_forms_endpoint_404" time="0.136" /><testcase classname="tests.test_rdz_crm_audit.TestNamingConventions" name="test_commandes_response_has_produit" time="0.108" /></testsuite></testsuites>