<?xml version="1.0" encoding="utf-8"?><testsuites name="pytest tests"><testsuite name="pytest" errors="0" failures="1" skipped="0" tests="21" time="2.356" timestamp="2026-02-14T15:26:38.607959+00:00" hostname="agent-env-0f13fe44-d517-40e6-bd33-4a08f0233f8b"><testcase classname="tests.test_rbac_entity_isolation.TestLoginReturnsRBACData" name="test_super_admin_login_returns_full_permissions" time="0.263" /><testcase classname="tests.test_rbac_entity_isolation.TestLoginReturnsRBACData" name="test_ops_login_returns_ops_preset_permissions" time="0.105" /><testcase classname="tests.test_rbac_entity_isolation.TestEntityIsolation" name="test_ops_zr7_cannot_access_mdl_commandes" time="0.051" /><testcase classname="tests.test_rbac_entity_isolation.TestEntityIsolation" name="test_ops_zr7_can_access_zr7_commandes" time="0.071" /><testcase classname="tests.test_rbac_entity_isolation.TestEntityIsolation" name="test_super_admin_can_access_zr7_commandes" time="0.079" /><testcase classname="tests.test_rbac_entity_isolation.TestEntityIsolation" name="test_super_admin_can_access_mdl_commandes" time="0.074" /><testcase classname="tests.test_rbac_entity_isolation.TestEntityIsolation" name="test_ops_zr7_cannot_access_mdl_deliveries" time="0.070"><failure message="AssertionError: Expected 403 for cross-entity deliveries access, got 200: {&quot;deliveries&quot;:[{&quot;id&quot;:&quot;526200a4-3f2a-45c1-92af-91f530f94c9f&quot;,&quot;lead_id&quot;:&quot;9de9b2ad-6af3-4b64-8e7d-20d1da5be42b&quot;,&quot;client_id&quot;:&quot;a8cd08b1-d2e8-496e-a175-c9fbdd7fe7f1&quot;,&quot;client_name&quot;:&quot;TEST_Client_MDL_4ae01bb6&quot;,&quot;commande_id&quot;:&quot;bf7e80b4-5491-43a3-8ec7-979a67aca200&quot;,&quot;entity&quot;:&quot;MDL&quot;,&quot;produit&quot;:&quot;PV&quot;,&quot;delivery_method&quot;:&quot;realtime&quot;,&quot;status&quot;:&quot;ready_to_send&quot;,&quot;is_lb&quot;:false,&quot;created_at&quot;:&quot;2026-02-14T00:29:14.868156+00:00&quot;,&quot;sent_at&quot;:&quot;2026-02-14T00:30:44.904615+00:00&quot;,&quot;cleanup_note&quot;:&quot;Reset from fake 'sent' status - data cleanup 2026-02-14&quot;,&quot;last_error&quot;:null,&quot;last_sent_at&quot;:null,&quot;send_attempts&quot;:0,&quot;sent_to&quot;:[],&quot;updated_at&quot;:&quot;2026-02-14T01:54:07.039661+00:00&quot;,&quot;csv_filename&quot;:&quot;lead_MDL_PV_9de9b2ad.csv&quot;,&quot;csv_generated_at&quot;:&quot;2026-02-14T01:54:07.039661+00:00&quot;,&quot;has_csv&quot;:true,&quot;outcome&quot;:&quot;accepted&quot;,&quot;billable&quot;:false},{&quot;id&quot;:&quot;716f9e74-72db-4f85-8a2d-4b0175af9c43&quot;,&quot;lead_id&quot;:&quot;fab71916-9e09-4a22-9842-9003a9b78713&quot;,&quot;client_id&quot;:&quot;a8cd08b1-d2e8-496e-a175-c9fbdd7fe7f1&quot;,&quot;client_name&quot;:&quot;TEST_Client_MDL_4ae01bb6&quot;,&quot;commande_id&quot;:&quot;bf7e80b4-5491-43a3-8ec7-979a67aca200&quot;,&quot;entity&quot;:&quot;MDL&quot;,&quot;produit&quot;:&quot;PV&quot;,&quot;delivery_method&quot;:&quot;realtime&quot;,&quot;status&quot;:&quot;ready_to_send&quot;,&quot;is_lb&quot;:false,&quot;created_at&quot;:&quot;2026-02-14T00:28:23.739107+00:00&quot;,&quot;sent_at&quot;:&quot;2026-02-14T00:30:44.904615+00:00&quot;,&quot;cleanup_note&quot;:&quot;Reset from fake 'sent' status - data cleanup 2026-02-14&quot;,&quot;last_error&quot;:null,&quot;last_sent_at&quot;:null,&quot;send_attempts&quot;:0,&quot;sent_to&quot;:[],&quot;updated_at&quot;:&quot;2026-02-14T01:54:06.988206+00:00&quot;,&quot;csv_filename&quot;:&quot;lead_MDL_PV_fab71916.csv&quot;,&quot;csv_generated_at&quot;:&quot;2026-02-14T01:54:06.988206+00:00&quot;,&quot;has_csv&quot;:true,&quot;outcome&quot;:&quot;accepted&quot;,&quot;billable&quot;:false},{&quot;id&quot;:&quot;0d890574-1ce0-411a-8f30-3334cd2d737b&quot;,&quot;lead_id&quot;:&quot;98352536-39dd-47a9-8b1e-ebc77c146c2f&quot;,&quot;client_id&quot;:&quot;a8cd08b1-d2e8-496e-a175-c9fbdd7fe7f1&quot;,&quot;client_name&quot;:&quot;TEST_Client_MDL_4ae01bb6&quot;,&quot;commande_id&quot;:&quot;9cfe3094-ef58-4ac4-8cfd-6b9d056e4fc8&quot;,&quot;entity&quot;:&quot;MDL&quot;,&quot;produit&quot;:&quot;ITE&quot;,&quot;delivery_method&quot;:&quot;realtime&quot;,&quot;status&quot;:&quot;ready_to_send&quot;,&quot;is_lb&quot;:false,&quot;created_at&quot;:&quot;2026-02-14T00:26:52.842267+00:00&quot;,&quot;sent_at&quot;:&quot;2026-02-14T00:30:49.310426+00:00&quot;,&quot;cleanup_note&quot;:&quot;Reset from fake 'sent' status - data cleanup 2026-02-14&quot;,&quot;last_error&quot;:null,&quot;last_sent_at&quot;:null,&quot;send_attempts&quot;:0,&quot;sent_to&quot;:[],&quot;updated_at&quot;:&quot;2026-02-14T01:54:06.941311+00:00&quot;,&quot;csv_filename&quot;:&quot;lead_MDL_ITE_98352536.csv&quot;,&quot;csv_generated_at&quot;:&quot;2026-02-14T01:54:06.941311+00:00&quot;,&quot;has_csv&quot;:true,&quot;outcome&quot;:&quot;accepted&quot;,&quot;billable&quot;:false},{&quot;id&quot;:&quot;f970ac80-8fe6-4a8f-8dca-5efb6f96cfd2&quot;,&quot;lead_id&quot;:&quot;faf005fd-149f-4ba9-adcf-b3c71b9473dd&quot;,&quot;client_id&quot;:&quot;a8cd08b1-d2e8-496e-a175-c9fbdd7fe7f1&quot;,&quot;client_name&quot;:&quot;TEST_Client_MDL_4ae01bb6&quot;,&quot;commande_id&quot;:&quot;bf7e80b4-5491-43a3-8ec7-979a67aca200&quot;,&quot;entity&quot;:&quot;MDL&quot;,&quot;produit&quot;:&quot;PV&quot;,&quot;delivery_method&quot;:&quot;realtime&quot;,&quot;status&quot;:&quot;ready_to_send&quot;,&quot;is_lb&quot;:false,&quot;created_at&quot;:&quot;2026-02-14T00:26:52.603008+00:00&quot;,&quot;sent_at&quot;:&quot;2026-02-14T00:30:44.904615+00:00&quot;,&quot;cleanup_note&quot;:&quot;Reset from fake 'sent' status - data cleanup 2026-02-14&quot;,&quot;last_error&quot;:null,&quot;last_sent_at&quot;:null,&quot;send_attempts&quot;:0,&quot;sent_to&quot;:[],&quot;updated_at&quot;:&quot;2026-02-14T01:54:06.937862+00:00&quot;,&quot;csv_filename&quot;:&quot;lead_MDL_PV_faf005fd.csv&quot;,&quot;csv_generated_at&quot;:&quot;2026-02-14T01:54:06.937862+00:00&quot;,&quot;has_csv&quot;:true,&quot;outcome&quot;:&quot;accepted&quot;,&quot;billable&quot;:false},{&quot;id&quot;:&quot;b79ec333-4272-4502-a6c8-20122795e96c&quot;,&quot;lead_id&quot;:&quot;5c657126-665c-45b9-a320-df14bd3c0118&quot;,&quot;client_id&quot;:&quot;a8cd08b1-d2e8-496e-a175-c9fbdd7fe7f1&quot;,&quot;client_name&quot;:&quot;TEST_Client_MDL_4ae01bb6&quot;,&quot;commande_id&quot;:&quot;72b1bbb4-9ce2-43d9-a1b0-a36ac1303048&quot;,&quot;entity&quot;:&quot;MDL&quot;,&quot;produit&quot;:&quot;PAC&quot;,&quot;delivery_method&quot;:&quot;realtime&quot;,&quot;status&quot;:&quot;ready_to_send&quot;,&quot;is_lb&quot;:false,&quot;created_at&quot;:&quot;2026-02-14T00:26:52.394873+00:00&quot;,&quot;sent_at&quot;:&quot;2026-02-14T00:30:47.910687+00:00&quot;,&quot;cleanup_note&quot;:&quot;Reset from fake 'sent' status - data cleanup 2026-02-14&quot;,&quot;last_error&quot;:null,&quot;last_sent_at&quot;:null,&quot;send_attempts&quot;:0,&quot;sent_to&quot;:[],&quot;updated_at&quot;:&quot;2026-02-14T01:54:06.934885+00:00&quot;,&quot;csv_filename&quot;:&quot;lead_MDL_PAC_5c657126.csv&quot;,&quot;csv_generated_at&quot;:&quot;2026-02-14T01:54:06.934885+00:00&quot;,&quot;has_csv&quot;:true,&quot;outcome&quot;:&quot;accepted&quot;,&quot;billable&quot;:false},{&quot;id&quot;:&quot;e84d4dd8-fdf5-4e58-a057-ea53b209fbb5&quot;,&quot;lead_id&quot;:&quot;613a940a-51e3-4076-92e7-8123415ffde9&quot;,&quot;client_id&quot;:&quot;a8cd08b1-d2e8-496e-a175-c9fbdd7fe7f1&quot;,&quot;client_name&quot;:&quot;TEST_Client_MDL_4ae01bb6&quot;,&quot;commande_id&quot;:&quot;9cfe3094-ef58-4ac4-8cfd-6b9d056e4fc8&quot;,&quot;entity&quot;:&quot;MDL&quot;,&quot;produit&quot;:&quot;ITE&quot;,&quot;delivery_method&quot;:&quot;realtime&quot;,&quot;status&quot;:&quot;ready_to_send&quot;,&quot;is_lb&quot;:false,&quot;created_at&quot;:&quot;2026-02-14T00:26:52.145200+00:00&quot;,&quot;sent_at&quot;:&quot;2026-02-14T00:30:49.310426+00:00&quot;,&quot;cleanup_note&quot;:&quot;Reset from fake 'sent' status - data cleanup 2026-02-14&quot;,&quot;last_error&quot;:null,&quot;last_sent_at&quot;:null,&quot;send_attempts&quot;:0,&quot;sent_to&quot;:[],&quot;updated_at&quot;:&quot;2026-02-14T01:54:06.931804+00:00&quot;,&quot;csv_filename&quot;:&quot;lead_MDL_ITE_613a940a.csv&quot;,&quot;csv_generated_at&quot;:&quot;2026-02-14T01:54:06.931804+00:00&quot;,&quot;has_csv&quot;:true,&quot;outcome&quot;:&quot;accepted&quot;,&quot;billable&quot;:false},{&quot;id&quot;:&quot;a0ed2106-7343-4dd3-b928-3e60e77d7124&quot;,&quot;lead_id&quot;:&quot;788cf431-a17d-49fc-91cb-d52f3e5eb3d8&quot;,&quot;client_id&quot;:&quot;a8cd08b1-d2e8-496e-a175-c9fbdd7fe7f1&quot;,&quot;client_name&quot;:&quot;TEST_Client_MDL_4ae01bb6&quot;,&quot;commande_id&quot;:&quot;9cfe3094-ef58-4ac4-8cfd-6b9d056e4fc8&quot;,&quot;entity&quot;:&quot;MDL&quot;,&quot;produit&quot;:&quot;ITE&quot;,&quot;delivery_method&quot;:&quot;realtime&quot;,&quot;status&quot;:&quot;ready_to_send&quot;,&quot;is_lb&quot;:false,&quot;created_at&quot;:&quot;2026-02-14T00:26:51.891162+00:00&quot;,&quot;sent_at&quot;:&quot;2026-02-14T00:30:49.310426+00:00&quot;,&quot;cleanup_note&quot;:&quot;Reset from fake 'sent' status - data cleanup 2026-02-14&quot;,&quot;last_error&quot;:null,&quot;last_sent_at&quot;:null,&quot;send_attempts&quot;:0,&quot;sent_to&quot;:[],&quot;updated_at&quot;:&quot;2026-02-14T01:54:06.927084+00:00&quot;,&quot;csv_filename&quot;:&quot;lead_MDL_ITE_788cf431.csv&quot;,&quot;csv_generated_at&quot;:&quot;2026-02-14T01:54:06.927084+00:00&quot;,&quot;has_csv&quot;:true,&quot;outcome&quot;:&quot;accepted&quot;,&quot;billable&quot;:false},{&quot;id&quot;:&quot;0042da90-5158-4f2c-9ac2-13eba0c4ba17&quot;,&quot;lead_id&quot;:&quot;52fc8047-a333-4a5e-8dc2-cc1105f112bc&quot;,&quot;client_id&quot;:&quot;a8cd08b1-d2e8-496e-a175-c9fbdd7fe7f1&quot;,&quot;client_name&quot;:&quot;TEST_Client_MDL_4ae01bb6&quot;,&quot;commande_id&quot;:&quot;bf7e80b4-5491-43a3-8ec7-979a67aca200&quot;,&quot;entity&quot;:&quot;MDL&quot;,&quot;produit&quot;:&quot;PV&quot;,&quot;delivery_method&quot;:&quot;realtime&quot;,&quot;status&quot;:&quot;ready_to_send&quot;,&quot;is_lb&quot;:false,&quot;created_at&quot;:&quot;2026-02-14T00:26:51.642816+00:00&quot;,&quot;sent_at&quot;:&quot;2026-02-14T00:30:44.904615+00:00&quot;,&quot;cleanup_note&quot;:&quot;Reset from fake 'sent' status - data cleanup 2026-02-14&quot;,&quot;last_error&quot;:null,&quot;last_sent_at&quot;:null,&quot;send_attempts&quot;:0,&quot;sent_to&quot;:[],&quot;updated_at&quot;:&quot;2026-02-14T01:54:06.922310+00:00&quot;,&quot;csv_filename&quot;:&quot;lead_MDL_PV_52fc8047.csv&quot;,&quot;csv_generated_at&quot;:&quot;2026-02-14T01:54:06.922310+00:00&quot;,&quot;has_csv&quot;:true,&quot;outcome&quot;:&quot;accepted&quot;,&quot;billable&quot;:false},{&quot;id&quot;:&quot;e427b902-2416-430a-8438-c48ed23af4b9&quot;,&quot;lead_id&quot;:&quot;2659fa4f-8ef7-420d-86c3-fb57736cc930&quot;,&quot;client_id&quot;:&quot;a8cd08b1-d2e8-496e-a175-c9fbdd7fe7f1&quot;,&quot;client_name&quot;:&quot;TEST_Client_MDL_4ae01bb6&quot;,&quot;commande_id&quot;:&quot;9cfe3094-ef58-4ac4-8cfd-6b9d056e4fc8&quot;,&quot;entity&quot;:&quot;MDL&quot;,&quot;produit&quot;:&quot;ITE&quot;,&quot;delivery_method&quot;:&quot;realtime&quot;,&quot;status&quot;:&quot;ready_to_send&quot;,&quot;is_lb&quot;:false,&quot;created_at&quot;:&quot;2026-02-14T00:26:51.401524+00:00&quot;,&quot;sent_at&quot;:&quot;2026-02-14T00:30:49.310426+00:00&quot;,&quot;cleanup_note&quot;:&quot;Reset from fake 'sent' status - data cleanup 2026-02-14&quot;,&quot;last_error&quot;:null,&quot;last_sent_at&quot;:null,&quot;send_attempts&quot;:0,&quot;sent_to&quot;:[],&quot;updated_at&quot;:&quot;2026-02-14T01:54:06.919554+00:00&quot;,&quot;csv_filename&quot;:&quot;lead_MDL_ITE_2659fa4f.csv&quot;,&quot;csv_generated_at&quot;:&quot;2026-02-14T01:54:06.919554+00:00&quot;,&quot;has_csv&quot;:true,&quot;outcome&quot;:&quot;accepted&quot;,&quot;billable&quot;:false},{&quot;id&quot;:&quot;c938650f-4863-4c1d-a5a5-ff94d1d623b4&quot;,&quot;lead_id&quot;:&quot;1722adea-d8f7-4799-b0f1-90f8768d1a5d&quot;,&quot;client_id&quot;:&quot;a8cd08b1-d2e8-496e-a175-c9fbdd7fe7f1&quot;,&quot;client_name&quot;:&quot;TEST_Client_MDL_4ae01bb6&quot;,&quot;commande_id&quot;:&quot;bf7e80b4-5491-43a3-8ec7-979a67aca200&quot;,&quot;entity&quot;:&quot;MDL&quot;,&quot;produit&quot;:&quot;PV&quot;,&quot;delivery_method&quot;:&quot;realtime&quot;,&quot;status&quot;:&quot;ready_to_send&quot;,&quot;is_lb&quot;:false,&quot;created_at&quot;:&quot;2026-02-14T00:26:51.116984+00:00&quot;,&quot;sent_at&quot;:&quot;2026-02-14T00:30:44.904615+00:00&quot;,&quot;cleanup_note&quot;:&quot;Reset from fake 'sent' status - data cleanup 2026-02-14&quot;,&quot;last_error&quot;:null,&quot;last_sent_at&quot;:null,&quot;send_attempts&quot;:0,&quot;sent_to&quot;:[],&quot;updated_at&quot;:&quot;2026-02-14T01:54:06.915750+00:00&quot;,&quot;csv_filename&quot;:&quot;lead_MDL_PV_1722adea.csv&quot;,&quot;csv_generated_at&quot;:&quot;2026-02-14T01:54:06.915750+00:00&quot;,&quot;has_csv&quot;:true,&quot;outcome&quot;:&quot;accepted&quot;,&quot;billable&quot;:false},{&quot;id&quot;:&quot;330fe6a5-bcca-4fa2-819e-0b487e8bc234&quot;,&quot;lead_id&quot;:&quot;8b5c703c-5cef-445d-9b47-8e081bb1a002&quot;,&quot;client_id&quot;:&quot;a8cd08b1-d2e8-496e-a175-c9fbdd7fe7f1&quot;,&quot;client_name&quot;:&quot;TEST_Client_MDL_4ae01bb6&quot;,&quot;commande_id&quot;:&quot;72b1bbb4-9ce2-43d9-a1b0-a36ac1303048&quot;,&quot;entity&quot;:&quot;MDL&quot;,&quot;produit&quot;:&quot;PAC&quot;,&quot;delivery_method&quot;:&quot;realtime&quot;,&quot;status&quot;:&quot;ready_to_send&quot;,&quot;is_lb&quot;:false,&quot;created_at&quot;:&quot;2026-02-14T00:26:50.892329+00:00&quot;,&quot;sent_at&quot;:&quot;2026-02-14T00:30:47.910687+00:00&quot;,&quot;cleanup_note&quot;:&quot;Reset from fake 'sent' status - data cleanup 2026-02-14&quot;,&quot;last_error&quot;:null,&quot;last_sent_at&quot;:null,&quot;send_attempts&quot;:0,&quot;sent_to&quot;:[],&quot;updated_at&quot;:&quot;2026-02-14T01:54:06.912503+00:00&quot;,&quot;csv_filename&quot;:&quot;lead_MDL_PAC_8b5c703c.csv&quot;,&quot;csv_generated_at&quot;:&quot;2026-02-14T01:54:06.912503+00:00&quot;,&quot;has_csv&quot;:true,&quot;outcome&quot;:&quot;accepted&quot;,&quot;billable&quot;:false},{&quot;id&quot;:&quot;d8c1de58-08e5-40d7-b1b1-2798c501cf31&quot;,&quot;lead_id&quot;:&quot;6ad5fabc-bced-4d9d-8751-3d3d8b81f04c&quot;,&quot;client_id&quot;:&quot;a8cd08b1-d2e8-496e-a175-c9fbdd7fe7f1&quot;,&quot;client_name&quot;:&quot;TEST_Client_MDL_4ae01bb6&quot;,&quot;commande_id&quot;:&quot;9cfe3094-ef58-4ac4-8cfd-6b9d056e4fc8&quot;,&quot;entity&quot;:&quot;MDL&quot;,&quot;produit&quot;:&quot;ITE&quot;,&quot;delivery_method&quot;:&quot;realtime&quot;,&quot;status&quot;:&quot;ready_to_send&quot;,&quot;is_lb&quot;:false,&quot;created_at&quot;:&quot;2026-02-14T00:26:50.644568+00:00&quot;,&quot;sent_at&quot;:&quot;2026-02-14T00:30:49.310426+00:00&quot;,&quot;cleanup_note&quot;:&quot;Reset from fake 'sent' status - data cleanup 2026-02-14&quot;,&quot;last_error&quot;:null,&quot;last_sent_at&quot;:null,&quot;send_attempts&quot;:0,&quot;sent_to&quot;:[],&quot;updated_at&quot;:&quot;2026-02-14T01:54:06.909484+00:00&quot;,&quot;csv_filename&quot;:&quot;lead_MDL_ITE_6ad5fabc.csv&quot;,&quot;csv_generated_at&quot;:&quot;2026-02-14T01:54:06.909484+00:00&quot;,&quot;has_csv&quot;:true,&quot;outcome&quot;:&quot;accepted&quot;,&quot;billable&quot;:false},{&quot;id&quot;:&quot;93076065-6cc7-45fa-b632-de13856b9baf&quot;,&quot;lead_id&quot;:&quot;e3e9c9c4-be2f-4839-9194-3edc402e0921&quot;,&quot;client_id&quot;:&quot;a8cd08b1-d2e8-496e-a175-c9fbdd7fe7f1&quot;,&quot;client_name&quot;:&quot;TEST_Client_MDL_4ae01bb6&quot;,&quot;commande_id&quot;:&quot;9cfe3094-ef58-4ac4-8cfd-6b9d056e4fc8&quot;,&quot;entity&quot;:&quot;MDL&quot;,&quot;produit&quot;:&quot;ITE&quot;,&quot;delivery_method&quot;:&quot;realtime&quot;,&quot;status&quot;:&quot;ready_to_send&quot;,&quot;is_lb&quot;:false,&quot;created_at&quot;:&quot;2026-02-14T00:26:50.389916+00:00&quot;,&quot;sent_at&quot;:&quot;2026-02-14T00:30:49.310426+00:00&quot;,&quot;cleanup_note&quot;:&quot;Reset from fake 'sent' status - data cleanup 2026-02-14&quot;,&quot;last_error&quot;:null,&quot;last_sent_at&quot;:null,&quot;send_attempts&quot;:0,&quot;sent_to&quot;:[],&quot;updated_at&quot;:&quot;2026-02-14T01:54:06.904683+00:00&quot;,&quot;csv_filename&quot;:&quot;lead_MDL_ITE_e3e9c9c4.csv&quot;,&quot;csv_generated_at&quot;:&quot;2026-02-14T01:54:06.904683+00:00&quot;,&quot;has_csv&quot;:true,&quot;outcome&quot;:&quot;accepted&quot;,&quot;billable&quot;:false},{&quot;id&quot;:&quot;53fc2dab-d10c-482e-926e-ee2a746a33fb&quot;,&quot;lead_id&quot;:&quot;247eac07-d236-4c08-8b7d-dcd976a17c36&quot;,&quot;client_id&quot;:&quot;a8cd08b1-d2e8-496e-a175-c9fbdd7fe7f1&quot;,&quot;client_name&quot;:&quot;TEST_Client_MDL_4ae01bb6&quot;,&quot;commande_id&quot;:&quot;bf7e80b4-5491-43a3-8ec7-979a67aca200&quot;,&quot;entity&quot;:&quot;MDL&quot;,&quot;produit&quot;:&quot;PV&quot;,&quot;delivery_method&quot;:&quot;realtime&quot;,&quot;status&quot;:&quot;ready_to_send&quot;,&quot;is_lb&quot;:false,&quot;created_at&quot;:&quot;2026-02-14T00:26:50.121847+00:00&quot;,&quot;sent_at&quot;:&quot;2026-02-14T00:30:44.904615+00:00&quot;,&quot;cleanup_note&quot;:&quot;Reset from fake 'sent' status - data cleanup 2026-02-14&quot;,&quot;last_error&quot;:null,&quot;last_sent_at&quot;:null,&quot;send_attempts&quot;:0,&quot;sent_to&quot;:[],&quot;updated_at&quot;:&quot;2026-02-14T01:54:06.902131+00:00&quot;,&quot;csv_filename&quot;:&quot;lead_MDL_PV_247eac07.csv&quot;,&quot;csv_generated_at&quot;:&quot;2026-02-14T01:54:06.902131+00:00&quot;,&quot;has_csv&quot;:true,&quot;outcome&quot;:&quot;accepted&quot;,&quot;billable&quot;:false},{&quot;id&quot;:&quot;441d9b33-8728-4520-a7f9-5cc682825623&quot;,&quot;lead_id&quot;:&quot;c4d998d4-f8e6-4b77-9e74-7daa251fd1c6&quot;,&quot;client_id&quot;:&quot;a8cd08b1-d2e8-496e-a175-c9fbdd7fe7f1&quot;,&quot;client_name&quot;:&quot;TEST_Client_MDL_4ae01bb6&quot;,&quot;commande_id&quot;:&quot;bf7e80b4-5491-43a3-8ec7-979a67aca200&quot;,&quot;entity&quot;:&quot;MDL&quot;,&quot;produit&quot;:&quot;PV&quot;,&quot;delivery_method&quot;:&quot;realtime&quot;,&quot;status&quot;:&quot;ready_to_send&quot;,&quot;is_lb&quot;:false,&quot;created_at&quot;:&quot;2026-02-14T00:26:49.847966+00:00&quot;,&quot;sent_at&quot;:&quot;2026-02-14T00:30:44.904615+00:00&quot;,&quot;cleanup_note&quot;:&quot;Reset from fake 'sent' status - data cleanup 2026-02-14&quot;,&quot;last_error&quot;:null,&quot;last_sent_at&quot;:null,&quot;send_attempts&quot;:0,&quot;sent_to&quot;:[],&quot;updated_at&quot;:&quot;2026-02-14T01:54:06.899364+00:00&quot;,&quot;csv_filename&quot;:&quot;lead_MDL_PV_c4d998d4.csv&quot;,&quot;csv_generated_at&quot;:&quot;2026-02-14T01:54:06.899364+00:00&quot;,&quot;has_csv&quot;:true,&quot;outcome&quot;:&quot;accepted&quot;,&quot;billable&quot;:false},{&quot;id&quot;:&quot;3c031959-f5de-4999-ac96-81bd0421afdc&quot;,&quot;lead_id&quot;:&quot;a06b7707-5536-479f-a9f8-84936b1dae1d&quot;,&quot;client_id&quot;:&quot;a8cd08b1-d2e8-496e-a175-c9fbdd7fe7f1&quot;,&quot;client_name&quot;:&quot;TEST_Client_MDL_4ae01bb6&quot;,&quot;commande_id&quot;:&quot;bf7e80b4-5491-43a3-8ec7-979a67aca200&quot;,&quot;entity&quot;:&quot;MDL&quot;,&quot;produit&quot;:&quot;PV&quot;,&quot;delivery_method&quot;:&quot;realtime&quot;,&quot;status&quot;:&quot;ready_to_send&quot;,&quot;is_lb&quot;:false,&quot;created_at&quot;:&quot;2026-02-14T00:26:49.506389+00:00&quot;,&quot;sent_at&quot;:&quot;2026-02-14T00:30:44.904615+00:00&quot;,&quot;cleanup_note&quot;:&quot;Reset from fake 'sent' status - data cleanup 2026-02-14&quot;,&quot;last_error&quot;:null,&quot;last_sent_at&quot;:null,&quot;send_attempts&quot;:0,&quot;sent_to&quot;:[],&quot;updated_at&quot;:&quot;2026-02-14T01:54:06.894264+00:00&quot;,&quot;csv_filename&quot;:&quot;lead_MDL_PV_a06b7707.csv&quot;,&quot;csv_generated_at&quot;:&quot;2026-02-14T01:54:06.894264+00:00&quot;,&quot;has_csv&quot;:true,&quot;outcome&quot;:&quot;accepted&quot;,&quot;billable&quot;:false},{&quot;id&quot;:&quot;72c66d50-3067-4c91-b824-cab6ba6f0ad7&quot;,&quot;lead_id&quot;:&quot;95dae193-cba4-4ac2-a0e2-800149d38851&quot;,&quot;client_id&quot;:&quot;a8cd08b1-d2e8-496e-a175-c9fbdd7fe7f1&quot;,&quot;client_name&quot;:&quot;TEST_Client_MDL_4ae01bb6&quot;,&quot;commande_id&quot;:&quot;72b1bbb4-9ce2-43d9-a1b0-a36ac1303048&quot;,&quot;entity&quot;:&quot;MDL&quot;,&quot;produit&quot;:&quot;PAC&quot;,&quot;delivery_method&quot;:&quot;realtime&quot;,&quot;status&quot;:&quot;ready_to_send&quot;,&quot;is_lb&quot;:false,&quot;created_at&quot;:&quot;2026-02-14T00:26:49.228450+00:00&quot;,&quot;sent_at&quot;:&quot;2026-02-14T00:30:47.910687+00:00&quot;,&quot;cleanup_note&quot;:&quot;Reset from fake 'sent' status - data cleanup 2026-02-14&quot;,&quot;last_error&quot;:null,&quot;last_sent_at&quot;:null,&quot;send_attempts&quot;:0,&quot;sent_to&quot;:[],&quot;updated_at&quot;:&quot;2026-02-14T01:54:06.891465+00:00&quot;,&quot;csv_filename&quot;:&quot;lead_MDL_PAC_95dae193.csv&quot;,&quot;csv_generated_at&quot;:&quot;2026-02-14T01:54:06.891465+00:00&quot;,&quot;has_csv&quot;:true,&quot;outcome&quot;:&quot;accepted&quot;,&quot;billable&quot;:false},{&quot;id&quot;:&quot;6012ad31-1539-4e6a-9aee-fd3bf22ccecf&quot;,&quot;lead_id&quot;:&quot;12df2d11-dc1c-40ec-9819-0d3439294371&quot;,&quot;client_id&quot;:&quot;a8cd08b1-d2e8-496e-a175-c9fbdd7fe7f1&quot;,&quot;client_name&quot;:&quot;TEST_Client_MDL_4ae01bb6&quot;,&quot;commande_id&quot;:&quot;bf7e80b4-5491-43a3-8ec7-979a67aca200&quot;,&quot;entity&quot;:&quot;MDL&quot;,&quot;produit&quot;:&quot;PV&quot;,&quot;delivery_method&quot;:&quot;realtime&quot;,&quot;status&quot;:&quot;ready_to_send&quot;,&quot;is_lb&quot;:false,&quot;created_at&quot;:&quot;2026-02-14T00:26:48.992638+00:00&quot;,&quot;sent_at&quot;:&quot;2026-02-14T00:30:44.904615+00:00&quot;,&quot;cleanup_note&quot;:&quot;Reset from fake 'sent' status - data cleanup 2026-02-14&quot;,&quot;last_error&quot;:null,&quot;last_sent_at&quot;:null,&quot;send_attempts&quot;:0,&quot;sent_to&quot;:[],&quot;updated_at&quot;:&quot;2026-02-14T01:54:06.888536+00:00&quot;,&quot;csv_filename&quot;:&quot;lead_MDL_PV_12df2d11.csv&quot;,&quot;csv_generated_at&quot;:&quot;2026-02-14T01:54:06.888536+00:00&quot;,&quot;has_csv&quot;:true,&quot;outcome&quot;:&quot;accepted&quot;,&quot;billable&quot;:false},{&quot;id&quot;:&quot;7d0c7305-85ee-47f8-9525-d8489e4955ba&quot;,&quot;lead_id&quot;:&quot;2b99c699-f776-4bc8-a182-c0645b8cb9f7&quot;,&quot;client_id&quot;:&quot;a8cd08b1-d2e8-496e-a175-c9fbdd7fe7f1&quot;,&quot;client_name&quot;:&quot;TEST_Client_MDL_4ae01bb6&quot;,&quot;commande_id&quot;:&quot;bf7e80b4-5491-43a3-8ec7-979a67aca200&quot;,&quot;entity&quot;:&quot;MDL&quot;,&quot;produit&quot;:&quot;PV&quot;,&quot;delivery_method&quot;:&quot;realtime&quot;,&quot;status&quot;:&quot;ready_to_send&quot;,&quot;is_lb&quot;:false,&quot;created_at&quot;:&quot;2026-02-14T00:26:48.620691+00:00&quot;,&quot;sent_at&quot;:&quot;2026-02-14T00:30:44.904615+00:00&quot;,&quot;cleanup_note&quot;:&quot;Reset from fake 'sent' status - data cleanup 2026-02-14&quot;,&quot;last_error&quot;:null,&quot;last_sent_at&quot;:null,&quot;send_attempts&quot;:0,&quot;sent_to&quot;:[],&quot;updated_at&quot;:&quot;2026-02-14T01:54:06.885695+00:00&quot;,&quot;csv_filename&quot;:&quot;lead_MDL_PV_2b99c699.csv&quot;,&quot;csv_generated_at&quot;:&quot;2026-02-14T01:54:06.885695+00:00&quot;,&quot;has_csv&quot;:true,&quot;outcome&quot;:&quot;accepted&quot;,&quot;billable&quot;:false},{&quot;id&quot;:&quot;a3b86d27-aad0-4fb3-8932-31a9037223a2&quot;,&quot;lead_id&quot;:&quot;f06b2e53-568a-4317-97cd-02946ecba20f&quot;,&quot;client_id&quot;:&quot;a8cd08b1-d2e8-496e-a175-c9fbdd7fe7f1&quot;,&quot;client_name&quot;:&quot;TEST_Client_MDL_4ae01bb6&quot;,&quot;commande_id&quot;:&quot;bf7e80b4-5491-43a3-8ec7-979a67aca200&quot;,&quot;entity&quot;:&quot;MDL&quot;,&quot;produit&quot;:&quot;PV&quot;,&quot;delivery_method&quot;:&quot;realtime&quot;,&quot;status&quot;:&quot;ready_to_send&quot;,&quot;is_lb&quot;:false,&quot;created_at&quot;:&quot;2026-02-14T00:26:48.337975+00:00&quot;,&quot;sent_at&quot;:&quot;2026-02-14T00:30:44.904615+00:00&quot;,&quot;cleanup_note&quot;:&quot;Reset from fake 'sent' status - data cleanup 2026-02-14&quot;,&quot;last_error&quot;:null,&quot;last_sent_at&quot;:null,&quot;send_attempts&quot;:0,&quot;sent_to&quot;:[],&quot;updated_at&quot;:&quot;2026-02-14T01:54:06.883013+00:00&quot;,&quot;csv_filename&quot;:&quot;lead_MDL_PV_f06b2e53.csv&quot;,&quot;csv_generated_at&quot;:&quot;2026-02-14T01:54:06.883013+00:00&quot;,&quot;has_csv&quot;:true,&quot;outcome&quot;:&quot;accepted&quot;,&quot;billable&quot;:false},{&quot;id&quot;:&quot;8733cdef-2253-431e-911f-0b2e5ef98684&quot;,&quot;lead_id&quot;:&quot;ae0bfdc0-bcb7-4da9-9adb-e13fa7951d5c&quot;,&quot;client_id&quot;:&quot;a8cd08b1-d2e8-496e-a175-c9fbdd7fe7f1&quot;,&quot;client_name&quot;:&quot;TEST_Client_MDL_4ae01bb6&quot;,&quot;commande_id&quot;:&quot;72b1bbb4-9ce2-43d9-a1b0-a36ac1303048&quot;,&quot;entity&quot;:&quot;MDL&quot;,&quot;produit&quot;:&quot;PAC&quot;,&quot;delivery_method&quot;:&quot;realtime&quot;,&quot;status&quot;:&quot;ready_to_send&quot;,&quot;is_lb&quot;:false,&quot;created_at&quot;:&quot;2026-02-14T00:26:48.077978+00:00&quot;,&quot;sent_at&quot;:&quot;2026-02-14T00:30:47.910687+00:00&quot;,&quot;cleanup_note&quot;:&quot;Reset from fake 'sent' status - data cleanup 2026-02-14&quot;,&quot;last_error&quot;:null,&quot;last_sent_at&quot;:null,&quot;send_attempts&quot;:0,&quot;sent_to&quot;:[],&quot;updated_at&quot;:&quot;2026-02-14T01:54:06.880147+00:00&quot;,&quot;csv_filename&quot;:&quot;lead_MDL_PAC_ae0bfdc0.csv&quot;,&quot;csv_generated_at&quot;:&quot;2026-02-14T01:54:06.880147+00:00&quot;,&quot;has_csv&quot;:true,&quot;outcome&quot;:&quot;accepted&quot;,&quot;billable&quot;:false},{&quot;id&quot;:&quot;66c62cc8-3974-4662-a4ef-3e40541e0eca&quot;,&quot;lead_id&quot;:&quot;7646716d-353b-436c-879c-61bf045f22d5&quot;,&quot;client_id&quot;:&quot;a8cd08b1-d2e8-496e-a175-c9fbdd7fe7f1&quot;,&quot;client_name&quot;:&quot;TEST_Client_MDL_4ae01bb6&quot;,&quot;commande_id&quot;:&quot;9cfe3094-ef58-4ac4-8cfd-6b9d056e4fc8&quot;,&quot;entity&quot;:&quot;MDL&quot;,&quot;produit&quot;:&quot;ITE&quot;,&quot;delivery_method&quot;:&quot;realtime&quot;,&quot;status&quot;:&quot;ready_to_send&quot;,&quot;is_lb&quot;:false,&quot;created_at&quot;:&quot;2026-02-14T00:26:47.842796+00:00&quot;,&quot;sent_at&quot;:&quot;2026-02-14T00:30:49.310426+00:00&quot;,&quot;cleanup_note&quot;:&quot;Reset from fake 'sent' status - data cleanup 2026-02-14&quot;,&quot;last_error&quot;:null,&quot;last_sent_at&quot;:null,&quot;send_attempts&quot;:0,&quot;sent_to&quot;:[],&quot;updated_at&quot;:&quot;2026-02-14T01:54:06.877250+00:00&quot;,&quot;csv_filename&quot;:&quot;lead_MDL_ITE_7646716d.csv&quot;,&quot;csv_generated_at&quot;:&quot;2026-02-14T01:54:06.877250+00:00&quot;,&quot;has_csv&quot;:true,&quot;outcome&quot;:&quot;accepted&quot;,&quot;billable&quot;:false},{&quot;id&quot;:&quot;c48a6e75-6b5a-4ef7-bbaf-56b9cdb436df&quot;,&quot;lead_id&quot;:&quot;02191ce4-8fd5-45ac-b72b-2f1c87911d09&quot;,&quot;client_id&quot;:&quot;a8cd08b1-d2e8-496e-a175-c9fbdd7fe7f1&quot;,&quot;client_name&quot;:&quot;TEST_Client_MDL_4ae01bb6&quot;,&quot;commande_id&quot;:&quot;bf7e80b4-5491-43a3-8ec7-979a67aca200&quot;,&quot;entity&quot;:&quot;MDL&quot;,&quot;produit&quot;:&quot;PV&quot;,&quot;delivery_method&quot;:&quot;realtime&quot;,&quot;status&quot;:&quot;ready_to_send&quot;,&quot;is_lb&quot;:false,&quot;created_at&quot;:&quot;2026-02-14T00:26:47.629750+00:00&quot;,&quot;sent_at&quot;:&quot;2026-02-14T00:30:44.904615+00:00&quot;,&quot;cleanup_note&quot;:&quot;Reset from fake 'sent' status - data cleanup 2026-02-14&quot;,&quot;last_error&quot;:null,&quot;last_sent_at&quot;:null,&quot;send_attempts&quot;:0,&quot;sent_to&quot;:[],&quot;updated_at&quot;:&quot;2026-02-14T01:54:06.874267+00:00&quot;,&quot;csv_filename&quot;:&quot;lead_MDL_PV_02191ce4.csv&quot;,&quot;csv_generated_at&quot;:&quot;2026-02-14T01:54:06.874267+00:00&quot;,&quot;has_csv&quot;:true,&quot;outcome&quot;:&quot;accepted&quot;,&quot;billable&quot;:false},{&quot;id&quot;:&quot;27916b11-2a5b-45bf-bb6f-66f90e315299&quot;,&quot;lead_id&quot;:&quot;43e9b80f-79f5-498e-b739-94bbd1364360&quot;,&quot;client_id&quot;:&quot;a8cd08b1-d2e8-496e-a175-c9fbdd7fe7f1&quot;,&quot;client_name&quot;:&quot;TEST_Client_MDL_4ae01bb6&quot;,&quot;commande_id&quot;:&quot;9cfe3094-ef58-4ac4-8cfd-6b9d056e4fc8&quot;,&quot;entity&quot;:&quot;MDL&quot;,&quot;produit&quot;:&quot;ITE&quot;,&quot;delivery_method&quot;:&quot;realtime&quot;,&quot;status&quot;:&quot;ready_to_send&quot;,&quot;is_lb&quot;:false,&quot;created_at&quot;:&quot;2026-02-14T00:26:47.365745+00:00&quot;,&quot;sent_at&quot;:&quot;2026-02-14T00:30:49.310426+00:00&quot;,&quot;cleanup_note&quot;:&quot;Reset from fake 'sent' status - data cleanup 2026-02-14&quot;,&quot;last_error&quot;:null,&quot;last_sent_at&quot;:null,&quot;send_attempts&quot;:0,&quot;sent_to&quot;:[],&quot;updated_at&quot;:&quot;2026-02-14T01:54:06.871156+00:00&quot;,&quot;csv_filename&quot;:&quot;lead_MDL_ITE_43e9b80f.csv&quot;,&quot;csv_generated_at&quot;:&quot;2026-02-14T01:54:06.871156+00:00&quot;,&quot;has_csv&quot;:true,&quot;outcome&quot;:&quot;accepted&quot;,&quot;billable&quot;:false},{&quot;id&quot;:&quot;5c888d4a-30a9-4bbb-a8c6-be6ee8c1636d&quot;,&quot;lead_id&quot;:&quot;0814ca9f-c4a3-4096-a51b-faf2faf056da&quot;,&quot;client_id&quot;:&quot;a8cd08b1-d2e8-496e-a175-c9fbdd7fe7f1&quot;,&quot;client_name&quot;:&quot;TEST_Client_MDL_4ae01bb6&quot;,&quot;commande_id&quot;:&quot;bf7e80b4-5491-43a3-8ec7-979a67aca200&quot;,&quot;entity&quot;:&quot;MDL&quot;,&quot;produit&quot;:&quot;PV&quot;,&quot;delivery_method&quot;:&quot;realtime&quot;,&quot;status&quot;:&quot;ready_to_send&quot;,&quot;is_lb&quot;:false,&quot;created_at&quot;:&quot;2026-02-14T00:26:47.113794+00:00&quot;,&quot;sent_at&quot;:&quot;2026-02-14T00:30:44.904615+00:00&quot;,&quot;cleanup_note&quot;:&quot;Reset from fake 'sent' status - data cleanup 2026-02-14&quot;,&quot;last_error&quot;:null,&quot;last_sent_at&quot;:null,&quot;send_attempts&quot;:0,&quot;sent_to&quot;:[],&quot;updated_at&quot;:&quot;2026-02-14T01:54:06.866650+00:00&quot;,&quot;csv_filename&quot;:&quot;lead_MDL_PV_0814ca9f.csv&quot;,&quot;csv_generated_at&quot;:&quot;2026-02-14T01:54:06.866650+00:00&quot;,&quot;has_csv&quot;:true,&quot;outcome&quot;:&quot;accepted&quot;,&quot;billable&quot;:false},{&quot;id&quot;:&quot;23dd3270-f07a-4dc8-9bf3-1c30fc777398&quot;,&quot;lead_id&quot;:&quot;9adcdff5-4081-4d8c-b769-a8f94663ba20&quot;,&quot;client_id&quot;:&quot;a8cd08b1-d2e8-496e-a175-c9fbdd7fe7f1&quot;,&quot;client_name&quot;:&quot;TEST_Client_MDL_4ae01bb6&quot;,&quot;commande_id&quot;:&quot;9cfe3094-ef58-4ac4-8cfd-6b9d056e4fc8&quot;,&quot;entity&quot;:&quot;MDL&quot;,&quot;produit&quot;:&quot;ITE&quot;,&quot;delivery_method&quot;:&quot;realtime&quot;,&quot;status&quot;:&quot;ready_to_send&quot;,&quot;is_lb&quot;:false,&quot;created_at&quot;:&quot;2026-02-14T00:26:46.877439+00:00&quot;,&quot;sent_at&quot;:&quot;2026-02-14T00:30:49.310426+00:00&quot;,&quot;cleanup_note&quot;:&quot;Reset from fake 'sent' status - data cleanup 2026-02-14&quot;,&quot;last_error&quot;:null,&quot;last_sent_at&quot;:null,&quot;send_attempts&quot;:0,&quot;sent_to&quot;:[],&quot;updated_at&quot;:&quot;2026-02-14T01:54:06.863670+00:00&quot;,&quot;csv_filename&quot;:&quot;lead_MDL_ITE_9adcdff5.csv&quot;,&quot;csv_generated_at&quot;:&quot;2026-02-14T01:54:06.863670+00:00&quot;,&quot;has_csv&quot;:true,&quot;outcome&quot;:&quot;accepted&quot;,&quot;billable&quot;:false},{&quot;id&quot;:&quot;6c9ea349-eb60-4e13-a4f4-457721ad686c&quot;,&quot;lead_id&quot;:&quot;ba0df0c9-e710-4bb5-bff8-274caedd3036&quot;,&quot;client_id&quot;:&quot;a8cd08b1-d2e8-496e-a175-c9fbdd7fe7f1&quot;,&quot;client_name&quot;:&quot;TEST_Client_MDL_4ae01bb6&quot;,&quot;commande_id&quot;:&quot;bf7e80b4-5491-43a3-8ec7-979a67aca200&quot;,&quot;entity&quot;:&quot;MDL&quot;,&quot;produit&quot;:&quot;PV&quot;,&quot;delivery_method&quot;:&quot;realtime&quot;,&quot;status&quot;:&quot;ready_to_send&quot;,&quot;is_lb&quot;:false,&quot;created_at&quot;:&quot;2026-02-14T00:26:46.644850+00:00&quot;,&quot;sent_at&quot;:&quot;2026-02-14T00:30:44.904615+00:00&quot;,&quot;cleanup_note&quot;:&quot;Reset from fake 'sent' status - data cleanup 2026-02-14&quot;,&quot;last_error&quot;:null,&quot;last_sent_at&quot;:null,&quot;send_attempts&quot;:0,&quot;sent_to&quot;:[],&quot;updated_at&quot;:&quot;2026-02-14T01:54:06.860608+00:00&quot;,&quot;csv_filename&quot;:&quot;lead_MDL_PV_ba0df0c9.csv&quot;,&quot;csv_generated_at&quot;:&quot;2026-02-14T01:54:06.860608+00:00&quot;,&quot;has_csv&quot;:true,&quot;outcome&quot;:&quot;accepted&quot;,&quot;billable&quot;:false},{&quot;id&quot;:&quot;cf5c68b5-8e2b-4db8-8ad1-1932f1a3a8ba&quot;,&quot;lead_id&quot;:&quot;73c38fe7-0b4a-4ba9-a8f4-e4bbf9ef6972&quot;,&quot;client_id&quot;:&quot;a8cd08b1-d2e8-496e-a175-c9fbdd7fe7f1&quot;,&quot;client_name&quot;:&quot;TEST_Client_MDL_4ae01bb6&quot;,&quot;commande_id&quot;:&quot;9cfe3094-ef58-4ac4-8cfd-6b9d056e4fc8&quot;,&quot;entity&quot;:&quot;MDL&quot;,&quot;produit&quot;:&quot;ITE&quot;,&quot;delivery_method&quot;:&quot;realtime&quot;,&quot;status&quot;:&quot;ready_to_send&quot;,&quot;is_lb&quot;:false,&quot;created_at&quot;:&quot;2026-02-14T00:26:46.403490+00:00&quot;,&quot;sent_at&quot;:&quot;2026-02-14T00:30:49.310426+00:00&quot;,&quot;cleanup_note&quot;:&quot;Reset from fake 'sent' status - data cleanup 2026-02-14&quot;,&quot;last_error&quot;:null,&quot;last_sent_at&quot;:null,&quot;send_attempts&quot;:0,&quot;sent_to&quot;:[],&quot;updated_at&quot;:&quot;2026-02-14T01:54:06.857312+00:00&quot;,&quot;csv_filename&quot;:&quot;lead_MDL_ITE_73c38fe7.csv&quot;,&quot;csv_generated_at&quot;:&quot;2026-02-14T01:54:06.857312+00:00&quot;,&quot;has_csv&quot;:true,&quot;outcome&quot;:&quot;accepted&quot;,&quot;billable&quot;:false},{&quot;id&quot;:&quot;71d2399e-2e68-4348-b9ed-f02eaf29202b&quot;,&quot;lead_id&quot;:&quot;838a1ea8-51df-413a-852c-f8d31e0387c3&quot;,&quot;client_id&quot;:&quot;a8cd08b1-d2e8-496e-a175-c9fbdd7fe7f1&quot;,&quot;client_name&quot;:&quot;TEST_Client_MDL_4ae01bb6&quot;,&quot;commande_id&quot;:&quot;72b1bbb4-9ce2-43d9-a1b0-a36ac1303048&quot;,&quot;entity&quot;:&quot;MDL&quot;,&quot;produit&quot;:&quot;PAC&quot;,&quot;delivery_method&quot;:&quot;realtime&quot;,&quot;status&quot;:&quot;ready_to_send&quot;,&quot;is_lb&quot;:false,&quot;created_at&quot;:&quot;2026-02-14T00:26:46.157381+00:00&quot;,&quot;sent_at&quot;:&quot;2026-02-14T00:30:47.910687+00:00&quot;,&quot;cleanup_note&quot;:&quot;Reset from fake 'sent' status - data cleanup 2026-02-14&quot;,&quot;last_error&quot;:null,&quot;last_sent_at&quot;:null,&quot;send_attempts&quot;:0,&quot;sent_to&quot;:[],&quot;updated_at&quot;:&quot;2026-02-14T01:54:06.853564+00:00&quot;,&quot;csv_filename&quot;:&quot;lead_MDL_PAC_838a1ea8.csv&quot;,&quot;csv_generated_at&quot;:&quot;2026-02-14T01:54:06.853564+00:00&quot;,&quot;has_csv&quot;:true,&quot;outcome&quot;:&quot;accepted&quot;,&quot;billable&quot;:false},{&quot;id&quot;:&quot;68987899-1503-409b-9249-11b2f0a76676&quot;,&quot;lead_id&quot;:&quot;9255192a-41f9-496e-985e-aec6d435eee4&quot;,&quot;client_id&quot;:&quot;a8cd08b1-d2e8-496e-a175-c9fbdd7fe7f1&quot;,&quot;client_name&quot;:&quot;TEST_Client_MDL_4ae01bb6&quot;,&quot;commande_id&quot;:&quot;72b1bbb4-9ce2-43d9-a1b0-a36ac1303048&quot;,&quot;entity&quot;:&quot;MDL&quot;,&quot;produit&quot;:&quot;PAC&quot;,&quot;delivery_method&quot;:&quot;realtime&quot;,&quot;status&quot;:&quot;ready_to_send&quot;,&quot;is_lb&quot;:false,&quot;created_at&quot;:&quot;2026-02-14T00:26:45.912608+00:00&quot;,&quot;sent_at&quot;:&quot;2026-02-14T00:30:47.910687+00:00&quot;,&quot;cleanup_note&quot;:&quot;Reset from fake 'sent' status - data cleanup 2026-02-14&quot;,&quot;last_error&quot;:null,&quot;last_sent_at&quot;:null,&quot;send_attempts&quot;:0,&quot;sent_to&quot;:[],&quot;updated_at&quot;:&quot;2026-02-14T01:54:06.850654+00:00&quot;,&quot;csv_filename&quot;:&quot;lead_MDL_PAC_9255192a.csv&quot;,&quot;csv_generated_at&quot;:&quot;2026-02-14T01:54:06.850654+00:00&quot;,&quot;has_csv&quot;:true,&quot;outcome&quot;:&quot;accepted&quot;,&quot;billable&quot;:false},{&quot;id&quot;:&quot;a589a12d-6e74-4427-bc38-b2dfd99ca4f8&quot;,&quot;lead_id&quot;:&quot;5723b994-e5f9-4330-9176-30d170968c0d&quot;,&quot;client_id&quot;:&quot;a8cd08b1-d2e8-496e-a175-c9fbdd7fe7f1&quot;,&quot;client_name&quot;:&quot;TEST_Client_MDL_4ae01bb6&quot;,&quot;commande_id&quot;:&quot;9cfe3094-ef58-4ac4-8cfd-6b9d056e4fc8&quot;,&quot;entity&quot;:&quot;MDL&quot;,&quot;produit&quot;:&quot;ITE&quot;,&quot;delivery_method&quot;:&quot;realtime&quot;,&quot;status&quot;:&quot;ready_to_send&quot;,&quot;is_lb&quot;:false,&quot;created_at&quot;:&quot;2026-02-14T00:26:45.662097+00:00&quot;,&quot;sent_at&quot;:&quot;2026-02-14T00:30:49.310426+00:00&quot;,&quot;cleanup_note&quot;:&quot;Reset from fake 'sent' status - data cleanup 2026-02-14&quot;,&quot;last_error&quot;:null,&quot;last_sent_at&quot;:null,&quot;send_attempts&quot;:0,&quot;sent_to&quot;:[],&quot;updated_at&quot;:&quot;2026-02-14T01:54:06.847743+00:00&quot;,&quot;csv_filename&quot;:&quot;lead_MDL_ITE_5723b994.csv&quot;,&quot;csv_generated_at&quot;:&quot;2026-02-14T01:54:06.847743+00:00&quot;,&quot;has_csv&quot;:true,&quot;outcome&quot;:&quot;accepted&quot;,&quot;billable&quot;:false},{&quot;id&quot;:&quot;95b1212b-63d9-4135-b875-ba0bfc80373b&quot;,&quot;lead_id&quot;:&quot;a360e18f-620d-48e4-a4bb-f7e9a48adc7e&quot;,&quot;client_id&quot;:&quot;a8cd08b1-d2e8-496e-a175-c9fbdd7fe7f1&quot;,&quot;client_name&quot;:&quot;TEST_Client_MDL_4ae01bb6&quot;,&quot;commande_id&quot;:&quot;72b1bbb4-9ce2-43d9-a1b0-a36ac1303048&quot;,&quot;entity&quot;:&quot;MDL&quot;,&quot;produit&quot;:&quot;PAC&quot;,&quot;delivery_method&quot;:&quot;realtime&quot;,&quot;status&quot;:&quot;ready_to_send&quot;,&quot;is_lb&quot;:false,&quot;created_at&quot;:&quot;2026-02-14T00:26:45.306627+00:00&quot;,&quot;sent_at&quot;:&quot;2026-02-14T00:30:47.910687+00:00&quot;,&quot;cleanup_note&quot;:&quot;Reset from fake 'sent' status - data cleanup 2026-02-14&quot;,&quot;last_error&quot;:null,&quot;last_sent_at&quot;:null,&quot;send_attempts&quot;:0,&quot;sent_to&quot;:[],&quot;updated_at&quot;:&quot;2026-02-14T01:54:06.844623+00:00&quot;,&quot;csv_filename&quot;:&quot;lead_MDL_PAC_a360e18f.csv&quot;,&quot;csv_generated_at&quot;:&quot;2026-02-14T01:54:06.844623+00:00&quot;,&quot;has_csv&quot;:true,&quot;outcome&quot;:&quot;accepted&quot;,&quot;billable&quot;:false},{&quot;id&quot;:&quot;0b7dd4f6-423a-49f5-84d3-1e40b4bd8312&quot;,&quot;lead_id&quot;:&quot;9f4258d4-4348-4a7c-9f64-056fb0a3c3fa&quot;,&quot;client_id&quot;:&quot;a8cd08b1-d2e8-496e-a175-c9fbdd7fe7f1&quot;,&quot;client_name&quot;:&quot;TEST_Client_MDL_4ae01bb6&quot;,&quot;commande_id&quot;:&quot;bf7e80b4-5491-43a3-8ec7-979a67aca200&quot;,&quot;entity&quot;:&quot;MDL&quot;,&quot;produit&quot;:&quot;PV&quot;,&quot;delivery_method&quot;:&quot;realtime&quot;,&quot;status&quot;:&quot;ready_to_send&quot;,&quot;is_lb&quot;:false,&quot;created_at&quot;:&quot;2026-02-14T00:26:45.053295+00:00&quot;,&quot;sent_at&quot;:&quot;2026-02-14T00:30:44.904615+00:00&quot;,&quot;cleanup_note&quot;:&quot;Reset from fake 'sent' status - data cleanup 2026-02-14&quot;,&quot;last_error&quot;:null,&quot;last_sent_at&quot;:null,&quot;send_attempts&quot;:0,&quot;sent_to&quot;:[],&quot;updated_at&quot;:&quot;2026-02-14T01:54:06.841649+00:00&quot;,&quot;csv_filename&quot;:&quot;lead_MDL_PV_9f4258d4.csv&quot;,&quot;csv_generated_at&quot;:&quot;2026-02-14T01:54:06.841649+00:00&quot;,&quot;has_csv&quot;:true,&quot;outcome&quot;:&quot;accepted&quot;,&quot;billable&quot;:false},{&quot;id&quot;:&quot;419d4041-c70a-49e2-8467-ccf0ee1c7634&quot;,&quot;lead_id&quot;:&quot;46679c36-31e7-4ef5-9816-a14c4acfde21&quot;,&quot;client_id&quot;:&quot;a8cd08b1-d2e8-496e-a175-c9fbdd7fe7f1&quot;,&quot;client_name&quot;:&quot;TEST_Client_MDL_4ae01bb6&quot;,&quot;commande_id&quot;:&quot;bf7e80b4-5491-43a3-8ec7-979a67aca200&quot;,&quot;entity&quot;:&quot;MDL&quot;,&quot;produit&quot;:&quot;PV&quot;,&quot;delivery_method&quot;:&quot;realtime&quot;,&quot;status&quot;:&quot;ready_to_send&quot;,&quot;is_lb&quot;:false,&quot;created_at&quot;:&quot;2026-02-14T00:26:44.819798+00:00&quot;,&quot;sent_at&quot;:&quot;2026-02-14T00:30:44.904615+00:00&quot;,&quot;cleanup_note&quot;:&quot;Reset from fake 'sent' status - data cleanup 2026-02-14&quot;,&quot;last_error&quot;:null,&quot;last_sent_at&quot;:null,&quot;send_attempts&quot;:0,&quot;sent_to&quot;:[],&quot;updated_at&quot;:&quot;2026-02-14T01:54:06.838958+00:00&quot;,&quot;csv_filename&quot;:&quot;lead_MDL_PV_46679c36.csv&quot;,&quot;csv_generated_at&quot;:&quot;2026-02-14T01:54:06.838958+00:00&quot;,&quot;has_csv&quot;:true,&quot;outcome&quot;:&quot;accepted&quot;,&quot;billable&quot;:false},{&quot;id&quot;:&quot;e23f2c12-e5ce-430b-888c-2b69a28b61a9&quot;,&quot;lead_id&quot;:&quot;2b4fe689-33eb-4169-98aa-997e36d81f16&quot;,&quot;client_id&quot;:&quot;a8cd08b1-d2e8-496e-a175-c9fbdd7fe7f1&quot;,&quot;client_name&quot;:&quot;TEST_Client_MDL_4ae01bb6&quot;,&quot;commande_id&quot;:&quot;9cfe3094-ef58-4ac4-8cfd-6b9d056e4fc8&quot;,&quot;entity&quot;:&quot;MDL&quot;,&quot;produit&quot;:&quot;ITE&quot;,&quot;delivery_method&quot;:&quot;realtime&quot;,&quot;status&quot;:&quot;ready_to_send&quot;,&quot;is_lb&quot;:false,&quot;created_at&quot;:&quot;2026-02-14T00:26:44.596433+00:00&quot;,&quot;sent_at&quot;:&quot;2026-02-14T00:30:49.310426+00:00&quot;,&quot;cleanup_note&quot;:&quot;Reset from fake 'sent' status - data cleanup 2026-02-14&quot;,&quot;last_error&quot;:null,&quot;last_sent_at&quot;:null,&quot;send_attempts&quot;:0,&quot;sent_to&quot;:[],&quot;updated_at&quot;:&quot;2026-02-14T01:54:06.835959+00:00&quot;,&quot;csv_filename&quot;:&quot;lead_MDL_ITE_2b4fe689.csv&quot;,&quot;csv_generated_at&quot;:&quot;2026-02-14T01:54:06.835959+00:00&quot;,&quot;has_csv&quot;:true,&quot;outcome&quot;:&quot;accepted&quot;,&quot;billable&quot;:false},{&quot;id&quot;:&quot;eacd4a63-2a7c-46b1-a4ae-9bed0ef9f494&quot;,&quot;lead_id&quot;:&quot;1ae39b5d-97c0-41e3-b287-f74b9784e30e&quot;,&quot;client_id&quot;:&quot;a8cd08b1-d2e8-496e-a175-c9fbdd7fe7f1&quot;,&quot;client_name&quot;:&quot;TEST_Client_MDL_4ae01bb6&quot;,&quot;commande_id&quot;:&quot;72b1bbb4-9ce2-43d9-a1b0-a36ac1303048&quot;,&quot;entity&quot;:&quot;MDL&quot;,&quot;produit&quot;:&quot;PAC&quot;,&quot;delivery_method&quot;:&quot;realtime&quot;,&quot;status&quot;:&quot;ready_to_send&quot;,&quot;is_lb&quot;:false,&quot;created_at&quot;:&quot;2026-02-14T00:26:44.298805+00:00&quot;,&quot;sent_at&quot;:&quot;2026-02-14T00:30:47.910687+00:00&quot;,&quot;cleanup_note&quot;:&quot;Reset from fake 'sent' status - data cleanup 2026-02-14&quot;,&quot;last_error&quot;:null,&quot;last_sent_at&quot;:null,&quot;send_attempts&quot;:0,&quot;sent_to&quot;:[],&quot;updated_at&quot;:&quot;2026-02-14T01:54:06.832758+00:00&quot;,&quot;csv_filename&quot;:&quot;lead_MDL_PAC_1ae39b5d.csv&quot;,&quot;csv_generated_at&quot;:&quot;2026-02-14T01:54:06.832758+00:00&quot;,&quot;has_csv&quot;:true,&quot;outcome&quot;:&quot;accepted&quot;,&quot;billable&quot;:false},{&quot;id&quot;:&quot;0f7f5e54-d3f7-4e8c-aa76-e07801079e47&quot;,&quot;lead_id&quot;:&quot;0741fb9b-b866-4890-b6b3-033d4bb57679&quot;,&quot;client_id&quot;:&quot;a8cd08b1-d2e8-496e-a175-c9fbdd7fe7f1&quot;,&quot;client_name&quot;:&quot;TEST_Client_MDL_4ae01bb6&quot;,&quot;commande_id&quot;:&quot;9cfe3094-ef58-4ac4-8cfd-6b9d056e4fc8&quot;,&quot;entity&quot;:&quot;MDL&quot;,&quot;produit&quot;:&quot;ITE&quot;,&quot;delivery_method&quot;:&quot;realtime&quot;,&quot;status&quot;:&quot;ready_to_send&quot;,&quot;is_lb&quot;:false,&quot;created_at&quot;:&quot;2026-02-14T00:26:43.876869+00:00&quot;,&quot;sent_at&quot;:&quot;2026-02-14T00:30:49.310426+00:00&quot;,&quot;cleanup_note&quot;:&quot;Reset from fake 'sent' status - data cleanup 2026-02-14&quot;,&quot;last_error&quot;:null,&quot;last_sent_at&quot;:null,&quot;send_attempts&quot;:0,&quot;sent_to&quot;:[],&quot;updated_at&quot;:&quot;2026-02-14T01:54:06.829820+00:00&quot;,&quot;csv_filename&quot;:&quot;lead_MDL_ITE_0741fb9b.csv&quot;,&quot;csv_generated_at&quot;:&quot;2026-02-14T01:54:06.829820+00:00&quot;,&quot;has_csv&quot;:true,&quot;outcome&quot;:&quot;accepted&quot;,&quot;billable&quot;:false},{&quot;id&quot;:&quot;51c46df3-29d4-41cf-91c6-05d6d3ca19ad&quot;,&quot;lead_id&quot;:&quot;6c96db2f-940c-48c6-b5fc-8fb8e1571402&quot;,&quot;client_id&quot;:&quot;a8cd08b1-d2e8-496e-a175-c9fbdd7fe7f1&quot;,&quot;client_name&quot;:&quot;TEST_Client_MDL_4ae01bb6&quot;,&quot;commande_id&quot;:&quot;bf7e80b4-5491-43a3-8ec7-979a67aca200&quot;,&quot;entity&quot;:&quot;MDL&quot;,&quot;produit&quot;:&quot;PV&quot;,&quot;delivery_method&quot;:&quot;realtime&quot;,&quot;status&quot;:&quot;ready_to_send&quot;,&quot;is_lb&quot;:false,&quot;created_at&quot;:&quot;2026-02-14T00:26:43.637686+00:00&quot;,&quot;sent_at&quot;:&quot;2026-02-14T00:30:44.904615+00:00&quot;,&quot;cleanup_note&quot;:&quot;Reset from fake 'sent' status - data cleanup 2026-02-14&quot;,&quot;last_error&quot;:null,&quot;last_sent_at&quot;:null,&quot;send_attempts&quot;:0,&quot;sent_to&quot;:[],&quot;updated_at&quot;:&quot;2026-02-14T01:54:06.826673+00:00&quot;,&quot;csv_filename&quot;:&quot;lead_MDL_PV_6c96db2f.csv&quot;,&quot;csv_generated_at&quot;:&quot;2026-02-14T01:54:06.826673+00:00&quot;,&quot;has_csv&quot;:true,&quot;outcome&quot;:&quot;accepted&quot;,&quot;billable&quot;:false},{&quot;id&quot;:&quot;81b8999b-1b6f-4c88-93de-0c5a6111e2e7&quot;,&quot;lead_id&quot;:&quot;408bab64-c1d4-47ac-a082-ac1f583be3b3&quot;,&quot;client_id&quot;:&quot;a8cd08b1-d2e8-496e-a175-c9fbdd7fe7f1&quot;,&quot;client_name&quot;:&quot;TEST_Client_MDL_4ae01bb6&quot;,&quot;commande_id&quot;:&quot;72b1bbb4-9ce2-43d9-a1b0-a36ac1303048&quot;,&quot;entity&quot;:&quot;MDL&quot;,&quot;produit&quot;:&quot;PAC&quot;,&quot;delivery_method&quot;:&quot;realtime&quot;,&quot;status&quot;:&quot;ready_to_send&quot;,&quot;is_lb&quot;:false,&quot;created_at&quot;:&quot;2026-02-14T00:26:43.388606+00:00&quot;,&quot;sent_at&quot;:&quot;2026-02-14T00:30:47.910687+00:00&quot;,&quot;cleanup_note&quot;:&quot;Reset from fake 'sent' status - data cleanup 2026-02-14&quot;,&quot;last_error&quot;:null,&quot;last_sent_at&quot;:null,&quot;send_attempts&quot;:0,&quot;sent_to&quot;:[],&quot;updated_at&quot;:&quot;2026-02-14T01:54:06.823401+00:00&quot;,&quot;csv_filename&quot;:&quot;lead_MDL_PAC_408bab64.csv&quot;,&quot;csv_generated_at&quot;:&quot;2026-02-14T01:54:06.823401+00:00&quot;,&quot;has_csv&quot;:true,&quot;outcome&quot;:&quot;accepted&quot;,&quot;billable&quot;:false},{&quot;id&quot;:&quot;3394b4dc-52d6-49d1-a1de-22a3632abbf5&quot;,&quot;lead_id&quot;:&quot;8982b360-d270-49a7-b47b-a04a21246387&quot;,&quot;client_id&quot;:&quot;a8cd08b1-d2e8-496e-a175-c9fbdd7fe7f1&quot;,&quot;client_name&quot;:&quot;TEST_Client_MDL_4ae01bb6&quot;,&quot;commande_id&quot;:&quot;bf7e80b4-5491-43a3-8ec7-979a67aca200&quot;,&quot;entity&quot;:&quot;MDL&quot;,&quot;produit&quot;:&quot;PV&quot;,&quot;delivery_method&quot;:&quot;realtime&quot;,&quot;status&quot;:&quot;ready_to_send&quot;,&quot;is_lb&quot;:false,&quot;created_at&quot;:&quot;2026-02-14T00:26:43.106300+00:00&quot;,&quot;sent_at&quot;:&quot;2026-02-14T00:30:44.904615+00:00&quot;,&quot;cleanup_note&quot;:&quot;Reset from fake 'sent' status - data cleanup 2026-02-14&quot;,&quot;last_error&quot;:null,&quot;last_sent_at&quot;:null,&quot;send_attempts&quot;:0,&quot;sent_to&quot;:[],&quot;updated_at&quot;:&quot;2026-02-14T01:54:06.817619+00:00&quot;,&quot;csv_filename&quot;:&quot;lead_MDL_PV_8982b360.csv&quot;,&quot;csv_generated_at&quot;:&quot;2026-02-14T01:54:06.817619+00:00&quot;,&quot;has_csv&quot;:true,&quot;outcome&quot;:&quot;accepted&quot;,&quot;billable&quot;:false},{&quot;id&quot;:&quot;6d07dbb8-2ecd-46e4-97d4-31adf90c4ad4&quot;,&quot;lead_id&quot;:&quot;b281f023-3239-4167-86cf-f72be288910b&quot;,&quot;client_id&quot;:&quot;a8cd08b1-d2e8-496e-a175-c9fbdd7fe7f1&quot;,&quot;client_name&quot;:&quot;TEST_Client_MDL_4ae01bb6&quot;,&quot;commande_id&quot;:&quot;bf7e80b4-5491-43a3-8ec7-979a67aca200&quot;,&quot;entity&quot;:&quot;MDL&quot;,&quot;produit&quot;:&quot;PV&quot;,&quot;delivery_method&quot;:&quot;realtime&quot;,&quot;status&quot;:&quot;ready_to_send&quot;,&quot;is_lb&quot;:false,&quot;created_at&quot;:&quot;2026-02-14T00:26:42.875462+00:00&quot;,&quot;sent_at&quot;:&quot;2026-02-14T00:30:44.904615+00:00&quot;,&quot;cleanup_note&quot;:&quot;Reset from fake 'sent' status - data cleanup 2026-02-14&quot;,&quot;last_error&quot;:null,&quot;last_sent_at&quot;:null,&quot;send_attempts&quot;:0,&quot;sent_to&quot;:[],&quot;updated_at&quot;:&quot;2026-02-14T01:54:06.814460+00:00&quot;,&quot;csv_filename&quot;:&quot;lead_MDL_PV_b281f023.csv&quot;,&quot;csv_generated_at&quot;:&quot;2026-02-14T01:54:06.814460+00:00&quot;,&quot;has_csv&quot;:true,&quot;outcome&quot;:&quot;accepted&quot;,&quot;billable&quot;:false},{&quot;id&quot;:&quot;4ff8c467-26f6-477a-b48c-ee4534f2a9e4&quot;,&quot;lead_id&quot;:&quot;5d1cfaa8-4ff4-4f27-b289-4fe7b6ea033d&quot;,&quot;client_id&quot;:&quot;5c972685-b439-4729-99f9-b5b0a3755305&quot;,&quot;client_name&quot;:&quot;Installateur Test Paris&quot;,&quot;commande_id&quot;:&quot;a11c18cb-b07c-41f1-84e9-7fb41228072a&quot;,&quot;entity&quot;:&quot;MDL&quot;,&quot;produit&quot;:&quot;PAC&quot;,&quot;delivery_method&quot;:&quot;realtime&quot;,&quot;status&quot;:&quot;ready_to_send&quot;,&quot;is_lb&quot;:false,&quot;created_at&quot;:&quot;2026-02-14T00:26:42.644598+00:00&quot;,&quot;sent_at&quot;:&quot;2026-02-14T00:30:46.332120+00:00&quot;,&quot;cleanup_note&quot;:&quot;Reset from fake 'sent' status - data cleanup 2026-02-14&quot;,&quot;last_error&quot;:null,&quot;last_sent_at&quot;:null,&quot;send_attempts&quot;:0,&quot;sent_to&quot;:[],&quot;updated_at&quot;:&quot;2026-02-14T01:54:06.811656+00:00&quot;,&quot;csv_filename&quot;:&quot;lead_MDL_PAC_5d1cfaa8.csv&quot;,&quot;csv_generated_at&quot;:&quot;2026-02-14T01:54:06.811656+00:00&quot;,&quot;has_csv&quot;:true,&quot;outcome&quot;:&quot;accepted&quot;,&quot;billable&quot;:false},{&quot;id&quot;:&quot;f7c0b41b-b06c-41dc-a100-cdcad165c9c8&quot;,&quot;lead_id&quot;:&quot;496a7010-245a-48a2-9a99-b98020fd1ebe&quot;,&quot;client_id&quot;:&quot;a8cd08b1-d2e8-496e-a175-c9fbdd7fe7f1&quot;,&quot;client_name&quot;:&quot;TEST_Client_MDL_4ae01bb6&quot;,&quot;commande_id&quot;:&quot;bf7e80b4-5491-43a3-8ec7-979a67aca200&quot;,&quot;entity&quot;:&quot;MDL&quot;,&quot;produit&quot;:&quot;PV&quot;,&quot;delivery_method&quot;:&quot;realtime&quot;,&quot;status&quot;:&quot;ready_to_send&quot;,&quot;is_lb&quot;:false,&quot;created_at&quot;:&quot;2026-02-14T00:26:42.175557+00:00&quot;,&quot;sent_at&quot;:&quot;2026-02-14T00:30:44.904615+00:00&quot;,&quot;cleanup_note&quot;:&quot;Reset from fake 'sent' status - data cleanup 2026-02-14&quot;,&quot;last_error&quot;:null,&quot;last_sent_at&quot;:null,&quot;send_attempts&quot;:0,&quot;sent_to&quot;:[],&quot;updated_at&quot;:&quot;2026-02-14T01:54:06.808507+00:00&quot;,&quot;csv_filename&quot;:&quot;lead_MDL_PV_496a7010.csv&quot;,&quot;csv_generated_at&quot;:&quot;2026-02-14T01:54:06.808507+00:00&quot;,&quot;has_csv&quot;:true,&quot;outcome&quot;:&quot;accepted&quot;,&quot;billable&quot;:false},{&quot;id&quot;:&quot;c9900c68-04ce-4a05-abc1-d9e668891632&quot;,&quot;lead_id&quot;:&quot;5fb78c22-ca50-4ef7-a578-0eb2c3a7cbd2&quot;,&quot;client_id&quot;:&quot;a8cd08b1-d2e8-496e-a175-c9fbdd7fe7f1&quot;,&quot;client_name&quot;:&quot;TEST_Client_MDL_4ae01bb6&quot;,&quot;commande_id&quot;:&quot;bf7e80b4-5491-43a3-8ec7-979a67aca200&quot;,&quot;entity&quot;:&quot;MDL&quot;,&quot;produit&quot;:&quot;PV&quot;,&quot;delivery_method&quot;:&quot;realtime&quot;,&quot;status&quot;:&quot;ready_to_send&quot;,&quot;is_lb&quot;:false,&quot;created_at&quot;:&quot;2026-02-14T00:26:41.941747+00:00&quot;,&quot;sent_at&quot;:&quot;2026-02-14T00:30:44.904615+00:00&quot;,&quot;cleanup_note&quot;:&quot;Reset from fake 'sent' status - data cleanup 2026-02-14&quot;,&quot;last_error&quot;:null,&quot;last_sent_at&quot;:null,&quot;send_attempts&quot;:0,&quot;sent_to&quot;:[],&quot;updated_at&quot;:&quot;2026-02-14T01:54:06.805641+00:00&quot;,&quot;csv_filename&quot;:&quot;lead_MDL_PV_5fb78c22.csv&quot;,&quot;csv_generated_at&quot;:&quot;2026-02-14T01:54:06.805641+00:00&quot;,&quot;has_csv&quot;:true,&quot;outcome&quot;:&quot;accepted&quot;,&quot;billable&quot;:false},{&quot;id&quot;:&quot;7c9e3840-3b72-412f-875e-b727711e8ca7&quot;,&quot;lead_id&quot;:&quot;c426b0c2-d3ce-4359-9ee8-bc9be2c00672&quot;,&quot;client_id&quot;:&quot;a8cd08b1-d2e8-496e-a175-c9fbdd7fe7f1&quot;,&quot;client_name&quot;:&quot;TEST_Client_MDL_4ae01bb6&quot;,&quot;commande_id&quot;:&quot;bf7e80b4-5491-43a3-8ec7-979a67aca200&quot;,&quot;entity&quot;:&quot;MDL&quot;,&quot;produit&quot;:&quot;PV&quot;,&quot;delivery_method&quot;:&quot;realtime&quot;,&quot;status&quot;:&quot;ready_to_send&quot;,&quot;is_lb&quot;:false,&quot;created_at&quot;:&quot;2026-02-14T00:26:41.637720+00:00&quot;,&quot;sent_at&quot;:&quot;2026-02-14T00:30:44.904615+00:00&quot;,&quot;cleanup_note&quot;:&quot;Reset from fake 'sent' status - data cleanup 2026-02-14&quot;,&quot;last_error&quot;:null,&quot;last_sent_at&quot;:null,&quot;send_attempts&quot;:0,&quot;sent_to&quot;:[],&quot;updated_at&quot;:&quot;2026-02-14T01:54:06.802760+00:00&quot;,&quot;csv_filename&quot;:&quot;lead_MDL_PV_c426b0c2.csv&quot;,&quot;csv_generated_at&quot;:&quot;2026-02-14T01:54:06.802760+00:00&quot;,&quot;has_csv&quot;:true,&quot;outcome&quot;:&quot;accepted&quot;,&quot;billable&quot;:false},{&quot;id&quot;:&quot;c00074de-5cd6-494d-8b7e-68a5f313a6e3&quot;,&quot;lead_id&quot;:&quot;093ee8b6-12f2-41db-8b08-cf9cd22d469e&quot;,&quot;client_id&quot;:&quot;a8cd08b1-d2e8-496e-a175-c9fbdd7fe7f1&quot;,&quot;client_name&quot;:&quot;TEST_Client_MDL_4ae01bb6&quot;,&quot;commande_id&quot;:&quot;9cfe3094-ef58-4ac4-8cfd-6b9d056e4fc8&quot;,&quot;entity&quot;:&quot;MDL&quot;,&quot;produit&quot;:&quot;ITE&quot;,&quot;delivery_method&quot;:&quot;realtime&quot;,&quot;status&quot;:&quot;ready_to_send&quot;,&quot;is_lb&quot;:false,&quot;created_at&quot;:&quot;2026-02-14T00:26:41.392405+00:00&quot;,&quot;sent_at&quot;:&quot;2026-02-14T00:30:49.310426+00:00&quot;,&quot;cleanup_note&quot;:&quot;Reset from fake 'sent' status - data cleanup 2026-02-14&quot;,&quot;last_error&quot;:null,&quot;last_sent_at&quot;:null,&quot;send_attempts&quot;:0,&quot;sent_to&quot;:[],&quot;updated_at&quot;:&quot;2026-02-14T01:54:06.799732+00:00&quot;,&quot;csv_filename&quot;:&quot;lead_MDL_ITE_093ee8b6.csv&quot;,&quot;csv_generated_at&quot;:&quot;2026-02-14T01:54:06.799732+00:00&quot;,&quot;has_csv&quot;:true,&quot;outcome&quot;:&quot;accepted&quot;,&quot;billable&quot;:false},{&quot;id&quot;:&quot;83ba549f-c241-4246-9523-64a582ad3902&quot;,&quot;lead_id&quot;:&quot;65880e04-5daa-4784-8678-681ad74be6c4&quot;,&quot;client_id&quot;:&quot;a8cd08b1-d2e8-496e-a175-c9fbdd7fe7f1&quot;,&quot;client_name&quot;:&quot;TEST_Client_MDL_4ae01bb6&quot;,&quot;commande_id&quot;:&quot;72b1bbb4-9ce2-43d9-a1b0-a36ac1303048&quot;,&quot;entity&quot;:&quot;MDL&quot;,&quot;produit&quot;:&quot;PAC&quot;,&quot;delivery_method&quot;:&quot;realtime&quot;,&quot;status&quot;:&quot;ready_to_send&quot;,&quot;is_lb&quot;:false,&quot;created_at&quot;:&quot;2026-02-14T00:26:41.146471+00:00&quot;,&quot;sent_at&quot;:&quot;2026-02-14T00:30:47.910687+00:00&quot;,&quot;cleanup_note&quot;:&quot;Reset from fake 'sent' status - data cleanup 2026-02-14&quot;,&quot;last_error&quot;:null,&quot;last_sent_at&quot;:null,&quot;send_attempts&quot;:0,&quot;sent_to&quot;:[],&quot;updated_at&quot;:&quot;2026-02-14T01:54:06.797152+00:00&quot;,&quot;csv_filename&quot;:&quot;lead_MDL_PAC_65880e04.csv&quot;,&quot;csv_generated_at&quot;:&quot;2026-02-14T01:54:06.797152+00:00&quot;,&quot;has_csv&quot;:true,&quot;outcome&quot;:&quot;accepted&quot;,&quot;billable&quot;:false},{&quot;id&quot;:&quot;44ef38e4-c359-411f-90b1-6966c966fc97&quot;,&quot;lead_id&quot;:&quot;62c4b53d-c74e-4b83-a2c6-95f252be281a&quot;,&quot;client_id&quot;:&quot;a8cd08b1-d2e8-496e-a175-c9fbdd7fe7f1&quot;,&quot;client_name&quot;:&quot;TEST_Client_MDL_4ae01bb6&quot;,&quot;commande_id&quot;:&quot;72b1bbb4-9ce2-43d9-a1b0-a36ac1303048&quot;,&quot;entity&quot;:&quot;MDL&quot;,&quot;produit&quot;:&quot;PAC&quot;,&quot;delivery_method&quot;:&quot;realtime&quot;,&quot;status&quot;:&quot;ready_to_send&quot;,&quot;is_lb&quot;:false,&quot;created_at&quot;:&quot;2026-02-14T00:26:40.925086+00:00&quot;,&quot;sent_at&quot;:&quot;2026-02-14T00:30:47.910687+00:00&quot;,&quot;cleanup_note&quot;:&quot;Reset from fake 'sent' status - data cleanup 2026-02-14&quot;,&quot;last_error&quot;:null,&quot;last_sent_at&quot;:null,&quot;send_attempts&quot;:0,&quot;sent_to&quot;:[],&quot;updated_at&quot;:&quot;2026-02-14T01:54:06.794307+00:00&quot;,&quot;csv_filename&quot;:&quot;lead_MDL_PAC_62c4b53d.csv&quot;,&quot;csv_generated_at&quot;:&quot;2026-02-14T01:54:06.794307+00:00&quot;,&quot;has_csv&quot;:true,&quot;outcome&quot;:&quot;accepted&quot;,&quot;billable&quot;:false},{&quot;id&quot;:&quot;c0476c3a-0be4-4f20-95be-f065ce27a3a6&quot;,&quot;lead_id&quot;:&quot;8f19d25a-0553-437c-8d7a-c1b29b5ed564&quot;,&quot;client_id&quot;:&quot;a8cd08b1-d2e8-496e-a175-c9fbdd7fe7f1&quot;,&quot;client_name&quot;:&quot;TEST_Client_MDL_4ae01bb6&quot;,&quot;commande_id&quot;:&quot;bf7e80b4-5491-43a3-8ec7-979a67aca200&quot;,&quot;entity&quot;:&quot;MDL&quot;,&quot;produit&quot;:&quot;PV&quot;,&quot;delivery_method&quot;:&quot;realtime&quot;,&quot;status&quot;:&quot;ready_to_send&quot;,&quot;is_lb&quot;:false,&quot;created_at&quot;:&quot;2026-02-14T00:26:40.668057+00:00&quot;,&quot;sent_at&quot;:&quot;2026-02-14T00:30:44.904615+00:00&quot;,&quot;cleanup_note&quot;:&quot;Reset from fake 'sent' status - data cleanup 2026-02-14&quot;,&quot;last_error&quot;:null,&quot;last_sent_at&quot;:null,&quot;send_attempts&quot;:0,&quot;sent_to&quot;:[],&quot;updated_at&quot;:&quot;2026-02-14T01:54:06.791518+00:00&quot;,&quot;csv_filename&quot;:&quot;lead_MDL_PV_8f19d25a.csv&quot;,&quot;csv_generated_at&quot;:&quot;2026-02-14T01:54:06.791518+00:00&quot;,&quot;has_csv&quot;:true,&quot;outcome&quot;:&quot;accepted&quot;,&quot;billable&quot;:false},{&quot;id&quot;:&quot;bc99510e-b90b-4556-9327-96b4388bfb75&quot;,&quot;lead_id&quot;:&quot;6f0ec519-a279-49e0-9321-901fc2953b49&quot;,&quot;client_id&quot;:&quot;a8cd08b1-d2e8-496e-a175-c9fbdd7fe7f1&quot;,&quot;client_name&quot;:&quot;TEST_Client_MDL_4ae01bb6&quot;,&quot;commande_id&quot;:&quot;72b1bbb4-9ce2-43d9-a1b0-a36ac1303048&quot;,&quot;entity&quot;:&quot;MDL&quot;,&quot;produit&quot;:&quot;PAC&quot;,&quot;delivery_method&quot;:&quot;realtime&quot;,&quot;status&quot;:&quot;ready_to_send&quot;,&quot;is_lb&quot;:false,&quot;created_at&quot;:&quot;2026-02-14T00:26:40.429824+00:00&quot;,&quot;sent_at&quot;:&quot;2026-02-14T00:30:47.910687+00:00&quot;,&quot;cleanup_note&quot;:&quot;Reset from fake 'sent' status - data cleanup 2026-02-14&quot;,&quot;last_error&quot;:null,&quot;last_sent_at&quot;:null,&quot;send_attempts&quot;:0,&quot;sent_to&quot;:[],&quot;updated_at&quot;:&quot;2026-02-14T01:54:06.788728+00:00&quot;,&quot;csv_filename&quot;:&quot;lead_MDL_PAC_6f0ec519.csv&quot;,&quot;csv_generated_at&quot;:&quot;2026-02-14T01:54:06.788728+00:00&quot;,&quot;has_csv&quot;:true,&quot;outcome&quot;:&quot;accepted&quot;,&quot;billable&quot;:false},{&quot;id&quot;:&quot;c19edbd2-2646-4949-9d4b-c608efa4f61f&quot;,&quot;lead_id&quot;:&quot;ec4abd68-e89e-410f-8d4c-3d7ca4c69e9b&quot;,&quot;client_id&quot;:&quot;a8cd08b1-d2e8-496e-a175-c9fbdd7fe7f1&quot;,&quot;client_name&quot;:&quot;TEST_Client_MDL_4ae01bb6&quot;,&quot;commande_id&quot;:&quot;72b1bbb4-9ce2-43d9-a1b0-a36ac1303048&quot;,&quot;entity&quot;:&quot;MDL&quot;,&quot;produit&quot;:&quot;PAC&quot;,&quot;delivery_method&quot;:&quot;realtime&quot;,&quot;status&quot;:&quot;ready_to_send&quot;,&quot;is_lb&quot;:false,&quot;created_at&quot;:&quot;2026-02-14T00:26:40.195958+00:00&quot;,&quot;sent_at&quot;:&quot;2026-02-14T00:30:47.910687+00:00&quot;,&quot;cleanup_note&quot;:&quot;Reset from fake 'sent' status - data cleanup 2026-02-14&quot;,&quot;last_error&quot;:null,&quot;last_sent_at&quot;:null,&quot;send_attempts&quot;:0,&quot;sent_to&quot;:[],&quot;updated_at&quot;:&quot;2026-02-14T01:54:06.785636+00:00&quot;,&quot;csv_filename&quot;:&quot;lead_MDL_PAC_ec4abd68.csv&quot;,&quot;csv_generated_at&quot;:&quot;2026-02-14T01:54:06.785636+00:00&quot;,&quot;has_csv&quot;:true,&quot;outcome&quot;:&quot;accepted&quot;,&quot;billable&quot;:false},{&quot;id&quot;:&quot;9fae414c-223e-4d85-8524-77eae18ef6cd&quot;,&quot;lead_id&quot;:&quot;6b2221fe-5ca6-43b8-9265-3e4670db550a&quot;,&quot;client_id&quot;:&quot;a8cd08b1-d2e8-496e-a175-c9fbdd7fe7f1&quot;,&quot;client_name&quot;:&quot;TEST_Client_MDL_4ae01bb6&quot;,&quot;commande_id&quot;:&quot;9cfe3094-ef58-4ac4-8cfd-6b9d056e4fc8&quot;,&quot;entity&quot;:&quot;MDL&quot;,&quot;produit&quot;:&quot;ITE&quot;,&quot;delivery_method&quot;:&quot;realtime&quot;,&quot;status&quot;:&quot;ready_to_send&quot;,&quot;is_lb&quot;:false,&quot;created_at&quot;:&quot;2026-02-14T00:26:39.951140+00:00&quot;,&quot;sent_at&quot;:&quot;2026-02-14T00:30:49.310426+00:00&quot;,&quot;cleanup_note&quot;:&quot;Reset from fake 'sent' status - data cleanup 2026-02-14&quot;,&quot;last_error&quot;:null,&quot;last_sent_at&quot;:null,&quot;send_attempts&quot;:0,&quot;sent_to&quot;:[],&quot;updated_at&quot;:&quot;2026-02-14T01:54:06.782922+00:00&quot;,&quot;csv_filename&quot;:&quot;lead_MDL_ITE_6b2221fe.csv&quot;,&quot;csv_generated_at&quot;:&quot;2026-02-14T01:54:06.782922+00:00&quot;,&quot;has_csv&quot;:true,&quot;outcome&quot;:&quot;accepted&quot;,&quot;billable&quot;:false},{&quot;id&quot;:&quot;987f814c-db90-49af-b792-9b1335b1eb08&quot;,&quot;lead_id&quot;:&quot;97bb16eb-4c06-473a-83c5-b0c89ba27ba6&quot;,&quot;client_id&quot;:&quot;a8cd08b1-d2e8-496e-a175-c9fbdd7fe7f1&quot;,&quot;client_name&quot;:&quot;TEST_Client_MDL_4ae01bb6&quot;,&quot;commande_id&quot;:&quot;9cfe3094-ef58-4ac4-8cfd-6b9d056e4fc8&quot;,&quot;entity&quot;:&quot;MDL&quot;,&quot;produit&quot;:&quot;ITE&quot;,&quot;delivery_method&quot;:&quot;realtime&quot;,&quot;status&quot;:&quot;ready_to_send&quot;,&quot;is_lb&quot;:false,&quot;created_at&quot;:&quot;2026-02-14T00:26:39.703100+00:00&quot;,&quot;sent_at&quot;:&quot;2026-02-14T00:30:49.310426+00:00&quot;,&quot;cleanup_note&quot;:&quot;Reset from fake 'sent' status - data cleanup 2026-02-14&quot;,&quot;last_error&quot;:null,&quot;last_sent_at&quot;:null,&quot;send_attempts&quot;:0,&quot;sent_to&quot;:[],&quot;updated_at&quot;:&quot;2026-02-14T01:54:06.780151+00:00&quot;,&quot;csv_filename&quot;:&quot;lead_MDL_ITE_97bb16eb.csv&quot;,&quot;csv_generated_at&quot;:&quot;2026-02-14T01:54:06.780151+00:00&quot;,&quot;has_csv&quot;:true,&quot;outcome&quot;:&quot;accepted&quot;,&quot;billable&quot;:false},{&quot;id&quot;:&quot;23e5c022-7c28-4fc4-ab7d-a1853f5f15e1&quot;,&quot;lead_id&quot;:&quot;42641630-eb14-4560-8753-d503b7bf9daa&quot;,&quot;client_id&quot;:&quot;a8cd08b1-d2e8-496e-a175-c9fbdd7fe7f1&quot;,&quot;client_name&quot;:&quot;TEST_Client_MDL_4ae01bb6&quot;,&quot;commande_id&quot;:&quot;bf7e80b4-5491-43a3-8ec7-979a67aca200&quot;,&quot;entity&quot;:&quot;MDL&quot;,&quot;produit&quot;:&quot;PV&quot;,&quot;delivery_method&quot;:&quot;realtime&quot;,&quot;status&quot;:&quot;ready_to_send&quot;,&quot;is_lb&quot;:false,&quot;created_at&quot;:&quot;2026-02-14T00:26:39.424741+00:00&quot;,&quot;sent_at&quot;:&quot;2026-02-14T00:30:44.904615+00:00&quot;,&quot;cleanup_note&quot;:&quot;Reset from fake 'sent' status - data cleanup 2026-02-14&quot;,&quot;last_error&quot;:null,&quot;last_sent_at&quot;:null,&quot;send_attempts&quot;:0,&quot;sent_to&quot;:[],&quot;updated_at&quot;:&quot;2026-02-14T01:54:06.777437+00:00&quot;,&quot;csv_filename&quot;:&quot;lead_MDL_PV_42641630.csv&quot;,&quot;csv_generated_at&quot;:&quot;2026-02-14T01:54:06.777437+00:00&quot;,&quot;has_csv&quot;:true,&quot;outcome&quot;:&quot;accepted&quot;,&quot;billable&quot;:false},{&quot;id&quot;:&quot;1a295a38-7337-49bb-b867-b817a0f0942a&quot;,&quot;lead_id&quot;:&quot;3d16b48d-b654-4f39-9d91-8bbd8c134378&quot;,&quot;client_id&quot;:&quot;a8cd08b1-d2e8-496e-a175-c9fbdd7fe7f1&quot;,&quot;client_name&quot;:&quot;TEST_Client_MDL_4ae01bb6&quot;,&quot;commande_id&quot;:&quot;bf7e80b4-5491-43a3-8ec7-979a67aca200&quot;,&quot;entity&quot;:&quot;MDL&quot;,&quot;produit&quot;:&quot;PV&quot;,&quot;delivery_method&quot;:&quot;realtime&quot;,&quot;status&quot;:&quot;ready_to_send&quot;,&quot;is_lb&quot;:false,&quot;created_at&quot;:&quot;2026-02-14T00:26:39.198285+00:00&quot;,&quot;sent_at&quot;:&quot;2026-02-14T00:30:44.904615+00:00&quot;,&quot;cleanup_note&quot;:&quot;Reset from fake 'sent' status - data cleanup 2026-02-14&quot;,&quot;last_error&quot;:null,&quot;last_sent_at&quot;:null,&quot;send_attempts&quot;:0,&quot;sent_to&quot;:[],&quot;updated_at&quot;:&quot;2026-02-14T01:54:06.773969+00:00&quot;,&quot;csv_filename&quot;:&quot;lead_MDL_PV_3d16b48d.csv&quot;,&quot;csv_generated_at&quot;:&quot;2026-02-14T01:54:06.773969+00:00&quot;,&quot;has_csv&quot;:true,&quot;outcome&quot;:&quot;accepted&quot;,&quot;billable&quot;:false},{&quot;id&quot;:&quot;90e958c5-dbd2-4116-9740-c74c7e949d4f&quot;,&quot;lead_id&quot;:&quot;52855e95-987b-40c8-8fc7-b9dd4ac2b0bc&quot;,&quot;client_id&quot;:&quot;a8cd08b1-d2e8-496e-a175-c9fbdd7fe7f1&quot;,&quot;client_name&quot;:&quot;TEST_Client_MDL_4ae01bb6&quot;,&quot;commande_id&quot;:&quot;bf7e80b4-5491-43a3-8ec7-979a67aca200&quot;,&quot;entity&quot;:&quot;MDL&quot;,&quot;produit&quot;:&quot;PV&quot;,&quot;delivery_method&quot;:&quot;realtime&quot;,&quot;status&quot;:&quot;ready_to_send&quot;,&quot;is_lb&quot;:false,&quot;created_at&quot;:&quot;2026-02-14T00:26:38.894622+00:00&quot;,&quot;sent_at&quot;:&quot;2026-02-14T00:30:44.904615+00:00&quot;,&quot;cleanup_note&quot;:&quot;Reset from fake 'sent' status - data cleanup 2026-02-14&quot;,&quot;last_error&quot;:null,&quot;last_sent_at&quot;:null,&quot;send_attempts&quot;:0,&quot;sent_to&quot;:[],&quot;updated_at&quot;:&quot;2026-02-14T01:54:06.769851+00:00&quot;,&quot;csv_filename&quot;:&quot;lead_MDL_PV_52855e95.csv&quot;,&quot;csv_generated_at&quot;:&quot;2026-02-14T01:54:06.769851+00:00&quot;,&quot;has_csv&quot;:true,&quot;outcome&quot;:&quot;accepted&quot;,&quot;billable&quot;:false},{&quot;id&quot;:&quot;7fab381b-f107-4f93-9979-55310a6695a9&quot;,&quot;lead_id&quot;:&quot;d43f438d-2af0-4ed8-a8e9-0835485abb35&quot;,&quot;client_id&quot;:&quot;a8cd08b1-d2e8-496e-a175-c9fbdd7fe7f1&quot;,&quot;client_name&quot;:&quot;TEST_Client_MDL_4ae01bb6&quot;,&quot;commande_id&quot;:&quot;72b1bbb4-9ce2-43d9-a1b0-a36ac1303048&quot;,&quot;entity&quot;:&quot;MDL&quot;,&quot;produit&quot;:&quot;PAC&quot;,&quot;delivery_method&quot;:&quot;realtime&quot;,&quot;status&quot;:&quot;ready_to_send&quot;,&quot;is_lb&quot;:false,&quot;created_at&quot;:&quot;2026-02-14T00:26:38.673841+00:00&quot;,&quot;sent_at&quot;:&quot;2026-02-14T00:30:47.910687+00:00&quot;,&quot;cleanup_note&quot;:&quot;Reset from fake 'sent' status - data cleanup 2026-02-14&quot;,&quot;last_error&quot;:null,&quot;last_sent_at&quot;:null,&quot;send_attempts&quot;:0,&quot;sent_to&quot;:[],&quot;updated_at&quot;:&quot;2026-02-14T01:54:06.767334+00:00&quot;,&quot;csv_filename&quot;:&quot;lead_MDL_PAC_d43f438d.csv&quot;,&quot;csv_generated_at&quot;:&quot;2026-02-14T01:54:06.767334+00:00&quot;,&quot;has_csv&quot;:true,&quot;outcome&quot;:&quot;accepted&quot;,&quot;billable&quot;:false},{&quot;id&quot;:&quot;1ee50b50-3621-4cb9-9353-7eacbe499570&quot;,&quot;lead_id&quot;:&quot;38e599c0-44a6-4053-8eda-d0c552b80636&quot;,&quot;client_id&quot;:&quot;a8cd08b1-d2e8-496e-a175-c9fbdd7fe7f1&quot;,&quot;client_name&quot;:&quot;TEST_Client_MDL_4ae01bb6&quot;,&quot;commande_id&quot;:&quot;9cfe3094-ef58-4ac4-8cfd-6b9d056e4fc8&quot;,&quot;entity&quot;:&quot;MDL&quot;,&quot;produit&quot;:&quot;ITE&quot;,&quot;delivery_method&quot;:&quot;realtime&quot;,&quot;status&quot;:&quot;ready_to_send&quot;,&quot;is_lb&quot;:false,&quot;created_at&quot;:&quot;2026-02-14T00:26:38.435699+00:00&quot;,&quot;sent_at&quot;:&quot;2026-02-14T00:30:49.310426+00:00&quot;,&quot;cleanup_note&quot;:&quot;Reset from fake 'sent' status - data cleanup 2026-02-14&quot;,&quot;last_error&quot;:null,&quot;last_sent_at&quot;:null,&quot;send_attempts&quot;:0,&quot;sent_to&quot;:[],&quot;updated_at&quot;:&quot;2026-02-14T01:54:06.764606+00:00&quot;,&quot;csv_filename&quot;:&quot;lead_MDL_ITE_38e599c0.csv&quot;,&quot;csv_generated_at&quot;:&quot;2026-02-14T01:54:06.764606+00:00&quot;,&quot;has_csv&quot;:true,&quot;outcome&quot;:&quot;accepted&quot;,&quot;billable&quot;:false},{&quot;id&quot;:&quot;a150110e-d69c-4b61-a1a5-decd7c09e15e&quot;,&quot;lead_id&quot;:&quot;cd3b730d-9f24-4cc9-8999-e393365a58d8&quot;,&quot;client_id&quot;:&quot;a8cd08b1-d2e8-496e-a175-c9fbdd7fe7f1&quot;,&quot;client_name&quot;:&quot;TEST_Client_MDL_4ae01bb6&quot;,&quot;commande_id&quot;:&quot;9cfe3094-ef58-4ac4-8cfd-6b9d056e4fc8&quot;,&quot;entity&quot;:&quot;MDL&quot;,&quot;produit&quot;:&quot;ITE&quot;,&quot;delivery_method&quot;:&quot;realtime&quot;,&quot;status&quot;:&quot;ready_to_send&quot;,&quot;is_lb&quot;:false,&quot;created_at&quot;:&quot;2026-02-14T00:26:38.153343+00:00&quot;,&quot;sent_at&quot;:&quot;2026-02-14T00:30:49.310426+00:00&quot;,&quot;cleanup_note&quot;:&quot;Reset from fake 'sent' status - data cleanup 2026-02-14&quot;,&quot;last_error&quot;:null,&quot;last_sent_at&quot;:null,&quot;send_attempts&quot;:0,&quot;sent_to&quot;:[],&quot;updated_at&quot;:&quot;2026-02-14T01:54:06.759167+00:00&quot;,&quot;csv_filename&quot;:&quot;lead_MDL_ITE_cd3b730d.csv&quot;,&quot;csv_generated_at&quot;:&quot;2026-02-14T01:54:06.759167+00:00&quot;,&quot;has_csv&quot;:true,&quot;outcome&quot;:&quot;accepted&quot;,&quot;billable&quot;:false},{&quot;id&quot;:&quot;7cc2794e-5137-48bb-a0d0-2ec2f071d6c9&quot;,&quot;lead_id&quot;:&quot;bb29d8a5-c9ca-469b-b119-31a922610ce3&quot;,&quot;client_id&quot;:&quot;a8cd08b1-d2e8-496e-a175-c9fbdd7fe7f1&quot;,&quot;client_name&quot;:&quot;TEST_Client_MDL_4ae01bb6&quot;,&quot;commande_id&quot;:&quot;72b1bbb4-9ce2-43d9-a1b0-a36ac1303048&quot;,&quot;entity&quot;:&quot;MDL&quot;,&quot;produit&quot;:&quot;PAC&quot;,&quot;delivery_method&quot;:&quot;realtime&quot;,&quot;status&quot;:&quot;ready_to_send&quot;,&quot;is_lb&quot;:false,&quot;created_at&quot;:&quot;2026-02-14T00:26:37.890838+00:00&quot;,&quot;sent_at&quot;:&quot;2026-02-14T00:30:47.910687+00:00&quot;,&quot;cleanup_note&quot;:&quot;Reset from fake 'sent' status - data cleanup 2026-02-14&quot;,&quot;last_error&quot;:null,&quot;last_sent_at&quot;:null,&quot;send_attempts&quot;:0,&quot;sent_to&quot;:[],&quot;updated_at&quot;:&quot;2026-02-14T01:54:06.756554+00:00&quot;,&quot;csv_filename&quot;:&quot;lead_MDL_PAC_bb29d8a5.csv&quot;,&quot;csv_generated_at&quot;:&quot;2026-02-14T01:54:06.756554+00:00&quot;,&quot;has_csv&quot;:true,&quot;outcome&quot;:&quot;accepted&quot;,&quot;billable&quot;:false},{&quot;id&quot;:&quot;0ef27dc6-11de-4a2c-9fa2-0368f4a61d2b&quot;,&quot;lead_id&quot;:&quot;5390b23d-912b-418b-bbd5-71cbde6e9ca9&quot;,&quot;client_id&quot;:&quot;a8cd08b1-d2e8-496e-a175-c9fbdd7fe7f1&quot;,&quot;client_name&quot;:&quot;TEST_Client_MDL_4ae01bb6&quot;,&quot;commande_id&quot;:&quot;9cfe3094-ef58-4ac4-8cfd-6b9d056e4fc8&quot;,&quot;entity&quot;:&quot;MDL&quot;,&quot;produit&quot;:&quot;ITE&quot;,&quot;delivery_method&quot;:&quot;realtime&quot;,&quot;status&quot;:&quot;ready_to_send&quot;,&quot;is_lb&quot;:false,&quot;created_at&quot;:&quot;2026-02-14T00:26:37.644166+00:00&quot;,&quot;sent_at&quot;:&quot;2026-02-14T00:30:49.310426+00:00&quot;,&quot;cleanup_note&quot;:&quot;Reset from fake 'sent' status - data cleanup 2026-02-14&quot;,&quot;last_error&quot;:null,&quot;last_sent_at&quot;:null,&quot;send_attempts&quot;:0,&quot;sent_to&quot;:[],&quot;updated_at&quot;:&quot;2026-02-14T01:54:06.754051+00:00&quot;,&quot;csv_filename&quot;:&quot;lead_MDL_ITE_5390b23d.csv&quot;,&quot;csv_generated_at&quot;:&quot;2026-02-14T01:54:06.754051+00:00&quot;,&quot;has_csv&quot;:true,&quot;outcome&quot;:&quot;accepted&quot;,&quot;billable&quot;:false},{&quot;id&quot;:&quot;35b90953-ef1c-4a17-8aad-552087dd0307&quot;,&quot;lead_id&quot;:&quot;73f0db76-7911-43b0-8536-980920dace2d&quot;,&quot;client_id&quot;:&quot;a8cd08b1-d2e8-496e-a175-c9fbdd7fe7f1&quot;,&quot;client_name&quot;:&quot;TEST_Client_MDL_4ae01bb6&quot;,&quot;commande_id&quot;:&quot;bf7e80b4-5491-43a3-8ec7-979a67aca200&quot;,&quot;entity&quot;:&quot;MDL&quot;,&quot;produit&quot;:&quot;PV&quot;,&quot;delivery_method&quot;:&quot;realtime&quot;,&quot;status&quot;:&quot;ready_to_send&quot;,&quot;is_lb&quot;:false,&quot;created_at&quot;:&quot;2026-02-14T00:26:37.348120+00:00&quot;,&quot;sent_at&quot;:&quot;2026-02-14T00:30:44.904615+00:00&quot;,&quot;cleanup_note&quot;:&quot;Reset from fake 'sent' status - data cleanup 2026-02-14&quot;,&quot;last_error&quot;:null,&quot;last_sent_at&quot;:null,&quot;send_attempts&quot;:0,&quot;sent_to&quot;:[],&quot;updated_at&quot;:&quot;2026-02-14T01:54:06.751384+00:00&quot;,&quot;csv_filename&quot;:&quot;lead_MDL_PV_73f0db76.csv&quot;,&quot;csv_generated_at&quot;:&quot;2026-02-14T01:54:06.751384+00:00&quot;,&quot;has_csv&quot;:true,&quot;outcome&quot;:&quot;accepted&quot;,&quot;billable&quot;:false},{&quot;id&quot;:&quot;ab1f6090-7967-417c-a8ad-f5d96719d76c&quot;,&quot;lead_id&quot;:&quot;fee571a4-cdab-4700-9d07-065465ee7201&quot;,&quot;client_id&quot;:&quot;a8cd08b1-d2e8-496e-a175-c9fbdd7fe7f1&quot;,&quot;client_name&quot;:&quot;TEST_Client_MDL_4ae01bb6&quot;,&quot;commande_id&quot;:&quot;9cfe3094-ef58-4ac4-8cfd-6b9d056e4fc8&quot;,&quot;entity&quot;:&quot;MDL&quot;,&quot;produit&quot;:&quot;ITE&quot;,&quot;delivery_method&quot;:&quot;realtime&quot;,&quot;status&quot;:&quot;ready_to_send&quot;,&quot;is_lb&quot;:false,&quot;created_at&quot;:&quot;2026-02-14T00:26:36.969954+00:00&quot;,&quot;sent_at&quot;:&quot;2026-02-14T00:30:49.310426+00:00&quot;,&quot;cleanup_note&quot;:&quot;Reset from fake 'sent' status - data cleanup 2026-02-14&quot;,&quot;last_error&quot;:null,&quot;last_sent_at&quot;:null,&quot;send_attempts&quot;:0,&quot;sent_to&quot;:[],&quot;updated_at&quot;:&quot;2026-02-14T01:54:06.748564+00:00&quot;,&quot;csv_filename&quot;:&quot;lead_MDL_ITE_fee571a4.csv&quot;,&quot;csv_generated_at&quot;:&quot;2026-02-14T01:54:06.748564+00:00&quot;,&quot;has_csv&quot;:true,&quot;outcome&quot;:&quot;accepted&quot;,&quot;billable&quot;:false},{&quot;id&quot;:&quot;bc13c93c-e7d4-4c29-a383-80e7bab26cc7&quot;,&quot;lead_id&quot;:&quot;1df05acc-553f-4503-8bf4-5913619ab18d&quot;,&quot;client_id&quot;:&quot;a8cd08b1-d2e8-496e-a175-c9fbdd7fe7f1&quot;,&quot;client_name&quot;:&quot;TEST_Client_MDL_4ae01bb6&quot;,&quot;commande_id&quot;:&quot;bf7e80b4-5491-43a3-8ec7-979a67aca200&quot;,&quot;entity&quot;:&quot;MDL&quot;,&quot;produit&quot;:&quot;PV&quot;,&quot;delivery_method&quot;:&quot;realtime&quot;,&quot;status&quot;:&quot;ready_to_send&quot;,&quot;is_lb&quot;:false,&quot;created_at&quot;:&quot;2026-02-14T00:26:36.717368+00:00&quot;,&quot;sent_at&quot;:&quot;2026-02-14T00:30:44.904615+00:00&quot;,&quot;cleanup_note&quot;:&quot;Reset from fake 'sent' status - data cleanup 2026-02-14&quot;,&quot;last_error&quot;:null,&quot;last_sent_at&quot;:null,&quot;send_attempts&quot;:0,&quot;sent_to&quot;:[],&quot;updated_at&quot;:&quot;2026-02-14T01:54:06.745893+00:00&quot;,&quot;csv_filename&quot;:&quot;lead_MDL_PV_1df05acc.csv&quot;,&quot;csv_generated_at&quot;:&quot;2026-02-14T01:54:06.745893+00:00&quot;,&quot;has_csv&quot;:true,&quot;outcome&quot;:&quot;accepted&quot;,&quot;billable&quot;:false},{&quot;id&quot;:&quot;ed26080d-7162-4b1f-a73c-d09169101818&quot;,&quot;lead_id&quot;:&quot;65328384-be7b-4644-9d87-7718a8a6f1fd&quot;,&quot;client_id&quot;:&quot;a8cd08b1-d2e8-496e-a175-c9fbdd7fe7f1&quot;,&quot;client_name&quot;:&quot;TEST_Client_MDL_4ae01bb6&quot;,&quot;commande_id&quot;:&quot;bf7e80b4-5491-43a3-8ec7-979a67aca200&quot;,&quot;entity&quot;:&quot;MDL&quot;,&quot;produit&quot;:&quot;PV&quot;,&quot;delivery_method&quot;:&quot;realtime&quot;,&quot;status&quot;:&quot;ready_to_send&quot;,&quot;is_lb&quot;:false,&quot;created_at&quot;:&quot;2026-02-14T00:26:36.462156+00:00&quot;,&quot;sent_at&quot;:&quot;2026-02-14T00:30:44.904615+00:00&quot;,&quot;cleanup_note&quot;:&quot;Reset from fake 'sent' status - data cleanup 2026-02-14&quot;,&quot;last_error&quot;:null,&quot;last_sent_at&quot;:null,&quot;send_attempts&quot;:0,&quot;sent_to&quot;:[],&quot;updated_at&quot;:&quot;2026-02-14T01:54:06.742976+00:00&quot;,&quot;csv_filename&quot;:&quot;lead_MDL_PV_65328384.csv&quot;,&quot;csv_generated_at&quot;:&quot;2026-02-14T01:54:06.742976+00:00&quot;,&quot;has_csv&quot;:true,&quot;outcome&quot;:&quot;accepted&quot;,&quot;billable&quot;:false},{&quot;id&quot;:&quot;1184fd34-6bc0-46fb-9f2c-ebe992b02aa9&quot;,&quot;lead_id&quot;:&quot;2589df4b-b374-4975-bf9e-b7ae3815109e&quot;,&quot;client_id&quot;:&quot;a8cd08b1-d2e8-496e-a175-c9fbdd7fe7f1&quot;,&quot;client_name&quot;:&quot;TEST_Client_MDL_4ae01bb6&quot;,&quot;commande_id&quot;:&quot;72b1bbb4-9ce2-43d9-a1b0-a36ac1303048&quot;,&quot;entity&quot;:&quot;MDL&quot;,&quot;produit&quot;:&quot;PAC&quot;,&quot;delivery_method&quot;:&quot;realtime&quot;,&quot;status&quot;:&quot;ready_to_send&quot;,&quot;is_lb&quot;:false,&quot;created_at&quot;:&quot;2026-02-14T00:26:36.229946+00:00&quot;,&quot;sent_at&quot;:&quot;2026-02-14T00:30:47.910687+00:00&quot;,&quot;cleanup_note&quot;:&quot;Reset from fake 'sent' status - data cleanup 2026-02-14&quot;,&quot;last_error&quot;:null,&quot;last_sent_at&quot;:null,&quot;send_attempts&quot;:0,&quot;sent_to&quot;:[],&quot;updated_at&quot;:&quot;2026-02-14T01:54:06.740276+00:00&quot;,&quot;csv_filename&quot;:&quot;lead_MDL_PAC_2589df4b.csv&quot;,&quot;csv_generated_at&quot;:&quot;2026-02-14T01:54:06.740276+00:00&quot;,&quot;has_csv&quot;:true,&quot;outcome&quot;:&quot;accepted&quot;,&quot;billable&quot;:false},{&quot;id&quot;:&quot;3c095cb8-e05a-4fa7-9c89-20512aa4d8f3&quot;,&quot;lead_id&quot;:&quot;438cb813-ec87-4ec7-837a-6cfc7f17defc&quot;,&quot;client_id&quot;:&quot;a8cd08b1-d2e8-496e-a175-c9fbdd7fe7f1&quot;,&quot;client_name&quot;:&quot;TEST_Client_MDL_4ae01bb6&quot;,&quot;commande_id&quot;:&quot;9cfe3094-ef58-4ac4-8cfd-6b9d056e4fc8&quot;,&quot;entity&quot;:&quot;MDL&quot;,&quot;produit&quot;:&quot;ITE&quot;,&quot;delivery_method&quot;:&quot;realtime&quot;,&quot;status&quot;:&quot;ready_to_send&quot;,&quot;is_lb&quot;:false,&quot;created_at&quot;:&quot;2026-02-14T00:26:36.011434+00:00&quot;,&quot;sent_at&quot;:&quot;2026-02-14T00:30:49.310426+00:00&quot;,&quot;cleanup_note&quot;:&quot;Reset from fake 'sent' status - data cleanup 2026-02-14&quot;,&quot;last_error&quot;:null,&quot;last_sent_at&quot;:null,&quot;send_attempts&quot;:0,&quot;sent_to&quot;:[],&quot;updated_at&quot;:&quot;2026-02-14T01:54:06.737556+00:00&quot;,&quot;csv_filename&quot;:&quot;lead_MDL_ITE_438cb813.csv&quot;,&quot;csv_generated_at&quot;:&quot;2026-02-14T01:54:06.737556+00:00&quot;,&quot;has_csv&quot;:true,&quot;outcome&quot;:&quot;accepted&quot;,&quot;billable&quot;:false},{&quot;id&quot;:&quot;e9378665-dfb0-4e5b-99b9-19d78777dd45&quot;,&quot;lead_id&quot;:&quot;4079a860-0673-4d14-b0be-d0ddcd43e64d&quot;,&quot;client_id&quot;:&quot;a8cd08b1-d2e8-496e-a175-c9fbdd7fe7f1&quot;,&quot;client_name&quot;:&quot;TEST_Client_MDL_4ae01bb6&quot;,&quot;commande_id&quot;:&quot;9cfe3094-ef58-4ac4-8cfd-6b9d056e4fc8&quot;,&quot;entity&quot;:&quot;MDL&quot;,&quot;produit&quot;:&quot;ITE&quot;,&quot;delivery_method&quot;:&quot;realtime&quot;,&quot;status&quot;:&quot;ready_to_send&quot;,&quot;is_lb&quot;:false,&quot;created_at&quot;:&quot;2026-02-14T00:26:35.743959+00:00&quot;,&quot;sent_at&quot;:&quot;2026-02-14T00:30:49.310426+00:00&quot;,&quot;cleanup_note&quot;:&quot;Reset from fake 'sent' status - data cleanup 2026-02-14&quot;,&quot;last_error&quot;:null,&quot;last_sent_at&quot;:null,&quot;send_attempts&quot;:0,&quo
[...]
attempts":0,"sent_to":[],"updated_at":"2026-02-14T01:54:06.701360+00:00","csv_filename":"lead_MDL_ITE_3c02323a.csv","csv_generated_at":"2026-02-14T01:54:06.701360+00:00","has_csv":true,"outcome":"accepted","billable":false},{"id":"4b44d91a-d24b-4411-9340-d6cc036a5e2f","lead_id":"3e93b0af-a740-4437-bff5-c153455bbe93","client_id":"a8cd08b1-d2e8-496e-a175-c9fbdd7fe7f1","client_name":"TEST_Client_MDL_4ae01bb6","commande_id":"bf7e80b4-5491-43a3-8ec7-979a67aca200","entity":"MDL","produit":"PV","delivery_method":"realtime","status":"ready_to_send","is_lb":false,"created_at":"2026-02-14T00:26:32.901590+00:00","sent_at":"2026-02-14T00:30:44.904615+00:00","cleanup_note":"Reset from fake 'sent' status - data cleanup 2026-02-14","last_error":null,"last_sent_at":null,"send_attempts":0,"sent_to":[],"updated_at":"2026-02-14T01:54:06.696543+00:00","csv_filename":"lead_MDL_PV_3e93b0af.csv","csv_generated_at":"2026-02-14T01:54:06.696543+00:00","has_csv":true,"outcome":"accepted","billable":false},{"id":"cbf52f6a-e2ee-41b2-9bea-b821a1c0da5b","lead_id":"2e0e7d75-0edd-4648-9956-2297dbaaf4fb","client_id":"a8cd08b1-d2e8-496e-a175-c9fbdd7fe7f1","client_name":"TEST_Client_MDL_4ae01bb6","commande_id":"bf7e80b4-5491-43a3-8ec7-979a67aca200","entity":"MDL","produit":"PV","delivery_method":"realtime","status":"ready_to_send","is_lb":false,"created_at":"2026-02-14T00:26:32.595429+00:00","sent_at":"2026-02-14T00:30:44.904615+00:00","cleanup_note":"Reset from fake 'sent' status - data cleanup 2026-02-14","last_error":null,"last_sent_at":null,"send_attempts":0,"sent_to":[],"updated_at":"2026-02-14T01:54:06.693661+00:00","csv_filename":"lead_MDL_PV_2e0e7d75.csv","csv_generated_at":"2026-02-14T01:54:06.693661+00:00","has_csv":true,"outcome":"accepted","billable":false},{"id":"65f44505-2a47-4f24-bbd6-4387dff1c777","lead_id":"4d6233fc-1e09-49f1-8731-07056d6c05c2","client_id":"a8cd08b1-d2e8-496e-a175-c9fbdd7fe7f1","client_name":"TEST_Client_MDL_4ae01bb6","commande_id":"bf7e80b4-5491-43a3-8ec7-979a67aca200","entity":"MDL","produit":"PV","delivery_method":"realtime","status":"ready_to_send","is_lb":false,"created_at":"2026-02-14T00:26:32.272885+00:00","sent_at":"2026-02-14T00:30:44.904615+00:00","cleanup_note":"Reset from fake 'sent' status - data cleanup 2026-02-14","last_error":null,"last_sent_at":null,"send_attempts":0,"sent_to":[],"updated_at":"2026-02-14T01:54:06.690602+00:00","csv_filename":"lead_MDL_PV_4d6233fc.csv","csv_generated_at":"2026-02-14T01:54:06.690602+00:00","has_csv":true,"outcome":"accepted","billable":false},{"id":"03869aab-eb22-483b-aa6d-91999efddbdd","lead_id":"8a243b1d-2745-4178-99fd-d7d0f745759e","client_id":"a8cd08b1-d2e8-496e-a175-c9fbdd7fe7f1","client_name":"TEST_Client_MDL_4ae01bb6","commande_id":"bf7e80b4-5491-43a3-8ec7-979a67aca200","entity":"MDL","produit":"PV","delivery_method":"realtime","status":"ready_to_send","is_lb":false,"created_at":"2026-02-14T00:26:32.033222+00:00","sent_at":"2026-02-14T00:30:44.904615+00:00","cleanup_note":"Reset from fake 'sent' status - data cleanup 2026-02-14","last_error":null,"last_sent_at":null,"send_attempts":0,"sent_to":[],"updated_at":"2026-02-14T01:54:06.687796+00:00","csv_filename":"lead_MDL_PV_8a243b1d.csv","csv_generated_at":"2026-02-14T01:54:06.687796+00:00","has_csv":true,"outcome":"accepted","billable":false},{"id":"0aafa153-4db4-4e1e-a281-3c073402febd","lead_id":"bb89bab3-1947-44a9-b4ce-1480f2088c7f","client_id":"a8cd08b1-d2e8-496e-a175-c9fbdd7fe7f1","client_name":"TEST_Client_MDL_4ae01bb6","commande_id":"72b1bbb4-9ce2-43d9-a1b0-a36ac1303048","entity":"MDL","produit":"PAC","delivery_method":"realtime","status":"ready_to_send","is_lb":false,"created_at":"2026-02-14T00:26:31.792524+00:00","sent_at":"2026-02-14T00:30:47.910687+00:00","cleanup_note":"Reset from fake 'sent' status - data cleanup 2026-02-14","last_error":null,"last_sent_at":null,"send_attempts":0,"sent_to":[],"updated_at":"2026-02-14T01:54:06.685056+00:00","csv_filename":"lead_MDL_PAC_bb89bab3.csv","csv_generated_at":"2026-02-14T01:54:06.685056+00:00","has_csv":true,"outcome":"accepted","billable":false},{"id":"2cd148e8-06b8-42bb-bd69-e4c46d8e6cd1","lead_id":"c0cd080d-9c1a-4d12-919c-3909a18e402c","client_id":"a8cd08b1-d2e8-496e-a175-c9fbdd7fe7f1","client_name":"TEST_Client_MDL_4ae01bb6","commande_id":"9cfe3094-ef58-4ac4-8cfd-6b9d056e4fc8","entity":"MDL","produit":"ITE","delivery_method":"realtime","status":"ready_to_send","is_lb":false,"created_at":"2026-02-14T00:26:31.581629+00:00","sent_at":"2026-02-14T00:30:49.310426+00:00","cleanup_note":"Reset from fake 'sent' status - data cleanup 2026-02-14","last_error":null,"last_sent_at":null,"send_attempts":0,"sent_to":[],"updated_at":"2026-02-14T01:54:06.682161+00:00","csv_filename":"lead_MDL_ITE_c0cd080d.csv","csv_generated_at":"2026-02-14T01:54:06.682161+00:00","has_csv":true,"outcome":"accepted","billable":false},{"id":"9311b40e-36ab-4596-87f4-932cc92947e4","lead_id":"39501bb8-22c9-47a6-b22d-e8e726839202","client_id":"a8cd08b1-d2e8-496e-a175-c9fbdd7fe7f1","client_name":"TEST_Client_MDL_4ae01bb6","commande_id":"bf7e80b4-5491-43a3-8ec7-979a67aca200","entity":"MDL","produit":"PV","delivery_method":"realtime","status":"ready_to_send","is_lb":false,"created_at":"2026-02-14T00:26:31.355289+00:00","sent_at":"2026-02-14T00:30:44.904615+00:00","cleanup_note":"Reset from fake 'sent' status - data cleanup 2026-02-14","last_error":null,"last_sent_at":null,"send_attempts":0,"sent_to":[],"updated_at":"2026-02-14T01:54:06.679189+00:00","csv_filename":"lead_MDL_PV_39501bb8.csv","csv_generated_at":"2026-02-14T01:54:06.679189+00:00","has_csv":true,"outcome":"accepted","billable":false},{"id":"f187dc30-a6ab-4e7b-8bbf-1662d64c1ca2","lead_id":"77efc9df-5721-4ea7-964c-6055a54119ef","client_id":"a8cd08b1-d2e8-496e-a175-c9fbdd7fe7f1","client_name":"TEST_Client_MDL_4ae01bb6","commande_id":"bf7e80b4-5491-43a3-8ec7-979a67aca200","entity":"MDL","produit":"PV","delivery_method":"realtime","status":"ready_to_send","is_lb":false,"created_at":"2026-02-14T00:26:31.032498+00:00","sent_at":"2026-02-14T00:30:44.904615+00:00","cleanup_note":"Reset from fake 'sent' status - data cleanup 2026-02-14","last_error":null,"last_sent_at":null,"send_attempts":0,"sent_to":[],"updated_at":"2026-02-14T01:54:06.676235+00:00","csv_filename":"lead_MDL_PV_77efc9df.csv","csv_generated_at":"2026-02-14T01:54:06.676235+00:00","has_csv":true,"outcome":"accepted","billable":false},{"id":"5c1bd719-d901-4d18-a546-dc9c6ab0a011","lead_id":"59750550-7775-44f2-87ee-c17d49fc58c6","client_id":"a8cd08b1-d2e8-496e-a175-c9fbdd7fe7f1","client_name":"TEST_Client_MDL_4ae01bb6","commande_id":"72b1bbb4-9ce2-43d9-a1b0-a36ac1303048","entity":"MDL","produit":"PAC","delivery_method":"realtime","status":"ready_to_send","is_lb":false,"created_at":"2026-02-14T00:26:30.772445+00:00","sent_at":"2026-02-14T00:30:47.910687+00:00","cleanup_note":"Reset from fake 'sent' status - data cleanup 2026-02-14","last_error":null,"last_sent_at":null,"send_attempts":0,"sent_to":[],"updated_at":"2026-02-14T01:54:06.668148+00:00","csv_filename":"lead_MDL_PAC_59750550.csv","csv_generated_at":"2026-02-14T01:54:06.668148+00:00","has_csv":true,"outcome":"accepted","billable":false},{"id":"53ac00be-8a1b-4e19-80db-bca7936bcaeb","lead_id":"091c9373-f987-4efd-8ae4-4cac48e21433","client_id":"a8cd08b1-d2e8-496e-a175-c9fbdd7fe7f1","client_name":"TEST_Client_MDL_4ae01bb6","commande_id":"72b1bbb4-9ce2-43d9-a1b0-a36ac1303048","entity":"MDL","produit":"PAC","delivery_method":"realtime","status":"ready_to_send","is_lb":false,"created_at":"2026-02-14T00:26:30.528076+00:00","sent_at":"2026-02-14T00:30:47.910687+00:00","cleanup_note":"Reset from fake 'sent' status - data cleanup 2026-02-14","last_error":null,"last_sent_at":null,"send_attempts":0,"sent_to":[],"updated_at":"2026-02-14T01:54:06.662664+00:00","csv_filename":"lead_MDL_PAC_091c9373.csv","csv_generated_at":"2026-02-14T01:54:06.662664+00:00","has_csv":true,"outcome":"accepted","billable":false},{"id":"77f0000c-fe13-4a25-b909-ec4e36ab5db1","lead_id":"c73b293a-513c-4238-b2a8-550b6bd36c0e","client_id":"a8cd08b1-d2e8-496e-a175-c9fbdd7fe7f1","client_name":"TEST_Client_MDL_4ae01bb6","commande_id":"bf7e80b4-5491-43a3-8ec7-979a67aca200","entity":"MDL","produit":"PV","delivery_method":"realtime","status":"ready_to_send","is_lb":false,"created_at":"2026-02-14T00:26:30.270097+00:00","sent_at":"2026-02-14T00:30:44.904615+00:00","cleanup_note":"Reset from fake 'sent' status - data cleanup 2026-02-14","last_error":null,"last_sent_at":null,"send_attempts":0,"sent_to":[],"updated_at":"2026-02-14T01:54:06.659682+00:00","csv_filename":"lead_MDL_PV_c73b293a.csv","csv_generated_at":"2026-02-14T01:54:06.659682+00:00","has_csv":true,"outcome":"accepted","billable":false},{"id":"87ce9cc0-d57a-40d0-8b5a-e792e44b613b","lead_id":"d9d00500-1db9-46b7-98cb-43480bf0311e","client_id":"a8cd08b1-d2e8-496e-a175-c9fbdd7fe7f1","client_name":"TEST_Client_MDL_4ae01bb6","commande_id":"bf7e80b4-5491-43a3-8ec7-979a67aca200","entity":"MDL","produit":"PV","delivery_method":"realtime","status":"ready_to_send","is_lb":false,"created_at":"2026-02-14T00:26:30.003755+00:00","sent_at":"2026-02-14T00:30:44.904615+00:00","cleanup_note":"Reset from fake 'sent' status - data cleanup 2026-02-14","last_error":null,"last_sent_at":null,"send_attempts":0,"sent_to":[],"updated_at":"2026-02-14T01:54:06.657094+00:00","csv_filename":"lead_MDL_PV_d9d00500.csv","csv_generated_at":"2026-02-14T01:54:06.657094+00:00","has_csv":true,"outcome":"accepted","billable":false},{"id":"63253187-74d8-4c80-b956-6a6e763de3f0","lead_id":"6e92cbcc-119d-49d3-9252-7a971dc50741","client_id":"a8cd08b1-d2e8-496e-a175-c9fbdd7fe7f1","client_name":"TEST_Client_MDL_4ae01bb6","commande_id":"72b1bbb4-9ce2-43d9-a1b0-a36ac1303048","entity":"MDL","produit":"PAC","delivery_method":"realtime","status":"ready_to_send","is_lb":false,"created_at":"2026-02-14T00:26:29.695524+00:00","sent_at":"2026-02-14T00:30:47.910687+00:00","cleanup_note":"Reset from fake 'sent' status - data cleanup 2026-02-14","last_error":null,"last_sent_at":null,"send_attempts":0,"sent_to":[],"updated_at":"2026-02-14T01:54:06.654287+00:00","csv_filename":"lead_MDL_PAC_6e92cbcc.csv","csv_generated_at":"2026-02-14T01:54:06.654287+00:00","has_csv":true,"outcome":"accepted","billable":false},{"id":"ac095dba-dfc7-4680-bce9-60adf2c5a4ec","lead_id":"34bb6708-9832-4832-a741-178bca04d996","client_id":"a8cd08b1-d2e8-496e-a175-c9fbdd7fe7f1","client_name":"TEST_Client_MDL_4ae01bb6","commande_id":"bf7e80b4-5491-43a3-8ec7-979a67aca200","entity":"MDL","produit":"PV","delivery_method":"realtime","status":"ready_to_send","is_lb":false,"created_at":"2026-02-14T00:26:29.477431+00:00","sent_at":"2026-02-14T00:30:44.904615+00:00","cleanup_note":"Reset from fake 'sent' status - data cleanup 2026-02-14","last_error":null,"last_sent_at":null,"send_attempts":0,"sent_to":[],"updated_at":"2026-02-14T01:54:06.651418+00:00","csv_filename":"lead_MDL_PV_34bb6708.csv","csv_generated_at":"2026-02-14T01:54:06.651418+00:00","has_csv":true,"outcome":"accepted","billable":false},{"id":"76881fc5-9d0c-4381-8174-65f09aee4edd","lead_id":"b5a98b6f-bc65-4ffb-b524-51d21ee8972a","client_id":"a8cd08b1-d2e8-496e-a175-c9fbdd7fe7f1","client_name":"TEST_Client_MDL_4ae01bb6","commande_id":"72b1bbb4-9ce2-43d9-a1b0-a36ac1303048","entity":"MDL","produit":"PAC","delivery_method":"realtime","status":"ready_to_send","is_lb":false,"created_at":"2026-02-14T00:26:29.190122+00:00","sent_at":"2026-02-14T00:30:47.910687+00:00","cleanup_note":"Reset from fake 'sent' status - data cleanup 2026-02-14","last_error":null,"last_sent_at":null,"send_attempts":0,"sent_to":[],"updated_at":"2026-02-14T01:54:06.648404+00:00","csv_filename":"lead_MDL_PAC_b5a98b6f.csv","csv_generated_at":"2026-02-14T01:54:06.648404+00:00","has_csv":true,"outcome":"accepted","billable":false},{"id":"d1dcfcd1-8340-49f0-a11b-bd1c1fccdc82","lead_id":"72b5c247-6116-4f4e-a8f6-afea49620bf6","client_id":"a8cd08b1-d2e8-496e-a175-c9fbdd7fe7f1","client_name":"TEST_Client_MDL_4ae01bb6","commande_id":"bf7e80b4-5491-43a3-8ec7-979a67aca200","entity":"MDL","produit":"PV","delivery_method":"realtime","status":"ready_to_send","is_lb":false,"created_at":"2026-02-14T00:26:28.939996+00:00","sent_at":"2026-02-14T00:30:44.904615+00:00","cleanup_note":"Reset from fake 'sent' status - data cleanup 2026-02-14","last_error":null,"last_sent_at":null,"send_attempts":0,"sent_to":[],"updated_at":"2026-02-14T01:54:06.645501+00:00","csv_filename":"lead_MDL_PV_72b5c247.csv","csv_generated_at":"2026-02-14T01:54:06.645501+00:00","has_csv":true,"outcome":"accepted","billable":false},{"id":"598d5c72-da49-41c9-b987-ee1ce9e1d043","lead_id":"6d3be1be-b341-427c-ac34-939629cd03c1","client_id":"a8cd08b1-d2e8-496e-a175-c9fbdd7fe7f1","client_name":"TEST_Client_MDL_4ae01bb6","commande_id":"72b1bbb4-9ce2-43d9-a1b0-a36ac1303048","entity":"MDL","produit":"PAC","delivery_method":"realtime","status":"ready_to_send","is_lb":false,"created_at":"2026-02-14T00:26:28.727782+00:00","sent_at":"2026-02-14T00:30:47.910687+00:00","cleanup_note":"Reset from fake 'sent' status - data cleanup 2026-02-14","last_error":null,"last_sent_at":null,"send_attempts":0,"sent_to":[],"updated_at":"2026-02-14T01:54:06.642798+00:00","csv_filename":"lead_MDL_PAC_6d3be1be.csv","csv_generated_at":"2026-02-14T01:54:06.642798+00:00","has_csv":true,"outcome":"accepted","billable":false},{"id":"1adcea2b-1589-440e-996b-43ac26ccdeba","lead_id":"467f509f-1a3d-4484-a7e9-b6267e399fdb","client_id":"a8cd08b1-d2e8-496e-a175-c9fbdd7fe7f1","client_name":"TEST_Client_MDL_4ae01bb6","commande_id":"72b1bbb4-9ce2-43d9-a1b0-a36ac1303048","entity":"MDL","produit":"PAC","delivery_method":"realtime","status":"ready_to_send","is_lb":false,"created_at":"2026-02-14T00:26:28.470269+00:00","sent_at":"2026-02-14T00:30:47.910687+00:00","cleanup_note":"Reset from fake 'sent' status - data cleanup 2026-02-14","last_error":null,"last_sent_at":null,"send_attempts":0,"sent_to":[],"updated_at":"2026-02-14T01:54:06.639900+00:00","csv_filename":"lead_MDL_PAC_467f509f.csv","csv_generated_at":"2026-02-14T01:54:06.639900+00:00","has_csv":true,"outcome":"accepted","billable":false},{"id":"48fe9fd5-575d-4869-8445-823da31d8e5b","lead_id":"f2175504-8c3b-4126-aca2-094117dad916","client_id":"a8cd08b1-d2e8-496e-a175-c9fbdd7fe7f1","client_name":"TEST_Client_MDL_4ae01bb6","commande_id":"bf7e80b4-5491-43a3-8ec7-979a67aca200","entity":"MDL","produit":"PV","delivery_method":"realtime","status":"ready_to_send","is_lb":false,"created_at":"2026-02-14T00:26:28.183109+00:00","sent_at":"2026-02-14T00:30:44.904615+00:00","cleanup_note":"Reset from fake 'sent' status - data cleanup 2026-02-14","last_error":null,"last_sent_at":null,"send_attempts":0,"sent_to":[],"updated_at":"2026-02-14T01:54:06.637115+00:00","csv_filename":"lead_MDL_PV_f2175504.csv","csv_generated_at":"2026-02-14T01:54:06.637115+00:00","has_csv":true,"outcome":"accepted","billable":false},{"id":"234d7870-78e2-49c3-8d46-b232c5b4e1d9","lead_id":"ab654af9-e480-4373-abc2-1c6a77f3abd1","client_id":"a8cd08b1-d2e8-496e-a175-c9fbdd7fe7f1","client_name":"TEST_Client_MDL_4ae01bb6","commande_id":"9cfe3094-ef58-4ac4-8cfd-6b9d056e4fc8","entity":"MDL","produit":"ITE","delivery_method":"realtime","status":"ready_to_send","is_lb":false,"created_at":"2026-02-14T00:26:27.935873+00:00","sent_at":"2026-02-14T00:30:49.310426+00:00","cleanup_note":"Reset from fake 'sent' status - data cleanup 2026-02-14","last_error":null,"last_sent_at":null,"send_attempts":0,"sent_to":[],"updated_at":"2026-02-14T01:54:06.634176+00:00","csv_filename":"lead_MDL_ITE_ab654af9.csv","csv_generated_at":"2026-02-14T01:54:06.634176+00:00","has_csv":true,"outcome":"accepted","billable":false},{"id":"bb0e1c45-368e-4c04-b844-7be6f17d358e","lead_id":"a826274c-c025-410e-a75a-871bbe75b6d5","client_id":"a8cd08b1-d2e8-496e-a175-c9fbdd7fe7f1","client_name":"TEST_Client_MDL_4ae01bb6","commande_id":"9cfe3094-ef58-4ac4-8cfd-6b9d056e4fc8","entity":"MDL","produit":"ITE","delivery_method":"realtime","status":"ready_to_send","is_lb":false,"created_at":"2026-02-14T00:26:27.694579+00:00","sent_at":"2026-02-14T00:30:49.310426+00:00","cleanup_note":"Reset from fake 'sent' status - data cleanup 2026-02-14","last_error":null,"last_sent_at":null,"send_attempts":0,"sent_to":[],"updated_at":"2026-02-14T01:54:06.631121+00:00","csv_filename":"lead_MDL_ITE_a826274c.csv","csv_generated_at":"2026-02-14T01:54:06.631121+00:00","has_csv":true,"outcome":"accepted","billable":false},{"id":"4aefe879-4d16-445b-9846-cb7ac050f056","lead_id":"d47c4875-094c-41ac-8281-1f5c5aa5f6ee","client_id":"a8cd08b1-d2e8-496e-a175-c9fbdd7fe7f1","client_name":"TEST_Client_MDL_4ae01bb6","commande_id":"9cfe3094-ef58-4ac4-8cfd-6b9d056e4fc8","entity":"MDL","produit":"ITE","delivery_method":"realtime","status":"ready_to_send","is_lb":false,"created_at":"2026-02-14T00:26:27.452484+00:00","sent_at":"2026-02-14T00:30:49.310426+00:00","cleanup_note":"Reset from fake 'sent' status - data cleanup 2026-02-14","last_error":null,"last_sent_at":null,"send_attempts":0,"sent_to":[],"updated_at":"2026-02-14T01:54:06.628640+00:00","csv_filename":"lead_MDL_ITE_d47c4875.csv","csv_generated_at":"2026-02-14T01:54:06.628640+00:00","has_csv":true,"outcome":"accepted","billable":false},{"id":"2fa31f3f-6390-4fec-916a-93aa303da620","lead_id":"79c6f224-659c-42fe-9530-6ac95dbc458e","client_id":"a8cd08b1-d2e8-496e-a175-c9fbdd7fe7f1","client_name":"TEST_Client_MDL_4ae01bb6","commande_id":"9cfe3094-ef58-4ac4-8cfd-6b9d056e4fc8","entity":"MDL","produit":"ITE","delivery_method":"realtime","status":"ready_to_send","is_lb":false,"created_at":"2026-02-14T00:26:27.179041+00:00","sent_at":"2026-02-14T00:30:49.310426+00:00","cleanup_note":"Reset from fake 'sent' status - data cleanup 2026-02-14","last_error":null,"last_sent_at":null,"send_attempts":0,"sent_to":[],"updated_at":"2026-02-14T01:54:06.626148+00:00","csv_filename":"lead_MDL_ITE_79c6f224.csv","csv_generated_at":"2026-02-14T01:54:06.626148+00:00","has_csv":true,"outcome":"accepted","billable":false}],"count":100,"total":228}
E   assert 200 == 403
E    +  where 200 = &lt;Response [200]&gt;.status_code</failure></testcase><testcase classname="tests.test_rbac_entity_isolation.TestEntityIsolation" name="test_ops_zr7_cannot_access_mdl_clients" time="0.060" /><testcase classname="tests.test_rbac_entity_isolation.TestPermissionEnforcement" name="test_ops_gets_403_on_billing_products" time="0.054" /><testcase classname="tests.test_rbac_entity_isolation.TestPermissionEnforcement" name="test_ops_gets_403_on_users_manage_list" time="0.061" /><testcase classname="tests.test_rbac_entity_isolation.TestPermissionEnforcement" name="test_ops_gets_403_on_users_manage_create" time="0.054" /><testcase classname="tests.test_rbac_entity_isolation.TestPermissionEnforcement" name="test_ops_gets_403_on_activity_view" time="0.059" /><testcase classname="tests.test_rbac_entity_isolation.TestPermissionEnforcement" name="test_super_admin_can_access_billing_products" time="0.082" /><testcase classname="tests.test_rbac_entity_isolation.TestPermissionEnforcement" name="test_super_admin_can_access_activity" time="0.065" /><testcase classname="tests.test_rbac_entity_isolation.TestUserCRUD" name="test_super_admin_can_list_users" time="0.065" /><testcase classname="tests.test_rbac_entity_isolation.TestUserCRUD" name="test_super_admin_can_create_user_with_ops_preset" time="0.309" /><testcase classname="tests.test_rbac_entity_isolation.TestUserCRUD" name="test_super_admin_can_create_and_update_user" time="0.250" /><testcase classname="tests.test_rbac_entity_isolation.TestUserCRUD" name="test_super_admin_can_get_permission_keys" time="0.106" /><testcase classname="tests.test_rbac_entity_isolation.TestEntityScopeHeader" name="test_super_admin_scope_zr7" time="0.080" /><testcase classname="tests.test_rbac_entity_isolation.TestEntityScopeHeader" name="test_super_admin_scope_mdl" time="0.082" /><testcase classname="tests.test_rbac_entity_isolation.TestEntityScopeHeader" name="test_super_admin_scope_both" time="0.199" /></testsuite></testsuites>