<?xml version="1.0" encoding="utf-8"?><testsuites name="pytest tests"><testsuite name="pytest" errors="0" failures="1" skipped="0" tests="18" time="5.494" timestamp="2026-02-13T22:07:35.296533+00:00" hostname="agent-env-8b28fcdc-6d1e-4d8e-acac-ae6311156091"><testcase classname="tests.test_settings_features.TestSettingsAPI" name="test_list_settings_returns_defaults" time="0.451" /><testcase classname="tests.test_settings_features.TestSettingsAPI" name="test_list_settings_requires_auth" time="0.122" /><testcase classname="tests.test_settings_features.TestSettingsAPI" name="test_get_cross_entity_settings" time="0.119" /><testcase classname="tests.test_settings_features.TestSettingsAPI" name="test_update_cross_entity_global_toggle" time="0.311" /><testcase classname="tests.test_settings_features.TestSettingsAPI" name="test_update_cross_entity_per_entity" time="0.263" /><testcase classname="tests.test_settings_features.TestSettingsAPI" name="test_update_cross_entity_requires_admin" time="0.139" /><testcase classname="tests.test_settings_features.TestSettingsAPI" name="test_get_source_gating_settings" time="0.137" /><testcase classname="tests.test_settings_features.TestSettingsAPI" name="test_update_source_gating_add_blocked_source" time="0.170" /><testcase classname="tests.test_settings_features.TestSettingsAPI" name="test_update_source_gating_clear_blocked_sources" time="0.148" /><testcase classname="tests.test_settings_features.TestSourceGatingLeadSubmission" name="test_lead_with_allowed_source_gets_status_new" time="0.580" /><testcase classname="tests.test_settings_features.TestSourceGatingLeadSubmission" name="test_lead_with_blocked_source_gets_status_hold_source" time="0.365"><failure message="AssertionError: Expected status=hold_source for blocked source, got new&#10;assert 'new' == 'hold_source'&#10;  &#10;  - hold_source&#10;  + new">backend/tests/test_settings_features.py:304: in test_lead_with_blocked_source_gets_status_hold_source
    assert data.get("status") == "hold_source", \
E   AssertionError: Expected status=hold_source for blocked source, got new
E   assert 'new' == 'hold_source'
E     
E     - hold_source
E     + new</failure></testcase><testcase classname="tests.test_settings_features.TestSourceGatingLeadSubmission" name="test_cleanup_source_gating" time="0.172" /><testcase classname="tests.test_settings_features.TestCommandeOpenConcept" name="test_list_commandes_shows_open_status" time="0.275" /><testcase classname="tests.test_settings_features.TestCommandeOpenConcept" name="test_commande_with_quota_zero_is_unlimited" time="0.563" /><testcase classname="tests.test_settings_features.TestCrossEntityToggle" name="test_disable_global_cross_entity" time="0.563" /><testcase classname="tests.test_settings_features.TestCrossEntityToggle" name="test_disable_zr7_outbound" time="0.510" /><testcase classname="tests.test_settings_features.TestSettingsAuditFields" name="test_cross_entity_has_audit_fields" time="0.331" /><testcase classname="tests.test_settings_features.TestSettingsAuditFields" name="test_source_gating_has_audit_fields" time="0.168" /></testsuite></testsuites>