<?xml version="1.0" encoding="utf-8"?><testsuites name="pytest tests"><testsuite name="pytest" errors="0" failures="0" skipped="0" tests="18" time="5.429" timestamp="2026-02-13T22:09:10.390082+00:00" hostname="agent-env-8b28fcdc-6d1e-4d8e-acac-ae6311156091"><testcase classname="tests.test_settings_features.TestSettingsAPI" name="test_list_settings_returns_defaults" time="0.415" /><testcase classname="tests.test_settings_features.TestSettingsAPI" name="test_list_settings_requires_auth" time="0.198" /><testcase classname="tests.test_settings_features.TestSettingsAPI" name="test_get_cross_entity_settings" time="0.131" /><testcase classname="tests.test_settings_features.TestSettingsAPI" name="test_update_cross_entity_global_toggle" time="0.256" /><testcase classname="tests.test_settings_features.TestSettingsAPI" name="test_update_cross_entity_per_entity" time="0.315" /><testcase classname="tests.test_settings_features.TestSettingsAPI" name="test_update_cross_entity_requires_admin" time="0.129" /><testcase classname="tests.test_settings_features.TestSettingsAPI" name="test_get_source_gating_settings" time="0.108" /><testcase classname="tests.test_settings_features.TestSettingsAPI" name="test_update_source_gating_add_blocked_source" time="0.136" /><testcase classname="tests.test_settings_features.TestSettingsAPI" name="test_update_source_gating_clear_blocked_sources" time="0.184" /><testcase classname="tests.test_settings_features.TestSourceGatingLeadSubmission" name="test_lead_with_allowed_source_gets_status_new" time="0.589" /><testcase classname="tests.test_settings_features.TestSourceGatingLeadSubmission" name="test_lead_with_blocked_source_gets_status_hold_source" time="0.382" /><testcase classname="tests.test_settings_features.TestSourceGatingLeadSubmission" name="test_cleanup_source_gating" time="0.175" /><testcase classname="tests.test_settings_features.TestCommandeOpenConcept" name="test_list_commandes_shows_open_status" time="0.315" /><testcase classname="tests.test_settings_features.TestCommandeOpenConcept" name="test_commande_with_quota_zero_is_unlimited" time="0.260" /><testcase classname="tests.test_settings_features.TestCrossEntityToggle" name="test_disable_global_cross_entity" time="0.583" /><testcase classname="tests.test_settings_features.TestCrossEntityToggle" name="test_disable_zr7_outbound" time="0.497" /><testcase classname="tests.test_settings_features.TestSettingsAuditFields" name="test_cross_entity_has_audit_fields" time="0.540" /><testcase classname="tests.test_settings_features.TestSettingsAuditFields" name="test_source_gating_has_audit_fields" time="0.126" /></testsuite></testsuites>