<?xml version="1.0" encoding="utf-8"?><testsuites name="pytest tests"><testsuite name="pytest" errors="0" failures="0" skipped="0" tests="16" time="2.968" timestamp="2026-02-14T14:34:53.850780+00:00" hostname="agent-env-5802f0f2-fdcc-4135-b4b4-b42839fe79f2"><testcase classname="tests.test_month_summary.TestMonthSummaryEndpoint" name="test_month_summary_returns_200" time="0.354" /><testcase classname="tests.test_month_summary.TestMonthSummaryEndpoint" name="test_month_summary_without_month_uses_current" time="0.123" /><testcase classname="tests.test_month_summary.TestMonthSummaryEndpoint" name="test_month_summary_has_summary_fields" time="0.131" /><testcase classname="tests.test_month_summary.TestMonthSummaryEndpoint" name="test_month_summary_has_totals_fields" time="0.137" /><testcase classname="tests.test_month_summary.TestMonthSummaryEndpoint" name="test_month_summary_has_rows_with_aggregation" time="0.115" /><testcase classname="tests.test_month_summary.TestMonthSummaryEndpoint" name="test_month_summary_has_interfacturation" time="0.115" /><testcase classname="tests.test_month_summary.TestMonthSummaryEndpoint" name="test_month_summary_has_weeks_in_month" time="0.165" /><testcase classname="tests.test_month_summary.TestMonthSummaryEndpoint" name="test_month_summary_has_date_range" time="0.135" /><testcase classname="tests.test_month_summary.TestMonthSummaryEndpoint" name="test_month_summary_invalid_month_returns_400" time="0.718" /><testcase classname="tests.test_month_summary.TestMonthSummaryEndpoint" name="test_month_summary_unauthenticated_returns_401" time="0.120" /><testcase classname="tests.test_month_summary.TestMonthSummaryDataIntegrity" name="test_totals_match_row_sums" time="0.128" /><testcase classname="tests.test_month_summary.TestMonthSummaryDataIntegrity" name="test_rows_have_weeks_count" time="0.163" /><testcase classname="tests.test_month_summary.TestMonthSummaryDataIntegrity" name="test_rows_have_status" time="0.141" /><testcase classname="tests.test_month_summary.TestMonthNavigation" name="test_january_month" time="0.109" /><testcase classname="tests.test_month_summary.TestMonthNavigation" name="test_december_month" time="0.114" /><testcase classname="tests.test_month_summary.TestMonthNavigation" name="test_leap_year_february" time="0.111" /></testsuite></testsuites>