<?xml version="1.0" encoding="utf-8"?><testsuites name="pytest tests"><testsuite name="pytest" errors="0" failures="0" skipped="0" tests="21" time="2.137" timestamp="2026-02-09T21:41:27.130086+00:00" hostname="agent-env-269be9e7-d1b7-4f04-83ae-667f60a93ba4"><testcase classname="backend.tests.test_new_billing_features.TestBillingWeekNavigation" name="test_get_current_week" time="0.107" /><testcase classname="backend.tests.test_new_billing_features.TestBillingWeekNavigation" name="test_get_week_billing_with_week_info" time="0.052" /><testcase classname="backend.tests.test_new_billing_features.TestBillingWeekNavigation" name="test_get_week_billing_returns_invoice_status" time="0.042" /><testcase classname="backend.tests.test_new_billing_features.TestBillingWeekNavigation" name="test_mark_week_as_invoiced" time="0.125" /><testcase classname="backend.tests.test_new_billing_features.TestBillingWeekNavigation" name="test_week_navigation_different_weeks" time="0.088" /><testcase classname="backend.tests.test_new_billing_features.TestBillingWeekNavigation" name="test_invalid_week_number" time="0.034" /><testcase classname="backend.tests.test_new_billing_features.TestCommandesPrixUnitaire" name="test_commandes_have_prix_unitaire" time="0.046" /><testcase classname="backend.tests.test_new_billing_features.TestCommandesPrixUnitaire" name="test_update_commande_prix_unitaire" time="0.155" /><testcase classname="backend.tests.test_new_billing_features.TestCommandesPrixUnitaire" name="test_create_commande_with_prix_unitaire" time="0.086" /><testcase classname="backend.tests.test_new_billing_features.TestAccountsCguPrivacy" name="test_accounts_have_legal_fields" time="0.049" /><testcase classname="backend.tests.test_new_billing_features.TestAccountsCguPrivacy" name="test_create_account_with_legal_texts" time="0.092" /><testcase classname="backend.tests.test_new_billing_features.TestAccountsCguPrivacy" name="test_update_account_legal_texts" time="0.169" /><testcase classname="backend.tests.test_new_billing_features.TestLeadsCrmFilter" name="test_filter_leads_by_crm_id" time="0.086" /><testcase classname="backend.tests.test_new_billing_features.TestLeadsCrmFilter" name="test_leads_filter_returns_correct_crm_leads" time="0.075" /><testcase classname="backend.tests.test_new_billing_features.TestDepartementsStatsCrmFilter" name="test_filter_departements_stats_by_crm" time="0.036" /><testcase classname="backend.tests.test_new_billing_features.TestDepartementsStatsCrmFilter" name="test_departements_stats_different_crms" time="0.402" /><testcase classname="backend.tests.test_new_billing_features.TestBriefGenerator" name="test_brief_includes_logos_html" time="0.105" /><testcase classname="backend.tests.test_new_billing_features.TestBriefGenerator" name="test_brief_includes_legal_html" time="0.112" /><testcase classname="backend.tests.test_new_billing_features.TestBriefGenerator" name="test_brief_account_has_legal_info" time="0.106" /><testcase classname="backend.tests.test_new_billing_features.TestBillingCrossCrm" name="test_billing_cross_crm_endpoint" time="0.042" /><testcase classname="backend.tests.test_new_billing_features.TestBillingCrossCrm" name="test_billing_weeks_history" time="0.038" /></testsuite></testsuites>