<?xml version="1.0" encoding="utf-8"?><testsuites name="pytest tests"><testsuite name="pytest" errors="0" failures="0" skipped="1" tests="21" time="2.131" timestamp="2026-02-14T15:28:30.481340+00:00" hostname="agent-env-0f13fe44-d517-40e6-bd33-4a08f0233f8b"><testcase classname="tests.test_rbac_entity_isolation.TestLoginReturnsRBACData" name="test_super_admin_login_returns_full_permissions" time="0.135" /><testcase classname="tests.test_rbac_entity_isolation.TestLoginReturnsRBACData" name="test_ops_login_returns_ops_preset_permissions" time="0.117" /><testcase classname="tests.test_rbac_entity_isolation.TestEntityIsolation" name="test_ops_zr7_cannot_access_mdl_commandes" time="0.104" /><testcase classname="tests.test_rbac_entity_isolation.TestEntityIsolation" name="test_ops_zr7_can_access_zr7_commandes" time="0.076" /><testcase classname="tests.test_rbac_entity_isolation.TestEntityIsolation" name="test_super_admin_can_access_zr7_commandes" time="0.068" /><testcase classname="tests.test_rbac_entity_isolation.TestEntityIsolation" name="test_super_admin_can_access_mdl_commandes" time="0.066" /><testcase classname="tests.test_rbac_entity_isolation.TestEntityIsolation" name="test_ops_zr7_cannot_access_mdl_deliveries" time="0.000"><skipped type="pytest.skip" message="BUG: deliveries endpoint lacks entity isolation - reported to main agent">/app/backend/tests/test_rbac_entity_isolation.py:163: BUG: deliveries endpoint lacks entity isolation - reported to main agent</skipped></testcase><testcase classname="tests.test_rbac_entity_isolation.TestEntityIsolation" name="test_ops_zr7_cannot_access_mdl_clients" time="0.090" /><testcase classname="tests.test_rbac_entity_isolation.TestPermissionEnforcement" name="test_ops_gets_403_on_billing_products" time="0.058" /><testcase classname="tests.test_rbac_entity_isolation.TestPermissionEnforcement" name="test_ops_gets_403_on_users_manage_list" time="0.058" /><testcase classname="tests.test_rbac_entity_isolation.TestPermissionEnforcement" name="test_ops_gets_403_on_users_manage_create" time="0.062" /><testcase classname="tests.test_rbac_entity_isolation.TestPermissionEnforcement" name="test_ops_gets_403_on_activity_view" time="0.061" /><testcase classname="tests.test_rbac_entity_isolation.TestPermissionEnforcement" name="test_super_admin_can_access_billing_products" time="0.067" /><testcase classname="tests.test_rbac_entity_isolation.TestPermissionEnforcement" name="test_super_admin_can_access_activity" time="0.068" /><testcase classname="tests.test_rbac_entity_isolation.TestUserCRUD" name="test_super_admin_can_list_users" time="0.364" /><testcase classname="tests.test_rbac_entity_isolation.TestUserCRUD" name="test_super_admin_can_create_user_with_ops_preset" time="0.133" /><testcase classname="tests.test_rbac_entity_isolation.TestUserCRUD" name="test_super_admin_can_create_and_update_user" time="0.179" /><testcase classname="tests.test_rbac_entity_isolation.TestUserCRUD" name="test_super_admin_can_get_permission_keys" time="0.059" /><testcase classname="tests.test_rbac_entity_isolation.TestEntityScopeHeader" name="test_super_admin_scope_zr7" time="0.070" /><testcase classname="tests.test_rbac_entity_isolation.TestEntityScopeHeader" name="test_super_admin_scope_mdl" time="0.067" /><testcase classname="tests.test_rbac_entity_isolation.TestEntityScopeHeader" name="test_super_admin_scope_both" time="0.133" /></testsuite></testsuites>