<?xml version="1.0" encoding="utf-8"?><testsuites name="pytest tests"><testsuite name="pytest" errors="0" failures="0" skipped="0" tests="15" time="1.587" timestamp="2026-02-08T07:00:53.999436+00:00" hostname="agent-env-ea5084da-ed92-48e2-bc22-8c9d5efc833a"><testcase classname="backend.tests.test_new_crm_features.TestAuth" name="test_login_success" time="0.079" /><testcase classname="backend.tests.test_new_crm_features.TestFormCreationWithAPIKeys" name="test_create_form_with_crm_api_key" time="0.167" /><testcase classname="backend.tests.test_new_crm_features.TestFormCreationWithAPIKeys" name="test_create_form_without_crm_api_key" time="0.159" /><testcase classname="backend.tests.test_new_crm_features.TestFormDuplication" name="test_duplicate_form_with_new_crm_api_key" time="0.205" /><testcase classname="backend.tests.test_new_crm_features.TestFormDuplication" name="test_duplicate_form_requires_new_crm_api_key" time="0.093" /><testcase classname="backend.tests.test_new_crm_features.TestAccountImagesLibrary" name="test_add_images_to_account" time="0.198" /><testcase classname="backend.tests.test_new_crm_features.TestAccountImagesLibrary" name="test_account_images_structure" time="0.037" /><testcase classname="backend.tests.test_new_crm_features.TestRetryFailedLeadsEndpoint" name="test_retry_failed_endpoint_exists" time="0.080" /><testcase classname="backend.tests.test_new_crm_features.TestRetryFailedLeadsEndpoint" name="test_retry_failed_with_hours_param" time="0.039" /><testcase classname="backend.tests.test_new_crm_features.TestRetryFailedLeadsEndpoint" name="test_retry_failed_requires_auth" time="0.035" /><testcase classname="backend.tests.test_new_crm_features.TestLeadSubmissionWithCRM" name="test_submit_lead_basic" time="0.044" /><testcase classname="backend.tests.test_new_crm_features.TestLeadSubmissionWithCRM" name="test_submit_lead_phone_validation" time="0.038" /><testcase classname="backend.tests.test_new_crm_features.TestLeadSubmissionWithCRM" name="test_submit_lead_nom_required" time="0.078" /><testcase classname="backend.tests.test_new_crm_features.TestLeadSubmissionWithCRM" name="test_submit_lead_postal_code_validation" time="0.035" /><testcase classname="backend.tests.test_new_crm_features.TestFormsListWithAPIKeys" name="test_forms_list_structure" time="0.094" /></testsuite></testsuites>