<?xml version="1.0" encoding="utf-8"?><testsuites name="pytest tests"><testsuite name="pytest" errors="0" failures="0" skipped="1" tests="21" time="7.998" timestamp="2026-02-14T01:21:57.558042+00:00" hostname="agent-env-471ddf11-bd6d-4f75-8d75-7a0322fa9866"><testcase classname="tests.test_phase25_auto_send_integration.TestPhase25AutoSendIntegration" name="test_01_create_client_with_auto_send_true" time="0.357" /><testcase classname="tests.test_phase25_auto_send_integration.TestPhase25AutoSendIntegration" name="test_02_create_client_with_auto_send_false" time="0.248" /><testcase classname="tests.test_phase25_auto_send_integration.TestPhase25AutoSendIntegration" name="test_03_update_client_auto_send_enabled" time="0.372" /><testcase classname="tests.test_phase25_auto_send_integration.TestPhase25AutoSendIntegration" name="test_04_calendar_check_current_day" time="0.222" /><testcase classname="tests.test_phase25_auto_send_integration.TestPhase25AutoSendIntegration" name="test_05_calendar_get_settings" time="0.227" /><testcase classname="tests.test_phase25_auto_send_integration.TestPhase25AutoSendIntegration" name="test_06_calendar_update_enable_saturday" time="0.600" /><testcase classname="tests.test_phase25_auto_send_integration.TestPhase25AutoSendIntegration" name="test_07_delivery_list" time="0.227" /><testcase classname="tests.test_phase25_auto_send_integration.TestPhase25AutoSendIntegration" name="test_08_delivery_stats" time="0.242" /><testcase classname="tests.test_phase25_auto_send_integration.TestPhase25AutoSendIntegration" name="test_09_delivery_list_by_status" time="0.386" /><testcase classname="tests.test_phase25_auto_send_integration.TestPhase25AutoSendIntegration" name="test_10_idempotency_resend_blocked_without_force" time="0.476" /><testcase classname="tests.test_phase25_auto_send_integration.TestPhase25AutoSendIntegration" name="test_11_idempotency_resend_allowed_with_force" time="1.774" /><testcase classname="tests.test_phase25_auto_send_integration.TestPhase25AutoSendIntegration" name="test_12_manual_send_ready_to_send" time="0.193"><skipped type="pytest.skip" message="No ready_to_send deliveries found">/app/backend/tests/test_phase25_auto_send_integration.py:310: No ready_to_send deliveries found</skipped></testcase><testcase classname="tests.test_phase25_auto_send_integration.TestPhase25AutoSendIntegration" name="test_13_batch_generate_csv" time="0.163" /><testcase classname="tests.test_phase25_auto_send_integration.TestPhase25AutoSendIntegration" name="test_14_batch_send_ready" time="0.495" /><testcase classname="tests.test_phase25_auto_send_integration.TestPhase25AutoSendIntegration" name="test_15_simulation_mode_settings" time="0.187" /><testcase classname="tests.test_phase25_auto_send_integration.TestPhase25AutoSendIntegration" name="test_16_simulation_mode_toggle" time="0.398" /><testcase classname="tests.test_phase25_auto_send_integration.TestPhase25AutoSendIntegration" name="test_17_client_with_denylisted_email" time="0.483" /><testcase classname="tests.test_phase25_auto_send_integration.TestPhase25AutoSendIntegration" name="test_18_download_delivery_csv" time="0.237" /><testcase classname="tests.test_phase25_auto_send_integration.TestPhase25AutoSendIntegration" name="test_19_verify_priority_order_in_code" time="0.252" /><testcase classname="tests.test_phase25_auto_send_integration.TestAutoSendEndToEnd" name="test_e2e_auto_send_true_workflow" time="0.222" /><testcase classname="tests.test_phase25_auto_send_integration.TestAutoSendEndToEnd" name="test_e2e_auto_send_false_workflow" time="0.157" /></testsuite></testsuites>