<?xml version="1.0" encoding="utf-8"?><testsuites name="pytest tests"><testsuite name="pytest" errors="0" failures="0" skipped="0" tests="14" time="2.744" timestamp="2026-02-08T05:16:38.311589+00:00" hostname="agent-env-d60171c6-a449-4f9d-ae60-4a8a679e1d18"><testcase classname="backend.tests.test_refactoring_features.TestAuth" name="test_login_success" time="0.066" /><testcase classname="backend.tests.test_refactoring_features.TestAccountsAPI" name="test_login_success" time="0.039" /><testcase classname="backend.tests.test_refactoring_features.TestAccountsAPI" name="test_get_accounts_returns_6_accounts" time="0.078" /><testcase classname="backend.tests.test_refactoring_features.TestAccountsAPI" name="test_accounts_have_required_fields" time="0.043" /><testcase classname="backend.tests.test_refactoring_features.TestAccountsAPI" name="test_accounts_linked_to_correct_crms" time="0.082" /><testcase classname="backend.tests.test_refactoring_features.TestLeadDeletionAPI" name="test_login_success" time="0.043" /><testcase classname="backend.tests.test_refactoring_features.TestLeadDeletionAPI" name="test_delete_single_lead" time="0.572" /><testcase classname="backend.tests.test_refactoring_features.TestLeadDeletionAPI" name="test_delete_nonexistent_lead_returns_404" time="0.042" /><testcase classname="backend.tests.test_refactoring_features.TestLeadDeletionAPI" name="test_bulk_delete_leads" time="1.344" /><testcase classname="backend.tests.test_refactoring_features.TestLeadDeletionAPI" name="test_bulk_delete_empty_list_returns_400" time="0.036" /><testcase classname="backend.tests.test_refactoring_features.TestLeadDeletionAPI" name="test_bulk_delete_with_invalid_ids" time="0.041" /><testcase classname="backend.tests.test_refactoring_features.TestBackwardsCompatibility" name="test_login_success" time="0.084" /><testcase classname="backend.tests.test_refactoring_features.TestBackwardsCompatibility" name="test_sub_accounts_endpoint_still_works" time="0.082" /><testcase classname="backend.tests.test_refactoring_features.TestCleanup" name="test_cleanup_test_leads" time="0.118" /></testsuite></testsuites>