<?xml version="1.0" encoding="utf-8"?><testsuites name="pytest tests"><testsuite name="pytest" errors="0" failures="0" skipped="0" tests="25" time="4.014" timestamp="2026-02-14T03:03:20.891691+00:00" hostname="agent-env-310e727d-300d-4de5-96b9-41270a0352f2"><testcase classname="tests.test_client_360_endpoints.TestClientDetailEndpoint" name="test_get_client_detail_success" time="0.388" /><testcase classname="tests.test_client_360_endpoints.TestClientDetailEndpoint" name="test_get_client_not_found" time="0.124" /><testcase classname="tests.test_client_360_endpoints.TestClientSummaryEndpoint" name="test_summary_day_grouping" time="0.115" /><testcase classname="tests.test_client_360_endpoints.TestClientSummaryEndpoint" name="test_summary_week_grouping" time="0.156" /><testcase classname="tests.test_client_360_endpoints.TestClientSummaryEndpoint" name="test_summary_month_grouping" time="0.117" /><testcase classname="tests.test_client_360_endpoints.TestClientSummaryEndpoint" name="test_summary_period_has_produit_breakdown" time="0.141" /><testcase classname="tests.test_client_360_endpoints.TestClientCRMEndpoint" name="test_update_global_rating" time="0.207" /><testcase classname="tests.test_client_360_endpoints.TestClientCRMEndpoint" name="test_update_client_status" time="0.206" /><testcase classname="tests.test_client_360_endpoints.TestClientCRMEndpoint" name="test_update_payment_rating" time="0.123" /><testcase classname="tests.test_client_360_endpoints.TestClientCRMEndpoint" name="test_update_accounting_status" time="0.169" /><testcase classname="tests.test_client_360_endpoints.TestClientCRMEndpoint" name="test_update_payment_terms" time="0.181" /><testcase classname="tests.test_client_360_endpoints.TestClientCRMEndpoint" name="test_update_tags" time="0.182" /><testcase classname="tests.test_client_360_endpoints.TestClientCRMEndpoint" name="test_crm_update_invalid_field_rejected" time="0.143" /><testcase classname="tests.test_client_360_endpoints.TestClientCRMEndpoint" name="test_crm_update_logs_activity" time="0.177" /><testcase classname="tests.test_client_360_endpoints.TestClientNotesEndpoint" name="test_add_note_success" time="0.121" /><testcase classname="tests.test_client_360_endpoints.TestClientNotesEndpoint" name="test_add_empty_note_rejected" time="0.140" /><testcase classname="tests.test_client_360_endpoints.TestClientNotesEndpoint" name="test_add_whitespace_note_rejected" time="0.120" /><testcase classname="tests.test_client_360_endpoints.TestClientNotesEndpoint" name="test_note_appears_in_activity" time="0.199" /><testcase classname="tests.test_client_360_endpoints.TestClientNotesEndpoint" name="test_note_appears_in_client_detail" time="0.127" /><testcase classname="tests.test_client_360_endpoints.TestClientActivityEndpoint" name="test_activity_returns_array" time="0.151" /><testcase classname="tests.test_client_360_endpoints.TestClientActivityEndpoint" name="test_activity_includes_crm_updates" time="0.105" /><testcase classname="tests.test_client_360_endpoints.TestClientActivityEndpoint" name="test_activity_includes_notes" time="0.115" /><testcase classname="tests.test_client_360_endpoints.TestClientActivityEndpoint" name="test_activity_includes_delivery_rejects" time="0.122" /><testcase classname="tests.test_client_360_endpoints.TestClientActivityEndpoint" name="test_activity_sorted_by_date_desc" time="0.111" /><testcase classname="tests.test_client_360_endpoints.TestClientListEnrichment" name="test_client_list_has_enriched_fields" time="0.158" /></testsuite></testsuites>