<?xml version="1.0" encoding="utf-8"?><testsuites name="pytest tests"><testsuite name="pytest" errors="0" failures="3" skipped="0" tests="21" time="2.479" timestamp="2026-02-14T15:25:30.694196+00:00" hostname="agent-env-0f13fe44-d517-40e6-bd33-4a08f0233f8b"><testcase classname="tests.test_rbac_entity_isolation.TestLoginReturnsRBACData" name="test_super_admin_login_returns_full_permissions" time="0.660" /><testcase classname="tests.test_rbac_entity_isolation.TestLoginReturnsRBACData" name="test_ops_login_returns_ops_preset_permissions" time="0.110" /><testcase classname="tests.test_rbac_entity_isolation.TestEntityIsolation" name="test_ops_zr7_cannot_access_mdl_commandes" time="0.078" /><testcase classname="tests.test_rbac_entity_isolation.TestEntityIsolation" name="test_ops_zr7_can_access_zr7_commandes" time="0.092" /><testcase classname="tests.test_rbac_entity_isolation.TestEntityIsolation" name="test_super_admin_can_access_zr7_commandes" time="0.074" /><testcase classname="tests.test_rbac_entity_isolation.TestEntityIsolation" name="test_super_admin_can_access_mdl_commandes" time="0.078" /><testcase classname="tests.test_rbac_entity_isolation.TestEntityIsolation" name="test_ops_zr7_cannot_access_mdl_leads" time="0.073"><failure message="AssertionError: Expected 403 for cross-entity leads access, got 404: {&quot;detail&quot;:&quot;Not Found&quot;}&#10;assert 404 == 403&#10; +  where 404 = &lt;Response [404]&gt;.status_code">tests/test_rbac_entity_isolation.py:167: in test_ops_zr7_cannot_access_mdl_leads
    assert res.status_code == 403, f"Expected 403 for cross-entity leads access, got {res.status_code}: {res.text}"
E   AssertionError: Expected 403 for cross-entity leads access, got 404: {"detail":"Not Found"}
E   assert 404 == 403
E    +  where 404 = &lt;Response [404]&gt;.status_code</failure></testcase><testcase classname="tests.test_rbac_entity_isolation.TestEntityIsolation" name="test_ops_zr7_cannot_access_mdl_clients" time="0.056" /><testcase classname="tests.test_rbac_entity_isolation.TestPermissionEnforcement" name="test_ops_gets_403_on_billing_endpoints" time="0.053"><failure message="AssertionError: Expected 403 for ops on billing, got 404: {&quot;detail&quot;:&quot;Not Found&quot;}&#10;assert 404 == 403&#10; +  where 404 = &lt;Response [404]&gt;.status_code">tests/test_rbac_entity_isolation.py:185: in test_ops_gets_403_on_billing_endpoints
    assert res.status_code == 403, f"Expected 403 for ops on billing, got {res.status_code}: {res.text}"
E   AssertionError: Expected 403 for ops on billing, got 404: {"detail":"Not Found"}
E   assert 404 == 403
E    +  where 404 = &lt;Response [404]&gt;.status_code</failure></testcase><testcase classname="tests.test_rbac_entity_isolation.TestPermissionEnforcement" name="test_ops_gets_403_on_users_manage_list" time="0.054" /><testcase classname="tests.test_rbac_entity_isolation.TestPermissionEnforcement" name="test_ops_gets_403_on_users_manage_create" time="0.067" /><testcase classname="tests.test_rbac_entity_isolation.TestPermissionEnforcement" name="test_ops_gets_403_on_activity_view" time="0.056" /><testcase classname="tests.test_rbac_entity_isolation.TestPermissionEnforcement" name="test_super_admin_can_access_billing" time="0.056"><failure message="AssertionError: Expected 200 for super_admin on billing: {&quot;detail&quot;:&quot;Not Found&quot;}&#10;assert 404 == 200&#10; +  where 404 = &lt;Response [404]&gt;.status_code">tests/test_rbac_entity_isolation.py:224: in test_super_admin_can_access_billing
    assert res.status_code == 200, f"Expected 200 for super_admin on billing: {res.text}"
E   AssertionError: Expected 200 for super_admin on billing: {"detail":"Not Found"}
E   assert 404 == 200
E    +  where 404 = &lt;Response [404]&gt;.status_code</failure></testcase><testcase classname="tests.test_rbac_entity_isolation.TestPermissionEnforcement" name="test_super_admin_can_access_activity" time="0.077" /><testcase classname="tests.test_rbac_entity_isolation.TestUserCRUD" name="test_super_admin_can_list_users" time="0.058" /><testcase classname="tests.test_rbac_entity_isolation.TestUserCRUD" name="test_super_admin_can_create_user_with_ops_preset" time="0.120" /><testcase classname="tests.test_rbac_entity_isolation.TestUserCRUD" name="test_super_admin_can_create_and_update_user" time="0.181" /><testcase classname="tests.test_rbac_entity_isolation.TestUserCRUD" name="test_super_admin_can_get_permission_keys" time="0.091" /><testcase classname="tests.test_rbac_entity_isolation.TestEntityScopeHeader" name="test_super_admin_scope_zr7" time="0.072" /><testcase classname="tests.test_rbac_entity_isolation.TestEntityScopeHeader" name="test_super_admin_scope_mdl" time="0.069" /><testcase classname="tests.test_rbac_entity_isolation.TestEntityScopeHeader" name="test_super_admin_scope_both" time="0.163" /></testsuite></testsuites>