<?xml version="1.0" encoding="utf-8"?><testsuites name="pytest tests"><testsuite name="pytest" errors="0" failures="0" skipped="0" tests="16" time="23.990" timestamp="2026-02-13T23:57:26.315626+00:00" hostname="agent-env-471ddf11-bd6d-4f75-8d75-7a0322fa9866"><testcase classname="tests.test_e2e_pipeline_validation.TestProviderEntityLocked" name="test_provider_lead_has_entity_locked_true" time="0.709" /><testcase classname="tests.test_e2e_pipeline_validation.TestProviderEntityLocked" name="test_provider_duplicate_no_cross_entity_even_when_enabled" time="6.808" /><testcase classname="tests.test_e2e_pipeline_validation.TestInternalFormMapping" name="test_valid_form_code_resolves_correctly" time="0.295" /><testcase classname="tests.test_e2e_pipeline_validation.TestInternalFormMapping" name="test_invalid_form_code_returns_pending_config" time="0.289" /><testcase classname="tests.test_e2e_pipeline_validation.TestDuplicateLogic" name="test_duplicate_same_phone_produit_client_30_days" time="6.624" /><testcase classname="tests.test_e2e_pipeline_validation.TestNoOpenOrders" name="test_no_open_orders_lead_stored_no_delivery" time="0.264" /><testcase classname="tests.test_e2e_pipeline_validation.TestHoldSource" name="test_blocked_source_hold_source_no_routing" time="0.486" /><testcase classname="tests.test_e2e_pipeline_validation.TestFreshRouting" name="test_fresh_lead_creates_delivery_pending_csv" time="0.242" /><testcase classname="tests.test_e2e_pipeline_validation.TestCSVIntegrity" name="test_csv_content_format" time="0.095" /><testcase classname="tests.test_e2e_pipeline_validation.TestIdempotency" name="test_double_submit_detection" time="0.360" /><testcase classname="tests.test_e2e_pipeline_validation.TestStateTransitions" name="test_valid_status_values" time="0.000" /><testcase classname="tests.test_e2e_pipeline_validation.TestStateTransitions" name="test_new_to_routed_transition" time="0.259" /><testcase classname="tests.test_e2e_pipeline_validation.TestStateTransitions" name="test_illegal_transitions_not_possible" time="0.000" /><testcase classname="tests.test_e2e_pipeline_validation.TestStateTransitions" name="test_duplicate_cannot_become_routed" time="6.558" /><testcase classname="tests.test_e2e_pipeline_validation.TestStateTransitions" name="test_hold_source_cannot_become_livre" time="0.518" /><testcase classname="tests.test_e2e_pipeline_validation.TestCleanup" name="test_restore_settings" time="0.397" /></testsuite></testsuites>