<?xml version="1.0" encoding="utf-8"?><testsuites name="pytest tests"><testsuite name="pytest" errors="0" failures="1" skipped="0" tests="14" time="7.434" timestamp="2026-02-14T11:31:22.934088+00:00" hostname="agent-env-310e727d-300d-4de5-96b9-41270a0352f2"><testcase classname="tests.test_event_log_feature.TestEventLogEndpoints" name="test_01_event_log_list" time="0.324" /><testcase classname="tests.test_event_log_feature.TestEventLogEndpoints" name="test_02_event_log_actions" time="0.222" /><testcase classname="tests.test_event_log_feature.TestEventLogEndpoints" name="test_03_event_log_filter_by_action" time="0.211" /><testcase classname="tests.test_event_log_feature.TestEventLogEndpoints" name="test_04_event_log_filter_by_entity_type" time="0.207" /><testcase classname="tests.test_event_log_feature.TestEventLogEndpoints" name="test_05_event_log_filter_by_entity" time="0.210" /><testcase classname="tests.test_event_log_feature.TestEventLogEndpoints" name="test_06_event_log_pagination" time="0.414" /><testcase classname="tests.test_event_log_feature.TestEventLogEndpoints" name="test_07_event_log_get_single_event" time="0.318" /><testcase classname="tests.test_event_log_feature.TestEventLogEndpoints" name="test_08_event_log_get_nonexistent_event" time="0.227" /><testcase classname="tests.test_event_log_feature.TestEventLoggingOnActions" name="test_10_order_activate_deactivate_logs_event" time="1.480" /><testcase classname="tests.test_event_log_feature.TestEventLoggingOnActions" name="test_11_client_auto_send_change_logs_event" time="1.268"><failure message="AssertionError: assert None == True&#10; +  where None = &lt;built-in method get of dict object at 0xfcedd31a29c0&gt;('old_value')&#10; +    where &lt;built-in method get of dict object at 0xfcedd31a29c0&gt; = {'new_value': False, 'old_value': None}.get&#10; +      where {'new_value': False, 'old_value': None} = &lt;built-in method get of dict object at 0xfcedd31bd4c0&gt;('details', {})&#10; +        where &lt;built-in method get of dict object at 0xfcedd31bd4c0&gt; = {'action': 'client_auto_send_change', 'created_at': '2026-02-14T11:31:27.237988+00:00', 'details': {'new_value': False, 'old_value': None}, 'entity': 'ZR7', ...}.get">backend/tests/test_event_log_feature.py:243: in test_11_client_auto_send_change_logs_event
    assert latest.get("details", {}).get("old_value") == initial_auto_send
E   AssertionError: assert None == True
E    +  where None = &lt;built-in method get of dict object at 0xfcedd31a29c0&gt;('old_value')
E    +    where &lt;built-in method get of dict object at 0xfcedd31a29c0&gt; = {'new_value': False, 'old_value': None}.get
E    +      where {'new_value': False, 'old_value': None} = &lt;built-in method get of dict object at 0xfcedd31bd4c0&gt;('details', {})
E    +        where &lt;built-in method get of dict object at 0xfcedd31bd4c0&gt; = {'action': 'client_auto_send_change', 'created_at': '2026-02-14T11:31:27.237988+00:00', 'details': {'new_value': False, 'old_value': None}, 'entity': 'ZR7', ...}.get</failure></testcase><testcase classname="tests.test_event_log_feature.TestEventLoggingOnActions" name="test_12_existing_reject_lead_event" time="0.221" /><testcase classname="tests.test_event_log_feature.TestEventLoggingOnActions" name="test_13_existing_lead_removed_event" time="0.633" /><testcase classname="tests.test_event_log_feature.TestEventLoggingOnActions" name="test_14_provider_rotate_key_logs_event" time="1.268" /><testcase classname="tests.test_event_log_feature.TestEventLogForDeliveryActions" name="test_20_delivery_actions_in_event_log" time="0.210" /></testsuite></testsuites>