<?xml version="1.0" encoding="utf-8"?><testsuites name="pytest tests"><testsuite name="pytest" errors="0" failures="0" skipped="0" tests="15" time="3.194" timestamp="2026-02-14T17:29:12.309499+00:00" hostname="agent-env-ba8a2e3d-c4fa-45eb-8d88-ba20a99c1c4b"><testcase classname="tests.test_production_audit_final.TestViewerPermissions" name="test_viewer_blocked_from_settings" time="1.212" /><testcase classname="tests.test_production_audit_final.TestViewerPermissions" name="test_viewer_blocked_from_providers" time="0.109" /><testcase classname="tests.test_production_audit_final.TestViewerPermissions" name="test_viewer_blocked_from_users" time="0.216" /><testcase classname="tests.test_production_audit_final.TestViewerPermissions" name="test_viewer_blocked_from_event_log" time="0.103" /><testcase classname="tests.test_production_audit_final.TestOpsPermissions" name="test_ops_blocked_from_billing_write" time="0.115" /><testcase classname="tests.test_production_audit_final.TestNoAuthProtection" name="test_no_auth_blocked_from_leads_list" time="0.123" /><testcase classname="tests.test_production_audit_final.TestEntityScope" name="test_super_admin_leads_stats_zr7_scope" time="0.122" /><testcase classname="tests.test_production_audit_final.TestEntityScope" name="test_super_admin_deliveries_stats_mdl_scope" time="0.118" /><testcase classname="tests.test_production_audit_final.TestSystemHealth" name="test_system_health_returns_modules" time="0.140" /><testcase classname="tests.test_production_audit_final.TestDashboardFailOpen" name="test_dashboard_stats_future_week_no_crash" time="0.148" /><testcase classname="tests.test_production_audit_final.TestIntercompanyHealth" name="test_intercompany_health_returns_status" time="0.112" /><testcase classname="tests.test_production_audit_final.TestIntercompanyHealth" name="test_intercompany_retry_errors_works" time="0.113" /><testcase classname="tests.test_production_audit_final.TestRBACEntityIsolation" name="test_admin_mdl_cannot_access_zr7_clients" time="0.218" /><testcase classname="tests.test_production_audit_final.TestInvoiceDashboard" name="test_invoice_overdue_dashboard_works" time="0.114" /><testcase classname="tests.test_production_audit_final.TestBillingWeek" name="test_billing_week_dashboard_works" time="0.124" /></testsuite></testsuites>