<?xml version="1.0" encoding="utf-8"?><testsuites name="pytest tests"><testsuite name="pytest" errors="0" failures="0" skipped="0" tests="17" time="1.353" timestamp="2026-02-11T10:31:41.006338+00:00" hostname="agent-env-a1187aed-ba5f-4575-b082-67186823cfcd"><testcase classname="backend.tests.test_admin_features.TestAdminAuth" name="test_admin_login" time="0.091" /><testcase classname="backend.tests.test_admin_features.TestLeadsList" name="test_get_leads_list" time="0.078" /><testcase classname="backend.tests.test_admin_features.TestLeadUpdate" name="test_update_lead_success" time="0.143" /><testcase classname="backend.tests.test_admin_features.TestLeadUpdate" name="test_update_lead_multiple_fields" time="0.115" /><testcase classname="backend.tests.test_admin_features.TestLeadUpdate" name="test_update_lead_not_found" time="0.035" /><testcase classname="backend.tests.test_admin_features.TestLeadUpdate" name="test_update_lead_empty_data" time="0.074" /><testcase classname="backend.tests.test_admin_features.TestLeadDelete" name="test_delete_lead_not_found" time="0.034" /><testcase classname="backend.tests.test_admin_features.TestLeadForceSend" name="test_force_send_invalid_crm" time="0.076" /><testcase classname="backend.tests.test_admin_features.TestLeadForceSend" name="test_force_send_not_found" time="0.036" /><testcase classname="backend.tests.test_admin_features.TestLeadForceSend" name="test_force_send_valid_crm_options" time="0.082" /><testcase classname="backend.tests.test_admin_features.TestFormResetStats" name="test_reset_stats_not_found" time="0.039" /><testcase classname="backend.tests.test_admin_features.TestFormResetStats" name="test_reset_stats_endpoint_exists" time="0.190" /><testcase classname="backend.tests.test_admin_features.TestFormsList" name="test_get_forms_list" time="0.088" /><testcase classname="backend.tests.test_admin_features.TestUnauthorizedAccess" name="test_update_lead_no_auth" time="0.042" /><testcase classname="backend.tests.test_admin_features.TestUnauthorizedAccess" name="test_delete_lead_no_auth" time="0.033" /><testcase classname="backend.tests.test_admin_features.TestUnauthorizedAccess" name="test_force_send_no_auth" time="0.039" /><testcase classname="backend.tests.test_admin_features.TestUnauthorizedAccess" name="test_reset_stats_no_auth" time="0.032" /></testsuite></testsuites>