<?xml version="1.0" encoding="utf-8"?><testsuites name="pytest tests"><testsuite name="pytest" errors="0" failures="0" skipped="0" tests="12" time="1.111" timestamp="2026-02-09T22:13:33.555259+00:00" hostname="agent-env-269be9e7-d1b7-4f04-83ae-667f60a93ba4"><testcase classname="backend.tests.test_iteration_10.TestApiKeyRegenerate" name="test_regenerate_endpoint_returns_404" time="0.141" /><testcase classname="backend.tests.test_iteration_10.TestApiKeyRegenerate" name="test_get_api_key_still_works" time="0.045" /><testcase classname="backend.tests.test_iteration_10.TestBriefFormEndpoints" name="test_get_forms_list" time="0.093" /><testcase classname="backend.tests.test_iteration_10.TestBriefFormEndpoints" name="test_brief_form_contains_endpoints" time="0.137" /><testcase classname="backend.tests.test_iteration_10.TestBriefLpEndpoints" name="test_get_lps_list" time="0.082" /><testcase classname="backend.tests.test_iteration_10.TestBriefLpEndpoints" name="test_brief_lp_contains_endpoints" time="0.132" /><testcase classname="backend.tests.test_iteration_10.TestBriefLpEndpoints" name="test_brief_lp_contains_logos_html" time="0.126" /><testcase classname="backend.tests.test_iteration_10.TestBriefLpEndpoints" name="test_brief_lp_contains_legal_html" time="0.125" /><testcase classname="backend.tests.test_iteration_10.TestLeadsCrmFilter" name="test_leads_filter_by_crm_id" time="0.039" /><testcase classname="backend.tests.test_iteration_10.TestLeadsCrmFilter" name="test_leads_without_filter" time="0.039" /><testcase classname="backend.tests.test_iteration_10.TestBillingWeekNavigation" name="test_get_current_week" time="0.040" /><testcase classname="backend.tests.test_iteration_10.TestCommandesPrixEditable" name="test_get_commandes" time="0.041" /></testsuite></testsuites>