<?xml version="1.0" encoding="utf-8"?><testsuites name="pytest tests"><testsuite name="pytest" errors="1" failures="0" skipped="0" tests="1" time="0.117" timestamp="2026-02-13T21:46:08.583929+00:00" hostname="agent-env-8b28fcdc-6d1e-4d8e-acac-ae6311156091"><testcase classname="" name="tests.test_rdz_crm_audit" time="0.000"><error message="collection failure">/root/.venv/lib/python3.11/site-packages/_pytest/python.py:507: in importtestmodule
    mod = import_path(
/root/.venv/lib/python3.11/site-packages/_pytest/pathlib.py:587: in import_path
    importlib.import_module(module_name)
/usr/local/lib/python3.11/importlib/__init__.py:126: in import_module
    return _bootstrap._gcd_import(name[level:], package, level)
           ^^^^^^^^^^^^^^^^^^^^^^^^^^^^^^^^^^^^^^^^^^^^^^^^^^^^
&lt;frozen importlib._bootstrap&gt;:1204: in _gcd_import
    ???
&lt;frozen importlib._bootstrap&gt;:1176: in _find_and_load
    ???
&lt;frozen importlib._bootstrap&gt;:1126: in _find_and_load_unlocked
    ???
&lt;frozen importlib._bootstrap&gt;:241: in _call_with_frames_removed
    ???
&lt;frozen importlib._bootstrap&gt;:1204: in _gcd_import
    ???
&lt;frozen importlib._bootstrap&gt;:1176: in _find_and_load
    ???
&lt;frozen importlib._bootstrap&gt;:1147: in _find_and_load_unlocked
    ???
&lt;frozen importlib._bootstrap&gt;:690: in _load_unlocked
    ???
&lt;frozen importlib._bootstrap_external&gt;:936: in exec_module
    ???
&lt;frozen importlib._bootstrap_external&gt;:1074: in get_code
    ???
&lt;frozen importlib._bootstrap_external&gt;:1004: in source_to_code
    ???
&lt;frozen importlib._bootstrap&gt;:241: in _call_with_frames_removed
    ???
E     File "/app/backend/tests/__init__.py", line 11
E       - Livre automatiquement chaque matin **09h30 Europe/Paris**
E                                              ^
E   SyntaxError: leading zeros in decimal integer literals are not permitted; use an 0o prefix for octal integers</error></testcase></testsuite></testsuites>