<?xml version="1.0" encoding="utf-8"?><testsuites name="pytest tests"><testsuite name="pytest" errors="0" failures="0" skipped="0" tests="26" time="3.296" timestamp="2026-02-08T03:48:06.831951+00:00" hostname="agent-env-5a348f73-bfba-4dbe-9ae6-8ccc3c06e139"><testcase classname="backend.tests.test_crm_api.TestAuth" name="test_api_root" time="0.101" /><testcase classname="backend.tests.test_crm_api.TestAuth" name="test_init_admin" time="0.044" /><testcase classname="backend.tests.test_crm_api.TestAuth" name="test_login_success" time="0.045" /><testcase classname="backend.tests.test_crm_api.TestAuth" name="test_login_invalid_credentials" time="0.040" /><testcase classname="backend.tests.test_crm_api.TestAuth" name="test_auth_me" time="0.083" /><testcase classname="backend.tests.test_crm_api.TestCRMs" name="test_init_crms" time="0.082" /><testcase classname="backend.tests.test_crm_api.TestCRMs" name="test_get_crms" time="0.079" /><testcase classname="backend.tests.test_crm_api.TestSubAccounts" name="test_get_sub_accounts_no_filter" time="0.078" /><testcase classname="backend.tests.test_crm_api.TestSubAccounts" name="test_get_sub_accounts_with_crm_filter" time="0.123" /><testcase classname="backend.tests.test_crm_api.TestSubAccounts" name="test_create_sub_account" time="0.183" /><testcase classname="backend.tests.test_crm_api.TestSubAccounts" name="test_get_sub_account_by_id" time="0.154" /><testcase classname="backend.tests.test_crm_api.TestLPs" name="test_get_lps_no_filter" time="0.076" /><testcase classname="backend.tests.test_crm_api.TestLPs" name="test_get_lps_with_crm_filter" time="0.115" /><testcase classname="backend.tests.test_crm_api.TestLPs" name="test_create_lp" time="0.188" /><testcase classname="backend.tests.test_crm_api.TestForms" name="test_get_forms_no_filter" time="0.080" /><testcase classname="backend.tests.test_crm_api.TestForms" name="test_get_forms_with_crm_filter" time="0.113" /><testcase classname="backend.tests.test_crm_api.TestForms" name="test_create_form" time="0.186" /><testcase classname="backend.tests.test_crm_api.TestLeads" name="test_get_leads_no_filter" time="0.079" /><testcase classname="backend.tests.test_crm_api.TestLeads" name="test_get_leads_with_crm_filter" time="0.160" /><testcase classname="backend.tests.test_crm_api.TestLeads" name="test_get_leads_with_status_filter" time="0.121" /><testcase classname="backend.tests.test_crm_api.TestAnalytics" name="test_get_analytics_stats_no_filter" time="0.083" /><testcase classname="backend.tests.test_crm_api.TestAnalytics" name="test_get_analytics_stats_with_crm_filter" time="0.119" /><testcase classname="backend.tests.test_crm_api.TestAnalytics" name="test_get_analytics_winners_no_filter" time="0.122" /><testcase classname="backend.tests.test_crm_api.TestAnalytics" name="test_get_analytics_winners_with_crm_filter" time="0.125" /><testcase classname="backend.tests.test_crm_api.TestScriptGenerator" name="test_generate_lp_script" time="0.193" /><testcase classname="backend.tests.test_crm_api.TestCleanup" name="test_cleanup_test_data" time="0.315" /></testsuite></testsuites>