<?xml version="1.0" encoding="utf-8"?><testsuites name="pytest tests"><testsuite name="pytest" errors="0" failures="0" skipped="0" tests="25" time="3.950" timestamp="2026-02-14T12:20:21.643962+00:00" hostname="agent-env-abd195c3-2c82-4e0b-9fd1-92cad3302970"><testcase classname="tests.test_departements_feature.TestDepartementsOverview" name="test_overview_returns_200" time="0.364" /><testcase classname="tests.test_departements_feature.TestDepartementsOverview" name="test_overview_response_structure" time="0.094" /><testcase classname="tests.test_departements_feature.TestDepartementsOverview" name="test_overview_result_fields" time="0.100" /><testcase classname="tests.test_departements_feature.TestDepartementsOverview" name="test_overview_product_filter_all" time="0.101" /><testcase classname="tests.test_departements_feature.TestDepartementsOverview" name="test_overview_product_filter_pv" time="0.076" /><testcase classname="tests.test_departements_feature.TestDepartementsOverview" name="test_overview_product_filter_pac" time="0.068" /><testcase classname="tests.test_departements_feature.TestDepartementsOverview" name="test_overview_product_filter_ite" time="0.201" /><testcase classname="tests.test_departements_feature.TestDepartementsOverview" name="test_overview_week_parameter" time="0.086" /><testcase classname="tests.test_departements_feature.TestDepartementsOverview" name="test_overview_period_day" time="0.083" /><testcase classname="tests.test_departements_feature.TestDepartementsOverview" name="test_overview_clients_covering_structure" time="0.084" /><testcase classname="tests.test_departements_feature.TestDeptDetail" name="test_detail_returns_200" time="0.146" /><testcase classname="tests.test_departements_feature.TestDeptDetail" name="test_detail_response_structure" time="0.142" /><testcase classname="tests.test_departements_feature.TestDeptDetail" name="test_detail_kpi_structure" time="0.143" /><testcase classname="tests.test_departements_feature.TestDeptDetail" name="test_detail_timeseries_structure" time="0.161" /><testcase classname="tests.test_departements_feature.TestDeptDetail" name="test_detail_product_filter" time="0.136" /><testcase classname="tests.test_departements_feature.TestClientCoverage" name="test_coverage_returns_200" time="0.134" /><testcase classname="tests.test_departements_feature.TestClientCoverage" name="test_coverage_response_structure" time="0.067" /><testcase classname="tests.test_departements_feature.TestClientCoverage" name="test_coverage_aggregates_structure" time="0.093" /><testcase classname="tests.test_departements_feature.TestClientCoverage" name="test_coverage_departements_structure" time="0.060" /><testcase classname="tests.test_departements_feature.TestClientCoverage" name="test_coverage_product_filter" time="0.946" /><testcase classname="tests.test_departements_feature.TestClientCoverage" name="test_coverage_week_parameter" time="0.066" /><testcase classname="tests.test_departements_feature.TestClientCoverage" name="test_coverage_invalid_client" time="0.053" /><testcase classname="tests.test_departements_feature.TestDepartementsAuth" name="test_overview_requires_auth" time="0.104" /><testcase classname="tests.test_departements_feature.TestDepartementsAuth" name="test_detail_requires_auth" time="0.112" /><testcase classname="tests.test_departements_feature.TestDepartementsAuth" name="test_coverage_requires_auth" time="0.111" /></testsuite></testsuites>