<?xml version="1.0" encoding="utf-8"?><testsuites name="pytest tests"><testsuite name="pytest" errors="0" failures="0" skipped="0" tests="9" time="1.398" timestamp="2026-02-13T23:58:30.159353+00:00" hostname="agent-env-471ddf11-bd6d-4f75-8d75-7a0322fa9866"><testcase classname="tests.test_csv_batch_delivery.TestCSVBatchDelivery" name="test_create_lead_with_pending_csv_delivery" time="0.426" /><testcase classname="tests.test_csv_batch_delivery.TestCSVBatchDelivery" name="test_verify_delivery_status_pending_csv" time="0.656" /><testcase classname="tests.test_csv_batch_delivery.TestStateTransitionsAfterCSV" name="test_routed_to_livre_transition_documented" time="0.000" /><testcase classname="tests.test_csv_batch_delivery.TestStateTransitionsAfterCSV" name="test_delivery_status_transitions_documented" time="0.000" /><testcase classname="tests.test_csv_batch_delivery.TestOrphanedRecordsCheck" name="test_no_orphaned_deliveries" time="0.000" /><testcase classname="tests.test_csv_batch_delivery.TestOrphanedRecordsCheck" name="test_no_ghost_leads" time="0.000" /><testcase classname="tests.test_csv_batch_delivery.TestCSVIdempotency" name="test_sent_delivery_cannot_be_resent" time="0.000" /><testcase classname="tests.test_csv_batch_delivery.TestCSVIdempotency" name="test_livre_lead_cannot_be_rerouted" time="0.000" /><testcase classname="tests.test_csv_batch_delivery.TestDatabaseConsistency" name="test_lead_delivery_consistency" time="0.255" /></testsuite></testsuites>