<?xml version="1.0" encoding="utf-8"?><testsuites name="pytest tests"><testsuite name="pytest" errors="0" failures="0" skipped="0" tests="25" time="24.844" timestamp="2026-02-13T23:58:47.986544+00:00" hostname="agent-env-471ddf11-bd6d-4f75-8d75-7a0322fa9866"><testcase classname="tests.test_e2e_pipeline_validation.TestProviderEntityLocked" name="test_provider_lead_has_entity_locked_true" time="0.517" /><testcase classname="tests.test_e2e_pipeline_validation.TestProviderEntityLocked" name="test_provider_duplicate_no_cross_entity_even_when_enabled" time="6.748" /><testcase classname="tests.test_e2e_pipeline_validation.TestInternalFormMapping" name="test_valid_form_code_resolves_correctly" time="0.271" /><testcase classname="tests.test_e2e_pipeline_validation.TestInternalFormMapping" name="test_invalid_form_code_returns_pending_config" time="0.309" /><testcase classname="tests.test_e2e_pipeline_validation.TestDuplicateLogic" name="test_duplicate_same_phone_produit_client_30_days" time="6.578" /><testcase classname="tests.test_e2e_pipeline_validation.TestNoOpenOrders" name="test_no_open_orders_lead_stored_no_delivery" time="0.245" /><testcase classname="tests.test_e2e_pipeline_validation.TestHoldSource" name="test_blocked_source_hold_source_no_routing" time="0.512" /><testcase classname="tests.test_e2e_pipeline_validation.TestFreshRouting" name="test_fresh_lead_creates_delivery_pending_csv" time="0.240" /><testcase classname="tests.test_e2e_pipeline_validation.TestCSVIntegrity" name="test_csv_content_format" time="0.081" /><testcase classname="tests.test_e2e_pipeline_validation.TestIdempotency" name="test_double_submit_detection" time="0.447" /><testcase classname="tests.test_e2e_pipeline_validation.TestStateTransitions" name="test_valid_status_values" time="0.000" /><testcase classname="tests.test_e2e_pipeline_validation.TestStateTransitions" name="test_new_to_routed_transition" time="0.300" /><testcase classname="tests.test_e2e_pipeline_validation.TestStateTransitions" name="test_illegal_transitions_not_possible" time="0.000" /><testcase classname="tests.test_e2e_pipeline_validation.TestStateTransitions" name="test_duplicate_cannot_become_routed" time="6.533" /><testcase classname="tests.test_e2e_pipeline_validation.TestStateTransitions" name="test_hold_source_cannot_become_livre" time="0.534" /><testcase classname="tests.test_e2e_pipeline_validation.TestCleanup" name="test_restore_settings" time="0.391" /><testcase classname="tests.test_csv_batch_delivery.TestCSVBatchDelivery" name="test_create_lead_with_pending_csv_delivery" time="0.269" /><testcase classname="tests.test_csv_batch_delivery.TestCSVBatchDelivery" name="test_verify_delivery_status_pending_csv" time="0.553" /><testcase classname="tests.test_csv_batch_delivery.TestStateTransitionsAfterCSV" name="test_routed_to_livre_transition_documented" time="0.000" /><testcase classname="tests.test_csv_batch_delivery.TestStateTransitionsAfterCSV" name="test_delivery_status_transitions_documented" time="0.000" /><testcase classname="tests.test_csv_batch_delivery.TestOrphanedRecordsCheck" name="test_no_orphaned_deliveries" time="0.000" /><testcase classname="tests.test_csv_batch_delivery.TestOrphanedRecordsCheck" name="test_no_ghost_leads" time="0.000" /><testcase classname="tests.test_csv_batch_delivery.TestCSVIdempotency" name="test_sent_delivery_cannot_be_resent" time="0.000" /><testcase classname="tests.test_csv_batch_delivery.TestCSVIdempotency" name="test_livre_lead_cannot_be_rerouted" time="0.000" /><testcase classname="tests.test_csv_batch_delivery.TestDatabaseConsistency" name="test_lead_delivery_consistency" time="0.238" /></testsuite></testsuites>