<?xml version="1.0" encoding="utf-8"?><testsuites name="pytest tests"><testsuite name="pytest" errors="0" failures="0" skipped="0" tests="22" time="18.762" timestamp="2026-02-13T23:43:04.158658+00:00" hostname="agent-env-471ddf11-bd6d-4f75-8d75-7a0322fa9866"><testcase classname="tests.test_public_leads_routing.TestAuthSetup" name="test_login_works" time="0.256" /><testcase classname="tests.test_public_leads_routing.TestFormsConfigAPI" name="test_get_forms_config" time="0.306" /><testcase classname="tests.test_public_leads_routing.TestFormsConfigAPI" name="test_upsert_single_form_config" time="0.230" /><testcase classname="tests.test_public_leads_routing.TestFormsConfigAPI" name="test_forms_config_requires_auth" time="0.142" /><testcase classname="tests.test_public_leads_routing.TestFreshLeadRouting" name="test_fresh_lead_routed_to_zr7" time="0.427" /><testcase classname="tests.test_public_leads_routing.TestFreshLeadRouting" name="test_lead_with_invalid_dept_no_open_orders" time="0.128" /><testcase classname="tests.test_public_leads_routing.TestFormCodeMapping" name="test_lead_with_configured_form_code" time="0.270" /><testcase classname="tests.test_public_leads_routing.TestFormCodeMapping" name="test_lead_with_unknown_form_code_pending_config" time="0.118" /><testcase classname="tests.test_public_leads_routing.TestProviderLeadSubmission" name="test_provider_lead_entity_locked" time="0.420" /><testcase classname="tests.test_public_leads_routing.TestProviderLeadSubmission" name="test_provider_lead_with_api_key_in_body" time="0.166" /><testcase classname="tests.test_public_leads_routing.TestProviderLeadSubmission" name="test_invalid_provider_key_error" time="0.115" /><testcase classname="tests.test_public_leads_routing.TestDuplicate30Days" name="test_duplicate_same_client_blocked" time="6.676" /><testcase classname="tests.test_public_leads_routing.TestDuplicate30Days" name="test_provider_duplicate_no_cross_entity" time="6.380" /><testcase classname="tests.test_public_leads_routing.TestSourceGating" name="test_blocked_source_hold_source" time="0.729" /><testcase classname="tests.test_public_leads_routing.TestCrossEntityFallback" name="test_cross_entity_disabled_blocks_fallback" time="0.705" /><testcase classname="tests.test_public_leads_routing.TestCrossEntityFallback" name="test_cross_entity_enabled_allows_fallback" time="0.277" /><testcase classname="tests.test_public_leads_routing.TestDeliveryRecordCreation" name="test_routed_lead_has_delivery_record" time="0.476" /><testcase classname="tests.test_public_leads_routing.TestLeadStatusTransitions" name="test_status_new_when_not_routed" time="0.168" /><testcase classname="tests.test_public_leads_routing.TestLeadStatusTransitions" name="test_status_invalid_for_incomplete_data" time="0.274" /><testcase classname="tests.test_public_leads_routing.TestLeadStatusTransitions" name="test_all_valid_statuses" time="0.000" /><testcase classname="tests.test_public_leads_routing.TestCleanup" name="test_restore_cross_entity_settings" time="0.224" /><testcase classname="tests.test_public_leads_routing.TestCleanup" name="test_restore_source_gating" time="0.119" /></testsuite></testsuites>