<?xml version="1.0" encoding="utf-8"?><testsuites name="pytest tests"><testsuite name="pytest" errors="0" failures="0" skipped="1" tests="12" time="4.488" timestamp="2026-02-14T14:59:55.838819+00:00" hostname="agent-env-0f13fe44-d517-40e6-bd33-4a08f0233f8b"><testcase classname="tests.test_lb_target_api.TestCommandesLbTargetPct" name="test_list_commandes_returns_lb_target_pct" time="0.414" /><testcase classname="tests.test_lb_target_api.TestCommandesLbTargetPct" name="test_list_commandes_mdl_returns_lb_target_pct" time="0.126" /><testcase classname="tests.test_lb_target_api.TestCommandeUpdateLbTargetPct" name="test_update_lb_target_pct_valid" time="0.816" /><testcase classname="tests.test_lb_target_api.TestLbTargetPctValidation" name="test_update_lb_target_pct_above_1_rejected" time="0.692" /><testcase classname="tests.test_lb_target_api.TestLbTargetPctValidation" name="test_update_lb_target_pct_negative_rejected" time="0.502" /><testcase classname="tests.test_lb_target_api.TestLbTargetPctValidation" name="test_update_lb_target_pct_at_boundary_0" time="0.279" /><testcase classname="tests.test_lb_target_api.TestLbTargetPctValidation" name="test_update_lb_target_pct_at_boundary_1" time="0.300" /><testcase classname="tests.test_lb_target_api.TestCommandeDetailLbTargetPct" name="test_get_single_commande_has_lb_target_pct" time="0.301" /><testcase classname="tests.test_lb_target_api.TestCommandeCreateLbTargetPct" name="test_get_clients_for_creation" time="0.117" /><testcase classname="tests.test_lb_target_api.TestCommandeCreateLbTargetPct" name="test_create_commande_with_lb_target_pct" time="0.231"><skipped type="pytest.skip" message="All products already have active commandes for this client">/app/backend/tests/test_lb_target_api.py:238: All products already have active commandes for this client</skipped></testcase><testcase classname="tests.test_lb_target_api.TestCreateCommandeValidation" name="test_create_commande_lb_target_pct_above_1_rejected" time="0.239" /><testcase classname="tests.test_lb_target_api.TestCreateCommandeValidation" name="test_create_commande_lb_target_pct_negative_rejected" time="0.279" /></testsuite></testsuites>