<?xml version="1.0" encoding="utf-8"?><testsuites name="pytest tests"><testsuite name="pytest" errors="0" failures="0" skipped="0" tests="24" time="11.171" timestamp="2026-02-14T01:27:01.276234+00:00" hostname="agent-env-471ddf11-bd6d-4f75-8d75-7a0322fa9866"><testcase classname="tests.test_phase25_auto_send_integration.TestPhase25AutoSendIntegration" name="test_01_create_client_with_auto_send_true" time="0.281" /><testcase classname="tests.test_phase25_auto_send_integration.TestPhase25AutoSendIntegration" name="test_02_create_client_with_auto_send_false" time="0.233" /><testcase classname="tests.test_phase25_auto_send_integration.TestPhase25AutoSendIntegration" name="test_03_update_client_auto_send_enabled" time="0.371" /><testcase classname="tests.test_phase25_auto_send_integration.TestPhase25AutoSendIntegration" name="test_04_calendar_check_current_day" time="0.178" /><testcase classname="tests.test_phase25_auto_send_integration.TestPhase25AutoSendIntegration" name="test_05_calendar_get_settings" time="0.188" /><testcase classname="tests.test_phase25_auto_send_integration.TestPhase25AutoSendIntegration" name="test_06_calendar_update_enable_saturday" time="0.466" /><testcase classname="tests.test_phase25_auto_send_integration.TestPhase25AutoSendIntegration" name="test_07_delivery_list" time="0.246" /><testcase classname="tests.test_phase25_auto_send_integration.TestPhase25AutoSendIntegration" name="test_08_delivery_stats" time="0.228" /><testcase classname="tests.test_phase25_auto_send_integration.TestPhase25AutoSendIntegration" name="test_09_delivery_list_by_status" time="0.557" /><testcase classname="tests.test_phase25_auto_send_integration.TestPhase25AutoSendIntegration" name="test_10_idempotency_resend_blocked_without_force" time="0.515" /><testcase classname="tests.test_phase25_auto_send_integration.TestPhase25AutoSendIntegration" name="test_11_idempotency_resend_allowed_with_force" time="0.311" /><testcase classname="tests.test_phase25_auto_send_integration.TestPhase25AutoSendIntegration" name="test_12_manual_send_ready_to_send" time="0.340" /><testcase classname="tests.test_phase25_auto_send_integration.TestPhase25AutoSendIntegration" name="test_13_batch_generate_csv" time="0.222" /><testcase classname="tests.test_phase25_auto_send_integration.TestPhase25AutoSendIntegration" name="test_14_batch_send_ready" time="0.188" /><testcase classname="tests.test_phase25_auto_send_integration.TestPhase25AutoSendIntegration" name="test_15_simulation_mode_settings" time="0.174" /><testcase classname="tests.test_phase25_auto_send_integration.TestPhase25AutoSendIntegration" name="test_16_simulation_mode_toggle" time="0.501" /><testcase classname="tests.test_phase25_auto_send_integration.TestPhase25AutoSendIntegration" name="test_17_client_with_denylisted_email" time="0.244" /><testcase classname="tests.test_phase25_auto_send_integration.TestPhase25AutoSendIntegration" name="test_18_download_delivery_csv" time="0.246" /><testcase classname="tests.test_phase25_auto_send_integration.TestPhase25AutoSendIntegration" name="test_19_verify_priority_order_in_code" time="0.179" /><testcase classname="tests.test_phase25_auto_send_integration.TestAutoSendEndToEnd" name="test_e2e_auto_send_true_workflow" time="0.207" /><testcase classname="tests.test_phase25_auto_send_integration.TestAutoSendEndToEnd" name="test_e2e_auto_send_false_workflow" time="0.133" /><testcase classname="tests.test_phase25_e2e_workflow.TestAutoSendE2EWorkflow" name="test_e2e_auto_send_workflow" time="4.033" /><testcase classname="tests.test_phase25_e2e_workflow.TestAutoSendE2EWorkflow" name="test_calendar_gating_blocks_processing" time="0.466" /><testcase classname="tests.test_phase25_e2e_workflow.TestAutoSendE2EWorkflow" name="test_idempotency_protection" time="0.570" /></testsuite></testsuites>