<?xml version="1.0" encoding="utf-8"?><testsuites name="pytest tests"><testsuite name="pytest" errors="0" failures="0" skipped="1" tests="15" time="2.532" timestamp="2026-02-14T14:21:03.675030+00:00" hostname="agent-env-5802f0f2-fdcc-4135-b4b4-b42839fe79f2"><testcase classname="tests.test_billing_interfacturation.TestPhaseA_LeadsVsLB" name="test_billing_week_summary_has_leads_lb_fields" time="0.350" /><testcase classname="tests.test_billing_interfacturation.TestPhaseA_LeadsVsLB" name="test_billing_week_totals_has_units_breakdown" time="0.152" /><testcase classname="tests.test_billing_interfacturation.TestPhaseA_LeadsVsLB" name="test_billing_week_has_weekly_invoice_data" time="0.197" /><testcase classname="tests.test_billing_interfacturation.TestPhaseA_LeadsVsLB" name="test_billing_week_has_prepaid_data" time="0.132" /><testcase classname="tests.test_billing_interfacturation.TestPhaseB_ClientCreation" name="test_create_client_success" time="0.112" /><testcase classname="tests.test_billing_interfacturation.TestPhaseB_ClientCreation" name="test_create_client_requires_name_email" time="0.135" /><testcase classname="tests.test_billing_interfacturation.TestPhaseB_ClientCreation" name="test_create_client_mdl_entity" time="0.176" /><testcase classname="tests.test_billing_interfacturation.TestPhaseC_TransferPricing" name="test_get_transfer_pricing_returns_seed_items" time="0.125" /><testcase classname="tests.test_billing_interfacturation.TestPhaseC_TransferPricing" name="test_update_transfer_pricing" time="0.247" /><testcase classname="tests.test_billing_interfacturation.TestPhaseC_Interfacturation" name="test_get_interfacturation_records" time="0.119" /><testcase classname="tests.test_billing_interfacturation.TestPhaseC_Interfacturation" name="test_billing_week_includes_interfacturation" time="0.111" /><testcase classname="tests.test_billing_interfacturation.TestPhaseC_BuildLedger" name="test_build_ledger_returns_inter_records_count" time="0.216" /><testcase classname="tests.test_billing_interfacturation.TestPhaseC_BuildLedger" name="test_billing_records_have_source_billing_entity" time="0.103" /><testcase classname="tests.test_billing_interfacturation.TestPhaseC_UpdateInterfacturation" name="test_update_interfacturation_record" time="0.123"><skipped type="pytest.skip" message="No interfacturation records to update">/app/backend/tests/test_billing_interfacturation.py:409: No interfacturation records to update</skipped></testcase><testcase classname="tests.test_billing_interfacturation.TestAllPhaseSummary" name="test_billing_week_complete_structure" time="0.125" /></testsuite></testsuites>