<?xml version="1.0" encoding="utf-8"?><testsuites name="pytest tests"><testsuite name="pytest" errors="0" failures="0" skipped="0" tests="26" time="5.734" timestamp="2026-02-14T01:08:50.833912+00:00" hostname="agent-env-471ddf11-bd6d-4f75-8d75-7a0322fa9866"><testcase classname="tests.test_phase2_delivery_lifecycle.TestEmailDenylistSettings" name="test_get_email_denylist_returns_defaults" time="0.420" /><testcase classname="tests.test_phase2_delivery_lifecycle.TestEmailDenylistSettings" name="test_update_email_denylist" time="0.255" /><testcase classname="tests.test_phase2_delivery_lifecycle.TestEmailDenylistSettings" name="test_email_denylist_requires_auth" time="0.227" /><testcase classname="tests.test_phase2_delivery_lifecycle.TestDeliveryCalendarSettings" name="test_get_delivery_calendar_returns_defaults" time="0.308" /><testcase classname="tests.test_phase2_delivery_lifecycle.TestDeliveryCalendarSettings" name="test_update_delivery_calendar" time="0.115" /><testcase classname="tests.test_phase2_delivery_lifecycle.TestDeliveryCalendarSettings" name="test_check_delivery_day_endpoint" time="0.148" /><testcase classname="tests.test_phase2_delivery_lifecycle.TestDeliveryCalendarSettings" name="test_invalid_entity_returns_error" time="0.123" /><testcase classname="tests.test_phase2_delivery_lifecycle.TestCalendarGating" name="test_routing_blocked_on_weekend" time="0.566" /><testcase classname="tests.test_phase2_delivery_lifecycle.TestClientDeliverability" name="test_client_with_denylist_email_not_deliverable" time="0.225" /><testcase classname="tests.test_phase2_delivery_lifecycle.TestClientDeliverability" name="test_client_deliverable_function_logic" time="0.217" /><testcase classname="tests.test_phase2_delivery_lifecycle.TestDeliveryEndpoints" name="test_list_deliveries" time="0.235" /><testcase classname="tests.test_phase2_delivery_lifecycle.TestDeliveryEndpoints" name="test_list_deliveries_with_entity_filter" time="0.109" /><testcase classname="tests.test_phase2_delivery_lifecycle.TestDeliveryEndpoints" name="test_list_deliveries_with_status_filter" time="0.156" /><testcase classname="tests.test_phase2_delivery_lifecycle.TestDeliveryEndpoints" name="test_get_delivery_stats" time="0.113" /><testcase classname="tests.test_phase2_delivery_lifecycle.TestDeliveryEndpoints" name="test_get_delivery_stats_by_entity" time="0.161" /><testcase classname="tests.test_phase2_delivery_lifecycle.TestDeliveryEndpoints" name="test_get_single_delivery" time="0.214" /><testcase classname="tests.test_phase2_delivery_lifecycle.TestDeliveryEndpoints" name="test_get_nonexistent_delivery_returns_404" time="0.114" /><testcase classname="tests.test_phase2_delivery_lifecycle.TestDeliveryEndpoints" name="test_download_delivery_csv" time="0.246" /><testcase classname="tests.test_phase2_delivery_lifecycle.TestDeliveryEndpoints" name="test_deliveries_require_auth" time="0.150" /><testcase classname="tests.test_phase2_delivery_lifecycle.TestDeliveryStatusTransitions" name="test_valid_status_values" time="0.227" /><testcase classname="tests.test_phase2_delivery_lifecycle.TestDeliveryStatusTransitions" name="test_send_delivery_already_sent_without_force" time="0.236" /><testcase classname="tests.test_phase2_delivery_lifecycle.TestSimulationMode" name="test_simulation_mode_enabled" time="0.242" /><testcase classname="tests.test_phase2_delivery_lifecycle.TestSimulationMode" name="test_enable_simulation_mode" time="0.116" /><testcase classname="tests.test_phase2_delivery_lifecycle.TestBatchGenerateCSV" name="test_batch_generate_csv" time="0.337" /><testcase classname="tests.test_phase2_delivery_lifecycle.TestBatchGenerateCSV" name="test_batch_generate_csv_by_entity" time="0.108" /><testcase classname="tests.test_phase2_delivery_lifecycle.TestLeadStatusAfterDelivery" name="test_livre_leads_have_sent_deliveries" time="0.263" /></testsuite></testsuites>