<?xml version="1.0" encoding="utf-8"?><testsuites name="pytest tests"><testsuite name="pytest" errors="0" failures="0" skipped="0" tests="16" time="1.664" timestamp="2026-02-08T17:01:08.272620+00:00" hostname="agent-env-404647b6-d145-48f5-a0c8-8cb51b2930fa"><testcase classname="backend.tests.test_security_features.TestAuthenticationFlow" name="test_login_success" time="0.076" /><testcase classname="backend.tests.test_security_features.TestAuthenticationFlow" name="test_login_invalid_credentials" time="0.040" /><testcase classname="backend.tests.test_security_features.TestAuthenticationFlow" name="test_logout" time="0.086" /><testcase classname="backend.tests.test_security_features.TestAuthenticationFlow" name="test_auth_me_endpoint" time="0.078" /><testcase classname="backend.tests.test_security_features.TestAccountsSecurityFiltering" name="test_admin_sees_all_accounts" time="0.084" /><testcase classname="backend.tests.test_security_features.TestAccountsSecurityFiltering" name="test_accounts_endpoint_requires_auth" time="0.039" /><testcase classname="backend.tests.test_security_features.TestAccountsSecurityFiltering" name="test_accounts_filter_by_crm" time="0.125" /><testcase classname="backend.tests.test_security_features.TestFormsSecurityFiltering" name="test_admin_sees_all_forms" time="0.091" /><testcase classname="backend.tests.test_security_features.TestFormsSecurityFiltering" name="test_forms_endpoint_requires_auth" time="0.041" /><testcase classname="backend.tests.test_security_features.TestFormsSecurityFiltering" name="test_forms_have_product_type" time="0.089" /><testcase classname="backend.tests.test_security_features.TestFormsSecurityFiltering" name="test_forms_filter_by_product_type" time="0.171" /><testcase classname="backend.tests.test_security_features.TestLeadsSecurityFiltering" name="test_admin_sees_leads" time="0.074" /><testcase classname="backend.tests.test_security_features.TestLeadsSecurityFiltering" name="test_leads_endpoint_requires_auth" time="0.036" /><testcase classname="backend.tests.test_security_features.TestLeadsSecurityFiltering" name="test_leads_filter_by_status" time="0.277" /><testcase classname="backend.tests.test_security_features.TestSubmitLeadAllFields" name="test_submit_lead_stores_all_fields" time="0.203" /><testcase classname="backend.tests.test_security_features.TestFormStatsTransformation" name="test_forms_have_transformation_stats" time="0.093" /></testsuite></testsuites>