<?xml version="1.0" encoding="utf-8"?><testsuites name="pytest tests"><testsuite name="pytest" errors="0" failures="0" skipped="0" tests="14" time="6.584" timestamp="2026-02-14T11:35:25.617533+00:00" hostname="agent-env-310e727d-300d-4de5-96b9-41270a0352f2"><testcase classname="tests.test_event_log_feature.TestEventLogEndpoints" name="test_01_event_log_list" time="0.269" /><testcase classname="tests.test_event_log_feature.TestEventLogEndpoints" name="test_02_event_log_actions" time="0.208" /><testcase classname="tests.test_event_log_feature.TestEventLogEndpoints" name="test_03_event_log_filter_by_action" time="0.231" /><testcase classname="tests.test_event_log_feature.TestEventLogEndpoints" name="test_04_event_log_filter_by_entity_type" time="0.222" /><testcase classname="tests.test_event_log_feature.TestEventLogEndpoints" name="test_05_event_log_filter_by_entity" time="0.204" /><testcase classname="tests.test_event_log_feature.TestEventLogEndpoints" name="test_06_event_log_pagination" time="0.312" /><testcase classname="tests.test_event_log_feature.TestEventLogEndpoints" name="test_07_event_log_get_single_event" time="0.322" /><testcase classname="tests.test_event_log_feature.TestEventLogEndpoints" name="test_08_event_log_get_nonexistent_event" time="0.207" /><testcase classname="tests.test_event_log_feature.TestEventLoggingOnActions" name="test_10_order_activate_deactivate_logs_event" time="1.538" /><testcase classname="tests.test_event_log_feature.TestEventLoggingOnActions" name="test_11_client_auto_send_change_logs_event" time="1.234" /><testcase classname="tests.test_event_log_feature.TestEventLoggingOnActions" name="test_12_existing_reject_lead_event" time="0.220" /><testcase classname="tests.test_event_log_feature.TestEventLoggingOnActions" name="test_13_existing_lead_removed_event" time="0.218" /><testcase classname="tests.test_event_log_feature.TestEventLoggingOnActions" name="test_14_provider_rotate_key_logs_event" time="1.138" /><testcase classname="tests.test_event_log_feature.TestEventLogForDeliveryActions" name="test_20_delivery_actions_in_event_log" time="0.209" /></testsuite></testsuites>