<?xml version="1.0" encoding="utf-8"?><testsuites name="pytest tests"><testsuite name="pytest" errors="0" failures="0" skipped="0" tests="32" time="6.656" timestamp="2026-02-08T04:17:31.230914+00:00" hostname="agent-env-5a348f73-bfba-4dbe-9ae6-8ccc3c06e139"><testcase classname="backend.tests.test_new_features.TestAssetsLibrary" name="test_create_global_asset" time="0.171" /><testcase classname="backend.tests.test_new_features.TestAssetsLibrary" name="test_create_account_specific_asset" time="0.130" /><testcase classname="backend.tests.test_new_features.TestAssetsLibrary" name="test_get_assets_global_only" time="0.041" /><testcase classname="backend.tests.test_new_features.TestAssetsLibrary" name="test_get_assets_for_sub_account" time="0.043" /><testcase classname="backend.tests.test_new_features.TestAssetsLibrary" name="test_update_asset" time="0.121" /><testcase classname="backend.tests.test_new_features.TestAssetsLibrary" name="test_delete_asset" time="0.088" /><testcase classname="backend.tests.test_new_features.TestLeadDeletion" name="test_delete_single_lead" time="0.638" /><testcase classname="backend.tests.test_new_features.TestLeadDeletion" name="test_delete_multiple_leads" time="1.366" /><testcase classname="backend.tests.test_new_features.TestLeadDeletion" name="test_delete_nonexistent_lead" time="0.039" /><testcase classname="backend.tests.test_new_features.TestLPTypes" name="test_create_lp_redirect_type" time="0.154" /><testcase classname="backend.tests.test_new_features.TestLPTypes" name="test_create_lp_integrated_type" time="0.039" /><testcase classname="backend.tests.test_new_features.TestLPTypes" name="test_duplicate_lp" time="0.122" /><testcase classname="backend.tests.test_new_features.TestLPTypes" name="test_duplicate_nonexistent_lp" time="0.042" /><testcase classname="backend.tests.test_new_features.TestFormTracking" name="test_create_form_redirect_tracking" time="0.201" /><testcase classname="backend.tests.test_new_features.TestFormTracking" name="test_create_form_gtm_tracking" time="0.038" /><testcase classname="backend.tests.test_new_features.TestFormTracking" name="test_create_form_no_tracking" time="0.041" /><testcase classname="backend.tests.test_new_features.TestFormTracking" name="test_duplicate_form" time="0.082" /><testcase classname="backend.tests.test_new_features.TestFormTracking" name="test_duplicate_nonexistent_form" time="0.039" /><testcase classname="backend.tests.test_new_features.TestLeadValidation" name="test_valid_lead_submission" time="0.429" /><testcase classname="backend.tests.test_new_features.TestLeadValidation" name="test_phone_validation_too_short" time="0.078" /><testcase classname="backend.tests.test_new_features.TestLeadValidation" name="test_phone_validation_too_long" time="0.039" /><testcase classname="backend.tests.test_new_features.TestLeadValidation" name="test_phone_validation_with_spaces" time="0.402" /><testcase classname="backend.tests.test_new_features.TestLeadValidation" name="test_phone_validation_9_digits_without_zero" time="0.394" /><testcase classname="backend.tests.test_new_features.TestLeadValidation" name="test_nom_required_empty" time="0.035" /><testcase classname="backend.tests.test_new_features.TestLeadValidation" name="test_nom_required_too_short" time="0.080" /><testcase classname="backend.tests.test_new_features.TestLeadValidation" name="test_postal_code_valid_paris" time="0.389" /><testcase classname="backend.tests.test_new_features.TestLeadValidation" name="test_postal_code_valid_marseille" time="0.407" /><testcase classname="backend.tests.test_new_features.TestLeadValidation" name="test_postal_code_invalid_dom_tom" time="0.040" /><testcase classname="backend.tests.test_new_features.TestLeadValidation" name="test_postal_code_invalid_format" time="0.039" /><testcase classname="backend.tests.test_new_features.TestLeadValidation" name="test_postal_code_empty_allowed" time="0.403" /><testcase classname="backend.tests.test_new_features.TestCleanupNewFeatures" name="test_cleanup_test_assets" time="0.197" /><testcase classname="backend.tests.test_new_features.TestCleanupNewFeatures" name="test_cleanup_test_leads" time="0.118" /></testsuite></testsuites>