<?xml version="1.0" encoding="utf-8"?><testsuites name="pytest tests"><testsuite name="pytest" errors="0" failures="0" skipped="0" tests="31" time="3.153" timestamp="2026-02-14T13:33:42.491654+00:00" hostname="agent-env-abd195c3-2c82-4e0b-9fd1-92cad3302970"><testcase classname="tests.test_simplified_billing_records.TestBillingWeekDashboard" name="test_billing_week_returns_has_records_flag" time="0.353" /><testcase classname="tests.test_simplified_billing_records.TestBillingWeekDashboard" name="test_billing_week_with_records_returns_billing_records" time="0.058" /><testcase classname="tests.test_simplified_billing_records.TestBillingWeekDashboard" name="test_billing_week_preview_when_no_records" time="0.111" /><testcase classname="tests.test_simplified_billing_records.TestBillingWeekDashboard" name="test_billing_week_has_required_summary_fields" time="0.055" /><testcase classname="tests.test_simplified_billing_records.TestBillingWeekDashboard" name="test_billing_week_has_totals" time="0.079" /><testcase classname="tests.test_simplified_billing_records.TestBuildLedger" name="test_build_ledger_creates_entries_and_records" time="0.059" /><testcase classname="tests.test_simplified_billing_records.TestBuildLedger" name="test_build_ledger_blocked_if_invoiced" time="0.101" /><testcase classname="tests.test_simplified_billing_records.TestBuildLedger" name="test_build_ledger_blocked_if_paid" time="0.049" /><testcase classname="tests.test_simplified_billing_records.TestBillingRecords" name="test_list_billing_records" time="0.057" /><testcase classname="tests.test_simplified_billing_records.TestBillingRecords" name="test_list_billing_records_by_week" time="0.151" /><testcase classname="tests.test_simplified_billing_records.TestBillingRecords" name="test_list_billing_records_by_status" time="0.067" /><testcase classname="tests.test_simplified_billing_records.TestBillingRecords" name="test_list_billing_records_by_client" time="0.118" /><testcase classname="tests.test_simplified_billing_records.TestBillingRecords" name="test_billing_record_has_vat_fields" time="0.063" /><testcase classname="tests.test_simplified_billing_records.TestUpdateBillingRecord" name="test_update_external_invoice_number" time="0.213" /><testcase classname="tests.test_simplified_billing_records.TestUpdateBillingRecord" name="test_update_status_to_invoiced" time="0.107" /><testcase classname="tests.test_simplified_billing_records.TestUpdateBillingRecord" name="test_update_due_date" time="0.053" /><testcase classname="tests.test_simplified_billing_records.TestUpdateBillingRecord" name="test_update_paid_at" time="0.051" /><testcase classname="tests.test_simplified_billing_records.TestUpdateBillingRecord" name="test_update_invalid_status_rejected" time="0.080" /><testcase classname="tests.test_simplified_billing_records.TestUpdateBillingRecord" name="test_update_nonexistent_record_404" time="0.055" /><testcase classname="tests.test_simplified_billing_records.TestCreditsRequireOrderId" name="test_add_credit_without_order_id_fails" time="0.063" /><testcase classname="tests.test_simplified_billing_records.TestCreditsRequireOrderId" name="test_add_credit_without_product_code_fails" time="0.117" /><testcase classname="tests.test_simplified_billing_records.TestCreditsRequireOrderId" name="test_add_credit_with_order_id_succeeds" time="0.068" /><testcase classname="tests.test_simplified_billing_records.TestCreditsRequireOrderId" name="test_add_credit_invalid_reason_fails" time="0.267" /><testcase classname="tests.test_simplified_billing_records.TestRecordStatuses" name="test_status_not_invoiced_valid" time="0.052" /><testcase classname="tests.test_simplified_billing_records.TestRecordStatuses" name="test_status_invoiced_valid" time="0.050" /><testcase classname="tests.test_simplified_billing_records.TestRecordStatuses" name="test_status_paid_valid" time="0.050" /><testcase classname="tests.test_simplified_billing_records.TestRecordStatuses" name="test_status_overdue_valid" time="0.058" /><testcase classname="tests.test_simplified_billing_records.TestAuthenticationRequired" name="test_billing_week_requires_auth" time="0.113" /><testcase classname="tests.test_simplified_billing_records.TestAuthenticationRequired" name="test_build_ledger_requires_auth" time="0.108" /><testcase classname="tests.test_simplified_billing_records.TestAuthenticationRequired" name="test_billing_records_requires_auth" time="0.104" /><testcase classname="tests.test_simplified_billing_records.TestAuthenticationRequired" name="test_update_record_requires_auth" time="0.111" /></testsuite></testsuites>