<?xml version="1.0" encoding="utf-8"?><testsuites name="pytest tests"><testsuite name="pytest" errors="0" failures="3" skipped="1" tests="21" time="6.882" timestamp="2026-02-14T01:21:22.105773+00:00" hostname="agent-env-471ddf11-bd6d-4f75-8d75-7a0322fa9866"><testcase classname="tests.test_phase25_auto_send_integration.TestPhase25AutoSendIntegration" name="test_01_create_client_with_auto_send_true" time="0.307"><failure message="AssertionError: Client creation failed: {&quot;detail&quot;:&quot;Un client avec cet email existe déjà pour ZR7&quot;}&#10;assert 400 == 200&#10; +  where 400 = &lt;Response [400]&gt;.status_code">backend/tests/test_phase25_auto_send_integration.py:77: in test_01_create_client_with_auto_send_true
    assert resp.status_code == 200, f"Client creation failed: {resp.text}"
E   AssertionError: Client creation failed: {"detail":"Un client avec cet email existe déjà pour ZR7"}
E   assert 400 == 200
E    +  where 400 = &lt;Response [400]&gt;.status_code</failure></testcase><testcase classname="tests.test_phase25_auto_send_integration.TestPhase25AutoSendIntegration" name="test_02_create_client_with_auto_send_false" time="0.187"><failure message="AssertionError: Client creation failed: {&quot;detail&quot;:&quot;Un client avec cet email existe déjà pour ZR7&quot;}&#10;assert 400 == 200&#10; +  where 400 = &lt;Response [400]&gt;.status_code">backend/tests/test_phase25_auto_send_integration.py:102: in test_02_create_client_with_auto_send_false
    assert resp.status_code == 200, f"Client creation failed: {resp.text}"
E   AssertionError: Client creation failed: {"detail":"Un client avec cet email existe déjà pour ZR7"}
E   assert 400 == 200
E    +  where 400 = &lt;Response [400]&gt;.status_code</failure></testcase><testcase classname="tests.test_phase25_auto_send_integration.TestPhase25AutoSendIntegration" name="test_03_update_client_auto_send_enabled" time="0.231"><failure message="assert 400 == 200&#10; +  where 400 = &lt;Response [400]&gt;.status_code">backend/tests/test_phase25_auto_send_integration.py:126: in test_03_update_client_auto_send_enabled
    assert resp.status_code == 200
E   assert 400 == 200
E    +  where 400 = &lt;Response [400]&gt;.status_code</failure></testcase><testcase classname="tests.test_phase25_auto_send_integration.TestPhase25AutoSendIntegration" name="test_04_calendar_check_current_day" time="0.179" /><testcase classname="tests.test_phase25_auto_send_integration.TestPhase25AutoSendIntegration" name="test_05_calendar_get_settings" time="0.216" /><testcase classname="tests.test_phase25_auto_send_integration.TestPhase25AutoSendIntegration" name="test_06_calendar_update_enable_saturday" time="0.363" /><testcase classname="tests.test_phase25_auto_send_integration.TestPhase25AutoSendIntegration" name="test_07_delivery_list" time="0.186" /><testcase classname="tests.test_phase25_auto_send_integration.TestPhase25AutoSendIntegration" name="test_08_delivery_stats" time="0.185" /><testcase classname="tests.test_phase25_auto_send_integration.TestPhase25AutoSendIntegration" name="test_09_delivery_list_by_status" time="0.429" /><testcase classname="tests.test_phase25_auto_send_integration.TestPhase25AutoSendIntegration" name="test_10_idempotency_resend_blocked_without_force" time="0.272" /><testcase classname="tests.test_phase25_auto_send_integration.TestPhase25AutoSendIntegration" name="test_11_idempotency_resend_allowed_with_force" time="1.671" /><testcase classname="tests.test_phase25_auto_send_integration.TestPhase25AutoSendIntegration" name="test_12_manual_send_ready_to_send" time="0.506"><skipped type="pytest.skip" message="No ready_to_send deliveries found">/app/backend/tests/test_phase25_auto_send_integration.py:304: No ready_to_send deliveries found</skipped></testcase><testcase classname="tests.test_phase25_auto_send_integration.TestPhase25AutoSendIntegration" name="test_13_batch_generate_csv" time="0.173" /><testcase classname="tests.test_phase25_auto_send_integration.TestPhase25AutoSendIntegration" name="test_14_batch_send_ready" time="0.177" /><testcase classname="tests.test_phase25_auto_send_integration.TestPhase25AutoSendIntegration" name="test_15_simulation_mode_settings" time="0.197" /><testcase classname="tests.test_phase25_auto_send_integration.TestPhase25AutoSendIntegration" name="test_16_simulation_mode_toggle" time="0.442" /><testcase classname="tests.test_phase25_auto_send_integration.TestPhase25AutoSendIntegration" name="test_17_client_with_denylisted_email" time="0.264" /><testcase classname="tests.test_phase25_auto_send_integration.TestPhase25AutoSendIntegration" name="test_18_download_delivery_csv" time="0.320" /><testcase classname="tests.test_phase25_auto_send_integration.TestPhase25AutoSendIntegration" name="test_19_verify_priority_order_in_code" time="0.169" /><testcase classname="tests.test_phase25_auto_send_integration.TestAutoSendEndToEnd" name="test_e2e_auto_send_true_workflow" time="0.159" /><testcase classname="tests.test_phase25_auto_send_integration.TestAutoSendEndToEnd" name="test_e2e_auto_send_false_workflow" time="0.135" /></testsuite></testsuites>