<?xml version="1.0" encoding="utf-8"?><testsuites name="pytest tests"><testsuite name="pytest" errors="0" failures="1" skipped="0" tests="21" time="2.248" timestamp="2026-02-14T01:56:03.636952+00:00" hostname="agent-env-310e727d-300d-4de5-96b9-41270a0352f2"><testcase classname="tests.test_delivery_state_machine_audit.TestDeliveryAPIEndpoints" name="test_list_deliveries" time="0.452" /><testcase classname="tests.test_delivery_state_machine_audit.TestDeliveryAPIEndpoints" name="test_list_deliveries_with_entity_filter" time="0.063" /><testcase classname="tests.test_delivery_state_machine_audit.TestDeliveryAPIEndpoints" name="test_list_deliveries_with_status_filter" time="0.057" /><testcase classname="tests.test_delivery_state_machine_audit.TestDeliveryAPIEndpoints" name="test_delivery_stats" time="0.060" /><testcase classname="tests.test_delivery_state_machine_audit.TestDeliveryAPIEndpoints" name="test_delivery_stats_with_entity" time="0.081" /><testcase classname="tests.test_delivery_state_machine_audit.TestBatchGenerateCSV" name="test_batch_generate_csv_no_pending" time="0.057" /><testcase classname="tests.test_delivery_state_machine_audit.TestBatchGenerateCSV" name="test_batch_generate_csv_with_entity_filter" time="0.053" /><testcase classname="tests.test_delivery_state_machine_audit.TestBatchSendReady" name="test_batch_send_ready_no_deliveries" time="0.136" /><testcase classname="tests.test_delivery_state_machine_audit.TestBatchSendReady" name="test_batch_send_ready_with_override_email" time="0.073" /><testcase classname="tests.test_delivery_state_machine_audit.TestSingleDeliverySend" name="test_send_nonexistent_delivery" time="0.085" /><testcase classname="tests.test_delivery_state_machine_audit.TestSingleDeliverySend" name="test_send_already_sent_without_force" time="0.114" /><testcase classname="tests.test_delivery_state_machine_audit.TestDeliveryDownload" name="test_download_nonexistent" time="0.088" /><testcase classname="tests.test_delivery_state_machine_audit.TestDeliveryDownload" name="test_download_sent_delivery" time="0.138" /><testcase classname="tests.test_delivery_state_machine_audit.TestInvariantEnforcement" name="test_sent_deliveries_have_required_fields" time="0.062" /><testcase classname="tests.test_delivery_state_machine_audit.TestCalendarGating" name="test_get_delivery_calendar" time="0.069" /><testcase classname="tests.test_delivery_state_machine_audit.TestCalendarGating" name="test_calendar_structure" time="0.061" /><testcase classname="tests.test_delivery_state_machine_audit.TestEmailDenylistSettings" name="test_get_email_denylist" time="0.050" /><testcase classname="tests.test_delivery_state_machine_audit.TestSimulationMode" name="test_get_simulation_mode" time="0.059"><failure message="assert 404 == 200&#10; +  where 404 = &lt;Response [404]&gt;.status_code">backend/tests/test_delivery_state_machine_audit.py:308: in test_get_simulation_mode
    assert response.status_code == 200
E   assert 404 == 200
E    +  where 404 = &lt;Response [404]&gt;.status_code</failure></testcase><testcase classname="tests.test_delivery_state_machine_audit.TestStateMachineTransitionGuards" name="test_cannot_transition_from_terminal_state" time="0.137" /><testcase classname="tests.test_delivery_state_machine_audit.TestClientAutoSendEnabled" name="test_client_has_auto_send_field" time="0.127" /><testcase classname="tests.test_delivery_state_machine_audit.TestDeliverLeadsToClientFlow" name="test_delivery_batches_exist" time="0.065" /></testsuite></testsuites>