<?xml version="1.0" encoding="utf-8"?><testsuites name="pytest tests"><testsuite name="pytest" errors="0" failures="0" skipped="0" tests="21" time="1.609" timestamp="2026-02-08T13:19:19.942190+00:00" hostname="agent-env-0cc10b75-1e94-48d8-932e-88cd7d4b247f"><testcase classname="backend.tests.test_billing_archive_features.TestBillingDashboard" name="test_billing_dashboard_requires_auth" time="0.063" /><testcase classname="backend.tests.test_billing_archive_features.TestBillingDashboard" name="test_billing_dashboard_basic" time="0.092" /><testcase classname="backend.tests.test_billing_archive_features.TestBillingDashboard" name="test_billing_dashboard_with_date_range" time="0.044" /><testcase classname="backend.tests.test_billing_archive_features.TestBillingDashboard" name="test_billing_dashboard_crm_stats_structure" time="0.045" /><testcase classname="backend.tests.test_billing_archive_features.TestLeadArchiving" name="test_archive_leads_requires_auth" time="0.041" /><testcase classname="backend.tests.test_billing_archive_features.TestLeadArchiving" name="test_archive_leads_requires_admin" time="0.081" /><testcase classname="backend.tests.test_billing_archive_features.TestLeadArchiving" name="test_archive_leads_with_custom_months" time="0.042" /><testcase classname="backend.tests.test_billing_archive_features.TestLeadArchiving" name="test_get_archived_leads_requires_auth" time="0.040" /><testcase classname="backend.tests.test_billing_archive_features.TestLeadArchiving" name="test_get_archived_leads" time="0.040" /><testcase classname="backend.tests.test_billing_archive_features.TestLeadArchiving" name="test_get_archived_leads_with_date_filter" time="0.044" /><testcase classname="backend.tests.test_billing_archive_features.TestCRMLeadPrices" name="test_get_crms" time="0.107" /><testcase classname="backend.tests.test_billing_archive_features.TestCRMLeadPrices" name="test_crm_has_lead_prices_field" time="0.038" /><testcase classname="backend.tests.test_billing_archive_features.TestCRMLeadPrices" name="test_update_crm_lead_prices" time="0.156" /><testcase classname="backend.tests.test_billing_archive_features.TestCRMLeadPrices" name="test_update_crm_commandes_and_prices" time="0.127" /><testcase classname="backend.tests.test_billing_archive_features.TestFormsProductFilter" name="test_get_forms_without_filter" time="0.128" /><testcase classname="backend.tests.test_billing_archive_features.TestFormsProductFilter" name="test_get_forms_filter_by_panneaux" time="0.053" /><testcase classname="backend.tests.test_billing_archive_features.TestFormsProductFilter" name="test_get_forms_filter_by_pompes" time="0.042" /><testcase classname="backend.tests.test_billing_archive_features.TestFormsProductFilter" name="test_get_forms_filter_by_isolation" time="0.041" /><testcase classname="backend.tests.test_billing_archive_features.TestFormsProductFilter" name="test_get_forms_filter_combined_with_crm" time="0.081" /><testcase classname="backend.tests.test_billing_archive_features.TestBillingIntegration" name="test_billing_amounts_calculation" time="0.118" /><testcase classname="backend.tests.test_billing_archive_features.TestBillingIntegration" name="test_transfers_structure" time="0.041" /></testsuite></testsuites>