<?xml version="1.0" encoding="utf-8"?><testsuites name="pytest tests"><testsuite name="pytest" errors="0" failures="0" skipped="0" tests="13" time="2.504" timestamp="2026-02-14T14:07:25.775632+00:00" hostname="agent-env-5802f0f2-fdcc-4135-b4b4-b42839fe79f2"><testcase classname="tests.test_week_navigation.TestWeekParamEndpoints" name="test_dashboard_stats_with_week" time="0.344" /><testcase classname="tests.test_week_navigation.TestWeekParamEndpoints" name="test_leads_list_with_week" time="0.118" /><testcase classname="tests.test_week_navigation.TestWeekParamEndpoints" name="test_commandes_with_week" time="0.130" /><testcase classname="tests.test_week_navigation.TestWeekParamEndpoints" name="test_commandes_mdl_with_week" time="0.138" /><testcase classname="tests.test_week_navigation.TestWeekParamEndpoints" name="test_deliveries_with_week" time="0.131" /><testcase classname="tests.test_week_navigation.TestWeekParamEndpoints" name="test_event_log_with_week" time="0.110" /><testcase classname="tests.test_week_navigation.TestWeekParamEndpoints" name="test_billing_week" time="0.124" /><testcase classname="tests.test_week_navigation.TestWeekParamEndpoints" name="test_departements_overview_with_week" time="0.154" /><testcase classname="tests.test_week_navigation.TestWeekNavigationBehavior" name="test_dashboard_different_weeks_return_different_data" time="0.431" /><testcase classname="tests.test_week_navigation.TestWeekNavigationBehavior" name="test_leads_list_filtered_by_week" time="0.269" /><testcase classname="tests.test_week_navigation.TestWeekKeyFormat" name="test_week_key_iso_format_accepted" time="0.264" /><testcase classname="tests.test_week_navigation.TestWeekKeyFormat" name="test_week_key_week_53" time="0.103" /><testcase classname="tests.test_week_navigation.TestWeekKeyFormat" name="test_week_range_calculation" time="0.134" /></testsuite></testsuites>